ERROR: 2024-12-17T07:33:01,587 [main] edu.pitt.gallowdd.persephone.util.Utils - org.xml.sax.SAXParseException; systemId: file:/Volumes/LaCie/Persephone_Synthetic_Environment/country/USA/Persephone.v1.0/01001/syntheticEnvironmentInfo.xml; lineNumber: 55; columnNumber: 29; cvc-complex-type.2.4.b: The content of element 'env:synthetic_environment' is not complete. One of '{"http://persephone.gallowdd.pitt.edu/xml/synthenv":location, "http://persephone.gallowdd.pitt.edu/xml/synthenv":agent_location_mapping}' is expected.
ERROR: 2024-12-17T07:33:01,601 [main] edu.pitt.gallowdd.persephone.util.Utils - ERR_XML_VALIDATION: There was an error when trying to Validate XML File: /Volumes/LaCie/Persephone_Synthetic_Environment/country/USA/Persephone.v1.0/01001/syntheticEnvironmentInfo.xml, against XML Schema file: schema/persephoneSyntheticEnvironment.xsd
org.xml.sax.SAXParseException: cvc-complex-type.2.4.b: The content of element 'env:synthetic_environment' is not complete. One of '{"http://persephone.gallowdd.pitt.edu/xml/synthenv":location, "http://persephone.gallowdd.pitt.edu/xml/synthenv":agent_location_mapping}' is expected.
	at java.xml/com.sun.org.apache.xerces.internal.util.ErrorHandlerWrapper.createSAXParseException(ErrorHandlerWrapper.java:204) ~[?:?]
	at java.xml/com.sun.org.apache.xerces.internal.util.ErrorHandlerWrapper.error(ErrorHandlerWrapper.java:135) ~[?:?]
	at java.xml/com.sun.org.apache.xerces.internal.impl.XMLErrorReporter.reportError(XMLErrorReporter.java:396) ~[?:?]
	at java.xml/com.sun.org.apache.xerces.internal.impl.XMLErrorReporter.reportError(XMLErrorReporter.java:327) ~[?:?]
	at java.xml/com.sun.org.apache.xerces.internal.impl.XMLErrorReporter.reportError(XMLErrorReporter.java:284) ~[?:?]
	at java.xml/com.sun.org.apache.xerces.internal.impl.xs.XMLSchemaValidator$XSIErrorReporter.reportError(XMLSchemaValidator.java:512) ~[?:?]
	at java.xml/com.sun.org.apache.xerces.internal.impl.xs.XMLSchemaValidator.reportSchemaError(XMLSchemaValidator.java:3596) ~[?:?]
	at java.xml/com.sun.org.apache.xerces.internal.impl.xs.XMLSchemaValidator.elementLocallyValidComplexType(XMLSchemaValidator.java:3515) ~[?:?]
	at java.xml/com.sun.org.apache.xerces.internal.impl.xs.XMLSchemaValidator.elementLocallyValidType(XMLSchemaValidator.java:3441) ~[?:?]
	at java.xml/com.sun.org.apache.xerces.internal.impl.xs.XMLSchemaValidator.processElementContent(XMLSchemaValidator.java:3343) ~[?:?]
	at java.xml/com.sun.org.apache.xerces.internal.impl.xs.XMLSchemaValidator.handleEndElement(XMLSchemaValidator.java:2373) ~[?:?]
	at java.xml/com.sun.org.apache.xerces.internal.impl.xs.XMLSchemaValidator.endElement(XMLSchemaValidator.java:944) ~[?:?]
	at java.xml/com.sun.org.apache.xerces.internal.impl.XMLDocumentFragmentScannerImpl.scanEndElement(XMLDocumentFragmentScannerImpl.java:1737) ~[?:?]
	at java.xml/com.sun.org.apache.xerces.internal.impl.XMLDocumentFragmentScannerImpl$FragmentContentDriver.next(XMLDocumentFragmentScannerImpl.java:2908) ~[?:?]
	at java.xml/com.sun.org.apache.xerces.internal.impl.XMLDocumentScannerImpl.next(XMLDocumentScannerImpl.java:635) ~[?:?]
	at java.xml/com.sun.org.apache.xerces.internal.impl.XMLNSDocumentScannerImpl.next(XMLNSDocumentScannerImpl.java:113) ~[?:?]
	at java.xml/com.sun.org.apache.xerces.internal.impl.XMLDocumentFragmentScannerImpl.scanDocument(XMLDocumentFragmentScannerImpl.java:551) ~[?:?]
	at java.xml/com.sun.org.apache.xerces.internal.parsers.XML11Configuration.parse(XML11Configuration.java:890) ~[?:?]
	at java.xml/com.sun.org.apache.xerces.internal.parsers.XML11Configuration.parse(XML11Configuration.java:826) ~[?:?]
	at java.xml/com.sun.org.apache.xerces.internal.jaxp.validation.StreamValidatorHelper.validate(StreamValidatorHelper.java:176) ~[?:?]
	at java.xml/com.sun.org.apache.xerces.internal.jaxp.validation.ValidatorImpl.validate(ValidatorImpl.java:115) ~[?:?]
	at java.xml/javax.xml.validation.Validator.validate(Validator.java:124) ~[?:?]
	at edu.pitt.gallowdd.persephone.util.Utils.validateXmlFile(Utils.java:247) [main/:?]
	at edu.pitt.gallowdd.persephone.overseer.Overseer.calculateApproximateMemoryRequirementsForSyntheticEnvironment(Overseer.java:557) [main/:?]
	at edu.pitt.gallowdd.persephone.overseer.Overseer.initTaskSynthEnvArr(Overseer.java:233) [main/:?]
	at edu.pitt.gallowdd.persephone.overseer.Overseer.<init>(Overseer.java:153) [main/:?]
	at edu.pitt.gallowdd.persephone.overseer.Overseer.main(Overseer.java:441) [main/:?]
ERROR: 2024-12-17T07:33:01,671 [main] edu.pitt.gallowdd.persephone.util.Utils - org.xml.sax.SAXParseException; systemId: file:/Volumes/LaCie/Persephone_Synthetic_Environment/country/USA/Persephone.v1.0/01003/syntheticEnvironmentInfo.xml; lineNumber: 55; columnNumber: 29; cvc-complex-type.2.4.b: The content of element 'env:synthetic_environment' is not complete. One of '{"http://persephone.gallowdd.pitt.edu/xml/synthenv":location, "http://persephone.gallowdd.pitt.edu/xml/synthenv":agent_location_mapping}' is expected.
ERROR: 2024-12-17T07:33:01,672 [main] edu.pitt.gallowdd.persephone.util.Utils - ERR_XML_VALIDATION: There was an error when trying to Validate XML File: /Volumes/LaCie/Persephone_Synthetic_Environment/country/USA/Persephone.v1.0/01003/syntheticEnvironmentInfo.xml, against XML Schema file: schema/persephoneSyntheticEnvironment.xsd
org.xml.sax.SAXParseException: cvc-complex-type.2.4.b: The content of element 'env:synthetic_environment' is not complete. One of '{"http://persephone.gallowdd.pitt.edu/xml/synthenv":location, "http://persephone.gallowdd.pitt.edu/xml/synthenv":agent_location_mapping}' is expected.
	at java.xml/com.sun.org.apache.xerces.internal.util.ErrorHandlerWrapper.createSAXParseException(ErrorHandlerWrapper.java:204) ~[?:?]
	at java.xml/com.sun.org.apache.xerces.internal.util.ErrorHandlerWrapper.error(ErrorHandlerWrapper.java:135) ~[?:?]
	at java.xml/com.sun.org.apache.xerces.internal.impl.XMLErrorReporter.reportError(XMLErrorReporter.java:396) ~[?:?]
	at java.xml/com.sun.org.apache.xerces.internal.impl.XMLErrorReporter.reportError(XMLErrorReporter.java:327) ~[?:?]
	at java.xml/com.sun.org.apache.xerces.internal.impl.XMLErrorReporter.reportError(XMLErrorReporter.java:284) ~[?:?]
	at java.xml/com.sun.org.apache.xerces.internal.impl.xs.XMLSchemaValidator$XSIErrorReporter.reportError(XMLSchemaValidator.java:512) ~[?:?]
	at java.xml/com.sun.org.apache.xerces.internal.impl.xs.XMLSchemaValidator.reportSchemaError(XMLSchemaValidator.java:3596) ~[?:?]
	at java.xml/com.sun.org.apache.xerces.internal.impl.xs.XMLSchemaValidator.elementLocallyValidComplexType(XMLSchemaValidator.java:3515) ~[?:?]
	at java.xml/com.sun.org.apache.xerces.internal.impl.xs.XMLSchemaValidator.elementLocallyValidType(XMLSchemaValidator.java:3441) ~[?:?]
	at java.xml/com.sun.org.apache.xerces.internal.impl.xs.XMLSchemaValidator.processElementContent(XMLSchemaValidator.java:3343) ~[?:?]
	at java.xml/com.sun.org.apache.xerces.internal.impl.xs.XMLSchemaValidator.handleEndElement(XMLSchemaValidator.java:2373) ~[?:?]
	at java.xml/com.sun.org.apache.xerces.internal.impl.xs.XMLSchemaValidator.endElement(XMLSchemaValidator.java:944) ~[?:?]
	at java.xml/com.sun.org.apache.xerces.internal.impl.XMLDocumentFragmentScannerImpl.scanEndElement(XMLDocumentFragmentScannerImpl.java:1737) ~[?:?]
	at java.xml/com.sun.org.apache.xerces.internal.impl.XMLDocumentFragmentScannerImpl$FragmentContentDriver.next(XMLDocumentFragmentScannerImpl.java:2908) ~[?:?]
	at java.xml/com.sun.org.apache.xerces.internal.impl.XMLDocumentScannerImpl.next(XMLDocumentScannerImpl.java:635) ~[?:?]
	at java.xml/com.sun.org.apache.xerces.internal.impl.XMLNSDocumentScannerImpl.next(XMLNSDocumentScannerImpl.java:113) ~[?:?]
	at java.xml/com.sun.org.apache.xerces.internal.impl.XMLDocumentFragmentScannerImpl.scanDocument(XMLDocumentFragmentScannerImpl.java:551) ~[?:?]
	at java.xml/com.sun.org.apache.xerces.internal.parsers.XML11Configuration.parse(XML11Configuration.java:890) ~[?:?]
	at java.xml/com.sun.org.apache.xerces.internal.parsers.XML11Configuration.parse(XML11Configuration.java:826) ~[?:?]
	at java.xml/com.sun.org.apache.xerces.internal.jaxp.validation.StreamValidatorHelper.validate(StreamValidatorHelper.java:176) ~[?:?]
	at java.xml/com.sun.org.apache.xerces.internal.jaxp.validation.ValidatorImpl.validate(ValidatorImpl.java:115) ~[?:?]
	at java.xml/javax.xml.validation.Validator.validate(Validator.java:124) ~[?:?]
	at edu.pitt.gallowdd.persephone.util.Utils.validateXmlFile(Utils.java:247) [main/:?]
	at edu.pitt.gallowdd.persephone.overseer.Overseer.calculateApproximateMemoryRequirementsForSyntheticEnvironment(Overseer.java:557) [main/:?]
	at edu.pitt.gallowdd.persephone.overseer.Overseer.initTaskSynthEnvArr(Overseer.java:233) [main/:?]
	at edu.pitt.gallowdd.persephone.overseer.Overseer.<init>(Overseer.java:153) [main/:?]
	at edu.pitt.gallowdd.persephone.overseer.Overseer.main(Overseer.java:441) [main/:?]
ERROR: 2024-12-17T07:33:01,696 [main] edu.pitt.gallowdd.persephone.util.Utils - org.xml.sax.SAXParseException; systemId: file:/Volumes/LaCie/Persephone_Synthetic_Environment/country/USA/Persephone.v1.0/01005/syntheticEnvironmentInfo.xml; lineNumber: 7; columnNumber: 17; cvc-complex-type.2.4.a: Invalid content was found starting with element 'identifier'. One of '{"http://persephone.gallowdd.pitt.edu/xml/synthenv":identifier}' is expected.
ERROR: 2024-12-17T07:33:01,697 [main] edu.pitt.gallowdd.persephone.util.Utils - ERR_XML_VALIDATION: There was an error when trying to Validate XML File: /Volumes/LaCie/Persephone_Synthetic_Environment/country/USA/Persephone.v1.0/01005/syntheticEnvironmentInfo.xml, against XML Schema file: schema/persephoneSyntheticEnvironment.xsd
org.xml.sax.SAXParseException: cvc-complex-type.2.4.a: Invalid content was found starting with element 'identifier'. One of '{"http://persephone.gallowdd.pitt.edu/xml/synthenv":identifier}' is expected.
	at java.xml/com.sun.org.apache.xerces.internal.util.ErrorHandlerWrapper.createSAXParseException(ErrorHandlerWrapper.java:204) ~[?:?]
	at java.xml/com.sun.org.apache.xerces.internal.util.ErrorHandlerWrapper.error(ErrorHandlerWrapper.java:135) ~[?:?]
	at java.xml/com.sun.org.apache.xerces.internal.impl.XMLErrorReporter.reportError(XMLErrorReporter.java:396) ~[?:?]
	at java.xml/com.sun.org.apache.xerces.internal.impl.XMLErrorReporter.reportError(XMLErrorReporter.java:327) ~[?:?]
	at java.xml/com.sun.org.apache.xerces.internal.impl.XMLErrorReporter.reportError(XMLErrorReporter.java:284) ~[?:?]
	at java.xml/com.sun.org.apache.xerces.internal.impl.xs.XMLSchemaValidator$XSIErrorReporter.reportError(XMLSchemaValidator.java:512) ~[?:?]
	at java.xml/com.sun.org.apache.xerces.internal.impl.xs.XMLSchemaValidator.reportSchemaError(XMLSchemaValidator.java:3596) ~[?:?]
	at java.xml/com.sun.org.apache.xerces.internal.impl.xs.XMLSchemaValidator.handleStartElement(XMLSchemaValidator.java:1972) ~[?:?]
	at java.xml/com.sun.org.apache.xerces.internal.impl.xs.XMLSchemaValidator.startElement(XMLSchemaValidator.java:830) ~[?:?]
	at java.xml/com.sun.org.apache.xerces.internal.impl.XMLNSDocumentScannerImpl.scanStartElement(XMLNSDocumentScannerImpl.java:375) ~[?:?]
	at java.xml/com.sun.org.apache.xerces.internal.impl.XMLDocumentFragmentScannerImpl$FragmentContentDriver.next(XMLDocumentFragmentScannerImpl.java:2735) ~[?:?]
	at java.xml/com.sun.org.apache.xerces.internal.impl.XMLDocumentScannerImpl.next(XMLDocumentScannerImpl.java:635) ~[?:?]
	at java.xml/com.sun.org.apache.xerces.internal.impl.XMLNSDocumentScannerImpl.next(XMLNSDocumentScannerImpl.java:113) ~[?:?]
	at java.xml/com.sun.org.apache.xerces.internal.impl.XMLDocumentFragmentScannerImpl.scanDocument(XMLDocumentFragmentScannerImpl.java:551) ~[?:?]
	at java.xml/com.sun.org.apache.xerces.internal.parsers.XML11Configuration.parse(XML11Configuration.java:890) ~[?:?]
	at java.xml/com.sun.org.apache.xerces.internal.parsers.XML11Configuration.parse(XML11Configuration.java:826) ~[?:?]
	at java.xml/com.sun.org.apache.xerces.internal.jaxp.validation.StreamValidatorHelper.validate(StreamValidatorHelper.java:176) ~[?:?]
	at java.xml/com.sun.org.apache.xerces.internal.jaxp.validation.ValidatorImpl.validate(ValidatorImpl.java:115) ~[?:?]
	at java.xml/javax.xml.validation.Validator.validate(Validator.java:124) ~[?:?]
	at edu.pitt.gallowdd.persephone.util.Utils.validateXmlFile(Utils.java:247) [main/:?]
	at edu.pitt.gallowdd.persephone.overseer.Overseer.calculateApproximateMemoryRequirementsForSyntheticEnvironment(Overseer.java:557) [main/:?]
	at edu.pitt.gallowdd.persephone.overseer.Overseer.initTaskSynthEnvArr(Overseer.java:233) [main/:?]
	at edu.pitt.gallowdd.persephone.overseer.Overseer.<init>(Overseer.java:153) [main/:?]
	at edu.pitt.gallowdd.persephone.overseer.Overseer.main(Overseer.java:441) [main/:?]
ERROR: 2024-12-17T07:33:01,750 [main] edu.pitt.gallowdd.persephone.util.Utils - org.xml.sax.SAXParseException; systemId: file:/Volumes/LaCie/Persephone_Synthetic_Environment/country/USA/Persephone.v1.0/01007/syntheticEnvironmentInfo.xml; lineNumber: 2; columnNumber: 81; cvc-elt.1.a: Cannot find the declaration of element 'synthetic_environment'.
ERROR: 2024-12-17T07:33:01,751 [main] edu.pitt.gallowdd.persephone.util.Utils - ERR_XML_VALIDATION: There was an error when trying to Validate XML File: /Volumes/LaCie/Persephone_Synthetic_Environment/country/USA/Persephone.v1.0/01007/syntheticEnvironmentInfo.xml, against XML Schema file: schema/persephoneSyntheticEnvironment.xsd
org.xml.sax.SAXParseException: cvc-elt.1.a: Cannot find the declaration of element 'synthetic_environment'.
	at java.xml/com.sun.org.apache.xerces.internal.util.ErrorHandlerWrapper.createSAXParseException(ErrorHandlerWrapper.java:204) ~[?:?]
	at java.xml/com.sun.org.apache.xerces.internal.util.ErrorHandlerWrapper.error(ErrorHandlerWrapper.java:135) ~[?:?]
	at java.xml/com.sun.org.apache.xerces.internal.impl.XMLErrorReporter.reportError(XMLErrorReporter.java:396) ~[?:?]
	at java.xml/com.sun.org.apache.xerces.internal.impl.XMLErrorReporter.reportError(XMLErrorReporter.java:327) ~[?:?]
	at java.xml/com.sun.org.apache.xerces.internal.impl.XMLErrorReporter.reportError(XMLErrorReporter.java:284) ~[?:?]
	at java.xml/com.sun.org.apache.xerces.internal.impl.xs.XMLSchemaValidator.handleStartElement(XMLSchemaValidator.java:2133) ~[?:?]
	at java.xml/com.sun.org.apache.xerces.internal.impl.xs.XMLSchemaValidator.startElement(XMLSchemaValidator.java:830) ~[?:?]
	at java.xml/com.sun.org.apache.xerces.internal.impl.XMLNSDocumentScannerImpl.scanStartElement(XMLNSDocumentScannerImpl.java:375) ~[?:?]
	at java.xml/com.sun.org.apache.xerces.internal.impl.XMLNSDocumentScannerImpl$NSContentDriver.scanRootElementHook(XMLNSDocumentScannerImpl.java:614) ~[?:?]
	at java.xml/com.sun.org.apache.xerces.internal.impl.XMLDocumentFragmentScannerImpl$FragmentContentDriver.next(XMLDocumentFragmentScannerImpl.java:3088) ~[?:?]
	at java.xml/com.sun.org.apache.xerces.internal.impl.XMLDocumentScannerImpl$PrologDriver.next(XMLDocumentScannerImpl.java:866) ~[?:?]
	at java.xml/com.sun.org.apache.xerces.internal.impl.XMLDocumentScannerImpl.next(XMLDocumentScannerImpl.java:635) ~[?:?]
	at java.xml/com.sun.org.apache.xerces.internal.impl.XMLNSDocumentScannerImpl.next(XMLNSDocumentScannerImpl.java:113) ~[?:?]
	at java.xml/com.sun.org.apache.xerces.internal.impl.XMLDocumentFragmentScannerImpl.scanDocument(XMLDocumentFragmentScannerImpl.java:551) ~[?:?]
	at java.xml/com.sun.org.apache.xerces.internal.parsers.XML11Configuration.parse(XML11Configuration.java:890) ~[?:?]
	at java.xml/com.sun.org.apache.xerces.internal.parsers.XML11Configuration.parse(XML11Configuration.java:826) ~[?:?]
	at java.xml/com.sun.org.apache.xerces.internal.jaxp.validation.StreamValidatorHelper.validate(StreamValidatorHelper.java:176) ~[?:?]
	at java.xml/com.sun.org.apache.xerces.internal.jaxp.validation.ValidatorImpl.validate(ValidatorImpl.java:115) ~[?:?]
	at java.xml/javax.xml.validation.Validator.validate(Validator.java:124) ~[?:?]
	at edu.pitt.gallowdd.persephone.util.Utils.validateXmlFile(Utils.java:247) [main/:?]
	at edu.pitt.gallowdd.persephone.overseer.Overseer.calculateApproximateMemoryRequirementsForSyntheticEnvironment(Overseer.java:557) [main/:?]
	at edu.pitt.gallowdd.persephone.overseer.Overseer.initTaskSynthEnvArr(Overseer.java:233) [main/:?]
	at edu.pitt.gallowdd.persephone.overseer.Overseer.<init>(Overseer.java:153) [main/:?]
	at edu.pitt.gallowdd.persephone.overseer.Overseer.main(Overseer.java:441) [main/:?]
ERROR: 2024-12-17T07:33:01,784 [main] edu.pitt.gallowdd.persephone.util.Utils - org.xml.sax.SAXParseException; systemId: file:/Volumes/LaCie/Persephone_Synthetic_Environment/country/USA/Persephone.v1.0/01009/syntheticEnvironmentInfo.xml; lineNumber: 2; columnNumber: 81; cvc-elt.1.a: Cannot find the declaration of element 'synthetic_environment'.
ERROR: 2024-12-17T07:33:01,784 [main] edu.pitt.gallowdd.persephone.util.Utils - ERR_XML_VALIDATION: There was an error when trying to Validate XML File: /Volumes/LaCie/Persephone_Synthetic_Environment/country/USA/Persephone.v1.0/01009/syntheticEnvironmentInfo.xml, against XML Schema file: schema/persephoneSyntheticEnvironment.xsd
org.xml.sax.SAXParseException: cvc-elt.1.a: Cannot find the declaration of element 'synthetic_environment'.
	at java.xml/com.sun.org.apache.xerces.internal.util.ErrorHandlerWrapper.createSAXParseException(ErrorHandlerWrapper.java:204) ~[?:?]
	at java.xml/com.sun.org.apache.xerces.internal.util.ErrorHandlerWrapper.error(ErrorHandlerWrapper.java:135) ~[?:?]
	at java.xml/com.sun.org.apache.xerces.internal.impl.XMLErrorReporter.reportError(XMLErrorReporter.java:396) ~[?:?]
	at java.xml/com.sun.org.apache.xerces.internal.impl.XMLErrorReporter.reportError(XMLErrorReporter.java:327) ~[?:?]
	at java.xml/com.sun.org.apache.xerces.internal.impl.XMLErrorReporter.reportError(XMLErrorReporter.java:284) ~[?:?]
	at java.xml/com.sun.org.apache.xerces.internal.impl.xs.XMLSchemaValidator.handleStartElement(XMLSchemaValidator.java:2133) ~[?:?]
	at java.xml/com.sun.org.apache.xerces.internal.impl.xs.XMLSchemaValidator.startElement(XMLSchemaValidator.java:830) ~[?:?]
	at java.xml/com.sun.org.apache.xerces.internal.impl.XMLNSDocumentScannerImpl.scanStartElement(XMLNSDocumentScannerImpl.java:375) ~[?:?]
	at java.xml/com.sun.org.apache.xerces.internal.impl.XMLNSDocumentScannerImpl$NSContentDriver.scanRootElementHook(XMLNSDocumentScannerImpl.java:614) ~[?:?]
	at java.xml/com.sun.org.apache.xerces.internal.impl.XMLDocumentFragmentScannerImpl$FragmentContentDriver.next(XMLDocumentFragmentScannerImpl.java:3088) ~[?:?]
	at java.xml/com.sun.org.apache.xerces.internal.impl.XMLDocumentScannerImpl$PrologDriver.next(XMLDocumentScannerImpl.java:866) ~[?:?]
	at java.xml/com.sun.org.apache.xerces.internal.impl.XMLDocumentScannerImpl.next(XMLDocumentScannerImpl.java:635) ~[?:?]
	at java.xml/com.sun.org.apache.xerces.internal.impl.XMLNSDocumentScannerImpl.next(XMLNSDocumentScannerImpl.java:113) ~[?:?]
	at java.xml/com.sun.org.apache.xerces.internal.impl.XMLDocumentFragmentScannerImpl.scanDocument(XMLDocumentFragmentScannerImpl.java:551) ~[?:?]
	at java.xml/com.sun.org.apache.xerces.internal.parsers.XML11Configuration.parse(XML11Configuration.java:890) ~[?:?]
	at java.xml/com.sun.org.apache.xerces.internal.parsers.XML11Configuration.parse(XML11Configuration.java:826) ~[?:?]
	at java.xml/com.sun.org.apache.xerces.internal.jaxp.validation.StreamValidatorHelper.validate(StreamValidatorHelper.java:176) ~[?:?]
	at java.xml/com.sun.org.apache.xerces.internal.jaxp.validation.ValidatorImpl.validate(ValidatorImpl.java:115) ~[?:?]
	at java.xml/javax.xml.validation.Validator.validate(Validator.java:124) ~[?:?]
	at edu.pitt.gallowdd.persephone.util.Utils.validateXmlFile(Utils.java:247) [main/:?]
	at edu.pitt.gallowdd.persephone.overseer.Overseer.calculateApproximateMemoryRequirementsForSyntheticEnvironment(Overseer.java:557) [main/:?]
	at edu.pitt.gallowdd.persephone.overseer.Overseer.initTaskSynthEnvArr(Overseer.java:233) [main/:?]
	at edu.pitt.gallowdd.persephone.overseer.Overseer.<init>(Overseer.java:153) [main/:?]
	at edu.pitt.gallowdd.persephone.overseer.Overseer.main(Overseer.java:441) [main/:?]
ERROR: 2024-12-17T07:33:01,821 [main] edu.pitt.gallowdd.persephone.util.Utils - org.xml.sax.SAXParseException; systemId: file:/Volumes/LaCie/Persephone_Synthetic_Environment/country/USA/Persephone.v1.0/01011/syntheticEnvironmentInfo.xml; lineNumber: 2; columnNumber: 81; cvc-elt.1.a: Cannot find the declaration of element 'synthetic_environment'.
ERROR: 2024-12-17T07:33:01,822 [main] edu.pitt.gallowdd.persephone.util.Utils - ERR_XML_VALIDATION: There was an error when trying to Validate XML File: /Volumes/LaCie/Persephone_Synthetic_Environment/country/USA/Persephone.v1.0/01011/syntheticEnvironmentInfo.xml, against XML Schema file: schema/persephoneSyntheticEnvironment.xsd
org.xml.sax.SAXParseException: cvc-elt.1.a: Cannot find the declaration of element 'synthetic_environment'.
	at java.xml/com.sun.org.apache.xerces.internal.util.ErrorHandlerWrapper.createSAXParseException(ErrorHandlerWrapper.java:204) ~[?:?]
	at java.xml/com.sun.org.apache.xerces.internal.util.ErrorHandlerWrapper.error(ErrorHandlerWrapper.java:135) ~[?:?]
	at java.xml/com.sun.org.apache.xerces.internal.impl.XMLErrorReporter.reportError(XMLErrorReporter.java:396) ~[?:?]
	at java.xml/com.sun.org.apache.xerces.internal.impl.XMLErrorReporter.reportError(XMLErrorReporter.java:327) ~[?:?]
	at java.xml/com.sun.org.apache.xerces.internal.impl.XMLErrorReporter.reportError(XMLErrorReporter.java:284) ~[?:?]
	at java.xml/com.sun.org.apache.xerces.internal.impl.xs.XMLSchemaValidator.handleStartElement(XMLSchemaValidator.java:2133) ~[?:?]
	at java.xml/com.sun.org.apache.xerces.internal.impl.xs.XMLSchemaValidator.startElement(XMLSchemaValidator.java:830) ~[?:?]
	at java.xml/com.sun.org.apache.xerces.internal.impl.XMLNSDocumentScannerImpl.scanStartElement(XMLNSDocumentScannerImpl.java:375) ~[?:?]
	at java.xml/com.sun.org.apache.xerces.internal.impl.XMLNSDocumentScannerImpl$NSContentDriver.scanRootElementHook(XMLNSDocumentScannerImpl.java:614) ~[?:?]
	at java.xml/com.sun.org.apache.xerces.internal.impl.XMLDocumentFragmentScannerImpl$FragmentContentDriver.next(XMLDocumentFragmentScannerImpl.java:3088) ~[?:?]
	at java.xml/com.sun.org.apache.xerces.internal.impl.XMLDocumentScannerImpl$PrologDriver.next(XMLDocumentScannerImpl.java:866) ~[?:?]
	at java.xml/com.sun.org.apache.xerces.internal.impl.XMLDocumentScannerImpl.next(XMLDocumentScannerImpl.java:635) ~[?:?]
	at java.xml/com.sun.org.apache.xerces.internal.impl.XMLNSDocumentScannerImpl.next(XMLNSDocumentScannerImpl.java:113) ~[?:?]
	at java.xml/com.sun.org.apache.xerces.internal.impl.XMLDocumentFragmentScannerImpl.scanDocument(XMLDocumentFragmentScannerImpl.java:551) ~[?:?]
	at java.xml/com.sun.org.apache.xerces.internal.parsers.XML11Configuration.parse(XML11Configuration.java:890) ~[?:?]
	at java.xml/com.sun.org.apache.xerces.internal.parsers.XML11Configuration.parse(XML11Configuration.java:826) ~[?:?]
	at java.xml/com.sun.org.apache.xerces.internal.jaxp.validation.StreamValidatorHelper.validate(StreamValidatorHelper.java:176) ~[?:?]
	at java.xml/com.sun.org.apache.xerces.internal.jaxp.validation.ValidatorImpl.validate(ValidatorImpl.java:115) ~[?:?]
	at java.xml/javax.xml.validation.Validator.validate(Validator.java:124) ~[?:?]
	at edu.pitt.gallowdd.persephone.util.Utils.validateXmlFile(Utils.java:247) [main/:?]
	at edu.pitt.gallowdd.persephone.overseer.Overseer.calculateApproximateMemoryRequirementsForSyntheticEnvironment(Overseer.java:557) [main/:?]
	at edu.pitt.gallowdd.persephone.overseer.Overseer.initTaskSynthEnvArr(Overseer.java:233) [main/:?]
	at edu.pitt.gallowdd.persephone.overseer.Overseer.<init>(Overseer.java:153) [main/:?]
	at edu.pitt.gallowdd.persephone.overseer.Overseer.main(Overseer.java:441) [main/:?]
ERROR: 2024-12-17T09:49:41,135 [main] edu.pitt.gallowdd.persephone.util.Utils - org.xml.sax.SAXParseException; systemId: file:/Volumes/LaCie/Persephone_Synthetic_Environment/country/USA/Persephone.v1.0/01001/syntheticEnvironmentInfo.xml; lineNumber: 55; columnNumber: 29; cvc-complex-type.2.4.b: The content of element 'env:synthetic_environment' is not complete. One of '{"http://persephone.gallowdd.pitt.edu/xml/synthenv":location, "http://persephone.gallowdd.pitt.edu/xml/synthenv":agent_location_mapping}' is expected.
ERROR: 2024-12-17T09:49:41,139 [main] edu.pitt.gallowdd.persephone.util.Utils - ERR_XML_VALIDATION: There was an error when trying to Validate XML File: /Volumes/LaCie/Persephone_Synthetic_Environment/country/USA/Persephone.v1.0/01001/syntheticEnvironmentInfo.xml, against XML Schema file: schema/persephoneSyntheticEnvironment.xsd
org.xml.sax.SAXParseException: cvc-complex-type.2.4.b: The content of element 'env:synthetic_environment' is not complete. One of '{"http://persephone.gallowdd.pitt.edu/xml/synthenv":location, "http://persephone.gallowdd.pitt.edu/xml/synthenv":agent_location_mapping}' is expected.
	at java.xml/com.sun.org.apache.xerces.internal.util.ErrorHandlerWrapper.createSAXParseException(ErrorHandlerWrapper.java:204) ~[?:?]
	at java.xml/com.sun.org.apache.xerces.internal.util.ErrorHandlerWrapper.error(ErrorHandlerWrapper.java:135) ~[?:?]
	at java.xml/com.sun.org.apache.xerces.internal.impl.XMLErrorReporter.reportError(XMLErrorReporter.java:396) ~[?:?]
	at java.xml/com.sun.org.apache.xerces.internal.impl.XMLErrorReporter.reportError(XMLErrorReporter.java:327) ~[?:?]
	at java.xml/com.sun.org.apache.xerces.internal.impl.XMLErrorReporter.reportError(XMLErrorReporter.java:284) ~[?:?]
	at java.xml/com.sun.org.apache.xerces.internal.impl.xs.XMLSchemaValidator$XSIErrorReporter.reportError(XMLSchemaValidator.java:512) ~[?:?]
	at java.xml/com.sun.org.apache.xerces.internal.impl.xs.XMLSchemaValidator.reportSchemaError(XMLSchemaValidator.java:3596) ~[?:?]
	at java.xml/com.sun.org.apache.xerces.internal.impl.xs.XMLSchemaValidator.elementLocallyValidComplexType(XMLSchemaValidator.java:3515) ~[?:?]
	at java.xml/com.sun.org.apache.xerces.internal.impl.xs.XMLSchemaValidator.elementLocallyValidType(XMLSchemaValidator.java:3441) ~[?:?]
	at java.xml/com.sun.org.apache.xerces.internal.impl.xs.XMLSchemaValidator.processElementContent(XMLSchemaValidator.java:3343) ~[?:?]
	at java.xml/com.sun.org.apache.xerces.internal.impl.xs.XMLSchemaValidator.handleEndElement(XMLSchemaValidator.java:2373) ~[?:?]
	at java.xml/com.sun.org.apache.xerces.internal.impl.xs.XMLSchemaValidator.endElement(XMLSchemaValidator.java:944) ~[?:?]
	at java.xml/com.sun.org.apache.xerces.internal.impl.XMLDocumentFragmentScannerImpl.scanEndElement(XMLDocumentFragmentScannerImpl.java:1737) ~[?:?]
	at java.xml/com.sun.org.apache.xerces.internal.impl.XMLDocumentFragmentScannerImpl$FragmentContentDriver.next(XMLDocumentFragmentScannerImpl.java:2908) ~[?:?]
	at java.xml/com.sun.org.apache.xerces.internal.impl.XMLDocumentScannerImpl.next(XMLDocumentScannerImpl.java:635) ~[?:?]
	at java.xml/com.sun.org.apache.xerces.internal.impl.XMLNSDocumentScannerImpl.next(XMLNSDocumentScannerImpl.java:113) ~[?:?]
	at java.xml/com.sun.org.apache.xerces.internal.impl.XMLDocumentFragmentScannerImpl.scanDocument(XMLDocumentFragmentScannerImpl.java:551) ~[?:?]
	at java.xml/com.sun.org.apache.xerces.internal.parsers.XML11Configuration.parse(XML11Configuration.java:890) ~[?:?]
	at java.xml/com.sun.org.apache.xerces.internal.parsers.XML11Configuration.parse(XML11Configuration.java:826) ~[?:?]
	at java.xml/com.sun.org.apache.xerces.internal.jaxp.validation.StreamValidatorHelper.validate(StreamValidatorHelper.java:176) ~[?:?]
	at java.xml/com.sun.org.apache.xerces.internal.jaxp.validation.ValidatorImpl.validate(ValidatorImpl.java:115) ~[?:?]
	at java.xml/javax.xml.validation.Validator.validate(Validator.java:124) ~[?:?]
	at edu.pitt.gallowdd.persephone.util.Utils.validateXmlFile(Utils.java:247) [main/:?]
	at edu.pitt.gallowdd.persephone.overseer.Overseer.calculateApproximateMemoryRequirementsForSyntheticEnvironment(Overseer.java:558) [main/:?]
	at edu.pitt.gallowdd.persephone.overseer.Overseer.initTaskSynthEnvArr(Overseer.java:233) [main/:?]
	at edu.pitt.gallowdd.persephone.overseer.Overseer.<init>(Overseer.java:153) [main/:?]
	at edu.pitt.gallowdd.persephone.overseer.Overseer.main(Overseer.java:441) [main/:?]
ERROR: 2024-12-17T09:49:41,212 [main] edu.pitt.gallowdd.persephone.util.Utils - org.xml.sax.SAXParseException; systemId: file:/Volumes/LaCie/Persephone_Synthetic_Environment/country/USA/Persephone.v1.0/01003/syntheticEnvironmentInfo.xml; lineNumber: 55; columnNumber: 29; cvc-complex-type.2.4.b: The content of element 'env:synthetic_environment' is not complete. One of '{"http://persephone.gallowdd.pitt.edu/xml/synthenv":location, "http://persephone.gallowdd.pitt.edu/xml/synthenv":agent_location_mapping}' is expected.
ERROR: 2024-12-17T09:49:41,213 [main] edu.pitt.gallowdd.persephone.util.Utils - ERR_XML_VALIDATION: There was an error when trying to Validate XML File: /Volumes/LaCie/Persephone_Synthetic_Environment/country/USA/Persephone.v1.0/01003/syntheticEnvironmentInfo.xml, against XML Schema file: schema/persephoneSyntheticEnvironment.xsd
org.xml.sax.SAXParseException: cvc-complex-type.2.4.b: The content of element 'env:synthetic_environment' is not complete. One of '{"http://persephone.gallowdd.pitt.edu/xml/synthenv":location, "http://persephone.gallowdd.pitt.edu/xml/synthenv":agent_location_mapping}' is expected.
	at java.xml/com.sun.org.apache.xerces.internal.util.ErrorHandlerWrapper.createSAXParseException(ErrorHandlerWrapper.java:204) ~[?:?]
	at java.xml/com.sun.org.apache.xerces.internal.util.ErrorHandlerWrapper.error(ErrorHandlerWrapper.java:135) ~[?:?]
	at java.xml/com.sun.org.apache.xerces.internal.impl.XMLErrorReporter.reportError(XMLErrorReporter.java:396) ~[?:?]
	at java.xml/com.sun.org.apache.xerces.internal.impl.XMLErrorReporter.reportError(XMLErrorReporter.java:327) ~[?:?]
	at java.xml/com.sun.org.apache.xerces.internal.impl.XMLErrorReporter.reportError(XMLErrorReporter.java:284) ~[?:?]
	at java.xml/com.sun.org.apache.xerces.internal.impl.xs.XMLSchemaValidator$XSIErrorReporter.reportError(XMLSchemaValidator.java:512) ~[?:?]
	at java.xml/com.sun.org.apache.xerces.internal.impl.xs.XMLSchemaValidator.reportSchemaError(XMLSchemaValidator.java:3596) ~[?:?]
	at java.xml/com.sun.org.apache.xerces.internal.impl.xs.XMLSchemaValidator.elementLocallyValidComplexType(XMLSchemaValidator.java:3515) ~[?:?]
	at java.xml/com.sun.org.apache.xerces.internal.impl.xs.XMLSchemaValidator.elementLocallyValidType(XMLSchemaValidator.java:3441) ~[?:?]
	at java.xml/com.sun.org.apache.xerces.internal.impl.xs.XMLSchemaValidator.processElementContent(XMLSchemaValidator.java:3343) ~[?:?]
	at java.xml/com.sun.org.apache.xerces.internal.impl.xs.XMLSchemaValidator.handleEndElement(XMLSchemaValidator.java:2373) ~[?:?]
	at java.xml/com.sun.org.apache.xerces.internal.impl.xs.XMLSchemaValidator.endElement(XMLSchemaValidator.java:944) ~[?:?]
	at java.xml/com.sun.org.apache.xerces.internal.impl.XMLDocumentFragmentScannerImpl.scanEndElement(XMLDocumentFragmentScannerImpl.java:1737) ~[?:?]
	at java.xml/com.sun.org.apache.xerces.internal.impl.XMLDocumentFragmentScannerImpl$FragmentContentDriver.next(XMLDocumentFragmentScannerImpl.java:2908) ~[?:?]
	at java.xml/com.sun.org.apache.xerces.internal.impl.XMLDocumentScannerImpl.next(XMLDocumentScannerImpl.java:635) ~[?:?]
	at java.xml/com.sun.org.apache.xerces.internal.impl.XMLNSDocumentScannerImpl.next(XMLNSDocumentScannerImpl.java:113) ~[?:?]
	at java.xml/com.sun.org.apache.xerces.internal.impl.XMLDocumentFragmentScannerImpl.scanDocument(XMLDocumentFragmentScannerImpl.java:551) ~[?:?]
	at java.xml/com.sun.org.apache.xerces.internal.parsers.XML11Configuration.parse(XML11Configuration.java:890) ~[?:?]
	at java.xml/com.sun.org.apache.xerces.internal.parsers.XML11Configuration.parse(XML11Configuration.java:826) ~[?:?]
	at java.xml/com.sun.org.apache.xerces.internal.jaxp.validation.StreamValidatorHelper.validate(StreamValidatorHelper.java:176) ~[?:?]
	at java.xml/com.sun.org.apache.xerces.internal.jaxp.validation.ValidatorImpl.validate(ValidatorImpl.java:115) ~[?:?]
	at java.xml/javax.xml.validation.Validator.validate(Validator.java:124) ~[?:?]
	at edu.pitt.gallowdd.persephone.util.Utils.validateXmlFile(Utils.java:247) [main/:?]
	at edu.pitt.gallowdd.persephone.overseer.Overseer.calculateApproximateMemoryRequirementsForSyntheticEnvironment(Overseer.java:558) [main/:?]
	at edu.pitt.gallowdd.persephone.overseer.Overseer.initTaskSynthEnvArr(Overseer.java:233) [main/:?]
	at edu.pitt.gallowdd.persephone.overseer.Overseer.<init>(Overseer.java:153) [main/:?]
	at edu.pitt.gallowdd.persephone.overseer.Overseer.main(Overseer.java:441) [main/:?]
ERROR: 2024-12-17T09:49:41,229 [main] edu.pitt.gallowdd.persephone.util.Utils - org.xml.sax.SAXParseException; systemId: file:/Volumes/LaCie/Persephone_Synthetic_Environment/country/USA/Persephone.v1.0/01005/syntheticEnvironmentInfo.xml; lineNumber: 7; columnNumber: 17; cvc-complex-type.2.4.a: Invalid content was found starting with element 'identifier'. One of '{"http://persephone.gallowdd.pitt.edu/xml/synthenv":identifier}' is expected.
ERROR: 2024-12-17T09:49:41,229 [main] edu.pitt.gallowdd.persephone.util.Utils - ERR_XML_VALIDATION: There was an error when trying to Validate XML File: /Volumes/LaCie/Persephone_Synthetic_Environment/country/USA/Persephone.v1.0/01005/syntheticEnvironmentInfo.xml, against XML Schema file: schema/persephoneSyntheticEnvironment.xsd
org.xml.sax.SAXParseException: cvc-complex-type.2.4.a: Invalid content was found starting with element 'identifier'. One of '{"http://persephone.gallowdd.pitt.edu/xml/synthenv":identifier}' is expected.
	at java.xml/com.sun.org.apache.xerces.internal.util.ErrorHandlerWrapper.createSAXParseException(ErrorHandlerWrapper.java:204) ~[?:?]
	at java.xml/com.sun.org.apache.xerces.internal.util.ErrorHandlerWrapper.error(ErrorHandlerWrapper.java:135) ~[?:?]
	at java.xml/com.sun.org.apache.xerces.internal.impl.XMLErrorReporter.reportError(XMLErrorReporter.java:396) ~[?:?]
	at java.xml/com.sun.org.apache.xerces.internal.impl.XMLErrorReporter.reportError(XMLErrorReporter.java:327) ~[?:?]
	at java.xml/com.sun.org.apache.xerces.internal.impl.XMLErrorReporter.reportError(XMLErrorReporter.java:284) ~[?:?]
	at java.xml/com.sun.org.apache.xerces.internal.impl.xs.XMLSchemaValidator$XSIErrorReporter.reportError(XMLSchemaValidator.java:512) ~[?:?]
	at java.xml/com.sun.org.apache.xerces.internal.impl.xs.XMLSchemaValidator.reportSchemaError(XMLSchemaValidator.java:3596) ~[?:?]
	at java.xml/com.sun.org.apache.xerces.internal.impl.xs.XMLSchemaValidator.handleStartElement(XMLSchemaValidator.java:1972) ~[?:?]
	at java.xml/com.sun.org.apache.xerces.internal.impl.xs.XMLSchemaValidator.startElement(XMLSchemaValidator.java:830) ~[?:?]
	at java.xml/com.sun.org.apache.xerces.internal.impl.XMLNSDocumentScannerImpl.scanStartElement(XMLNSDocumentScannerImpl.java:375) ~[?:?]
	at java.xml/com.sun.org.apache.xerces.internal.impl.XMLDocumentFragmentScannerImpl$FragmentContentDriver.next(XMLDocumentFragmentScannerImpl.java:2735) ~[?:?]
	at java.xml/com.sun.org.apache.xerces.internal.impl.XMLDocumentScannerImpl.next(XMLDocumentScannerImpl.java:635) ~[?:?]
	at java.xml/com.sun.org.apache.xerces.internal.impl.XMLNSDocumentScannerImpl.next(XMLNSDocumentScannerImpl.java:113) ~[?:?]
	at java.xml/com.sun.org.apache.xerces.internal.impl.XMLDocumentFragmentScannerImpl.scanDocument(XMLDocumentFragmentScannerImpl.java:551) ~[?:?]
	at java.xml/com.sun.org.apache.xerces.internal.parsers.XML11Configuration.parse(XML11Configuration.java:890) ~[?:?]
	at java.xml/com.sun.org.apache.xerces.internal.parsers.XML11Configuration.parse(XML11Configuration.java:826) ~[?:?]
	at java.xml/com.sun.org.apache.xerces.internal.jaxp.validation.StreamValidatorHelper.validate(StreamValidatorHelper.java:176) ~[?:?]
	at java.xml/com.sun.org.apache.xerces.internal.jaxp.validation.ValidatorImpl.validate(ValidatorImpl.java:115) ~[?:?]
	at java.xml/javax.xml.validation.Validator.validate(Validator.java:124) ~[?:?]
	at edu.pitt.gallowdd.persephone.util.Utils.validateXmlFile(Utils.java:247) [main/:?]
	at edu.pitt.gallowdd.persephone.overseer.Overseer.calculateApproximateMemoryRequirementsForSyntheticEnvironment(Overseer.java:558) [main/:?]
	at edu.pitt.gallowdd.persephone.overseer.Overseer.initTaskSynthEnvArr(Overseer.java:233) [main/:?]
	at edu.pitt.gallowdd.persephone.overseer.Overseer.<init>(Overseer.java:153) [main/:?]
	at edu.pitt.gallowdd.persephone.overseer.Overseer.main(Overseer.java:441) [main/:?]
ERROR: 2024-12-17T09:49:41,285 [main] edu.pitt.gallowdd.persephone.util.Utils - org.xml.sax.SAXParseException; systemId: file:/Volumes/LaCie/Persephone_Synthetic_Environment/country/USA/Persephone.v1.0/01007/syntheticEnvironmentInfo.xml; lineNumber: 2; columnNumber: 81; cvc-elt.1.a: Cannot find the declaration of element 'synthetic_environment'.
ERROR: 2024-12-17T09:49:41,285 [main] edu.pitt.gallowdd.persephone.util.Utils - ERR_XML_VALIDATION: There was an error when trying to Validate XML File: /Volumes/LaCie/Persephone_Synthetic_Environment/country/USA/Persephone.v1.0/01007/syntheticEnvironmentInfo.xml, against XML Schema file: schema/persephoneSyntheticEnvironment.xsd
org.xml.sax.SAXParseException: cvc-elt.1.a: Cannot find the declaration of element 'synthetic_environment'.
	at java.xml/com.sun.org.apache.xerces.internal.util.ErrorHandlerWrapper.createSAXParseException(ErrorHandlerWrapper.java:204) ~[?:?]
	at java.xml/com.sun.org.apache.xerces.internal.util.ErrorHandlerWrapper.error(ErrorHandlerWrapper.java:135) ~[?:?]
	at java.xml/com.sun.org.apache.xerces.internal.impl.XMLErrorReporter.reportError(XMLErrorReporter.java:396) ~[?:?]
	at java.xml/com.sun.org.apache.xerces.internal.impl.XMLErrorReporter.reportError(XMLErrorReporter.java:327) ~[?:?]
	at java.xml/com.sun.org.apache.xerces.internal.impl.XMLErrorReporter.reportError(XMLErrorReporter.java:284) ~[?:?]
	at java.xml/com.sun.org.apache.xerces.internal.impl.xs.XMLSchemaValidator.handleStartElement(XMLSchemaValidator.java:2133) ~[?:?]
	at java.xml/com.sun.org.apache.xerces.internal.impl.xs.XMLSchemaValidator.startElement(XMLSchemaValidator.java:830) ~[?:?]
	at java.xml/com.sun.org.apache.xerces.internal.impl.XMLNSDocumentScannerImpl.scanStartElement(XMLNSDocumentScannerImpl.java:375) ~[?:?]
	at java.xml/com.sun.org.apache.xerces.internal.impl.XMLNSDocumentScannerImpl$NSContentDriver.scanRootElementHook(XMLNSDocumentScannerImpl.java:614) ~[?:?]
	at java.xml/com.sun.org.apache.xerces.internal.impl.XMLDocumentFragmentScannerImpl$FragmentContentDriver.next(XMLDocumentFragmentScannerImpl.java:3088) ~[?:?]
	at java.xml/com.sun.org.apache.xerces.internal.impl.XMLDocumentScannerImpl$PrologDriver.next(XMLDocumentScannerImpl.java:866) ~[?:?]
	at java.xml/com.sun.org.apache.xerces.internal.impl.XMLDocumentScannerImpl.next(XMLDocumentScannerImpl.java:635) ~[?:?]
	at java.xml/com.sun.org.apache.xerces.internal.impl.XMLNSDocumentScannerImpl.next(XMLNSDocumentScannerImpl.java:113) ~[?:?]
	at java.xml/com.sun.org.apache.xerces.internal.impl.XMLDocumentFragmentScannerImpl.scanDocument(XMLDocumentFragmentScannerImpl.java:551) ~[?:?]
	at java.xml/com.sun.org.apache.xerces.internal.parsers.XML11Configuration.parse(XML11Configuration.java:890) ~[?:?]
	at java.xml/com.sun.org.apache.xerces.internal.parsers.XML11Configuration.parse(XML11Configuration.java:826) ~[?:?]
	at java.xml/com.sun.org.apache.xerces.internal.jaxp.validation.StreamValidatorHelper.validate(StreamValidatorHelper.java:176) ~[?:?]
	at java.xml/com.sun.org.apache.xerces.internal.jaxp.validation.ValidatorImpl.validate(ValidatorImpl.java:115) ~[?:?]
	at java.xml/javax.xml.validation.Validator.validate(Validator.java:124) ~[?:?]
	at edu.pitt.gallowdd.persephone.util.Utils.validateXmlFile(Utils.java:247) [main/:?]
	at edu.pitt.gallowdd.persephone.overseer.Overseer.calculateApproximateMemoryRequirementsForSyntheticEnvironment(Overseer.java:558) [main/:?]
	at edu.pitt.gallowdd.persephone.overseer.Overseer.initTaskSynthEnvArr(Overseer.java:233) [main/:?]
	at edu.pitt.gallowdd.persephone.overseer.Overseer.<init>(Overseer.java:153) [main/:?]
	at edu.pitt.gallowdd.persephone.overseer.Overseer.main(Overseer.java:441) [main/:?]
ERROR: 2024-12-17T09:49:41,317 [main] edu.pitt.gallowdd.persephone.util.Utils - org.xml.sax.SAXParseException; systemId: file:/Volumes/LaCie/Persephone_Synthetic_Environment/country/USA/Persephone.v1.0/01009/syntheticEnvironmentInfo.xml; lineNumber: 2; columnNumber: 81; cvc-elt.1.a: Cannot find the declaration of element 'synthetic_environment'.
ERROR: 2024-12-17T09:49:41,318 [main] edu.pitt.gallowdd.persephone.util.Utils - ERR_XML_VALIDATION: There was an error when trying to Validate XML File: /Volumes/LaCie/Persephone_Synthetic_Environment/country/USA/Persephone.v1.0/01009/syntheticEnvironmentInfo.xml, against XML Schema file: schema/persephoneSyntheticEnvironment.xsd
org.xml.sax.SAXParseException: cvc-elt.1.a: Cannot find the declaration of element 'synthetic_environment'.
	at java.xml/com.sun.org.apache.xerces.internal.util.ErrorHandlerWrapper.createSAXParseException(ErrorHandlerWrapper.java:204) ~[?:?]
	at java.xml/com.sun.org.apache.xerces.internal.util.ErrorHandlerWrapper.error(ErrorHandlerWrapper.java:135) ~[?:?]
	at java.xml/com.sun.org.apache.xerces.internal.impl.XMLErrorReporter.reportError(XMLErrorReporter.java:396) ~[?:?]
	at java.xml/com.sun.org.apache.xerces.internal.impl.XMLErrorReporter.reportError(XMLErrorReporter.java:327) ~[?:?]
	at java.xml/com.sun.org.apache.xerces.internal.impl.XMLErrorReporter.reportError(XMLErrorReporter.java:284) ~[?:?]
	at java.xml/com.sun.org.apache.xerces.internal.impl.xs.XMLSchemaValidator.handleStartElement(XMLSchemaValidator.java:2133) ~[?:?]
	at java.xml/com.sun.org.apache.xerces.internal.impl.xs.XMLSchemaValidator.startElement(XMLSchemaValidator.java:830) ~[?:?]
	at java.xml/com.sun.org.apache.xerces.internal.impl.XMLNSDocumentScannerImpl.scanStartElement(XMLNSDocumentScannerImpl.java:375) ~[?:?]
	at java.xml/com.sun.org.apache.xerces.internal.impl.XMLNSDocumentScannerImpl$NSContentDriver.scanRootElementHook(XMLNSDocumentScannerImpl.java:614) ~[?:?]
	at java.xml/com.sun.org.apache.xerces.internal.impl.XMLDocumentFragmentScannerImpl$FragmentContentDriver.next(XMLDocumentFragmentScannerImpl.java:3088) ~[?:?]
	at java.xml/com.sun.org.apache.xerces.internal.impl.XMLDocumentScannerImpl$PrologDriver.next(XMLDocumentScannerImpl.java:866) ~[?:?]
	at java.xml/com.sun.org.apache.xerces.internal.impl.XMLDocumentScannerImpl.next(XMLDocumentScannerImpl.java:635) ~[?:?]
	at java.xml/com.sun.org.apache.xerces.internal.impl.XMLNSDocumentScannerImpl.next(XMLNSDocumentScannerImpl.java:113) ~[?:?]
	at java.xml/com.sun.org.apache.xerces.internal.impl.XMLDocumentFragmentScannerImpl.scanDocument(XMLDocumentFragmentScannerImpl.java:551) ~[?:?]
	at java.xml/com.sun.org.apache.xerces.internal.parsers.XML11Configuration.parse(XML11Configuration.java:890) ~[?:?]
	at java.xml/com.sun.org.apache.xerces.internal.parsers.XML11Configuration.parse(XML11Configuration.java:826) ~[?:?]
	at java.xml/com.sun.org.apache.xerces.internal.jaxp.validation.StreamValidatorHelper.validate(StreamValidatorHelper.java:176) ~[?:?]
	at java.xml/com.sun.org.apache.xerces.internal.jaxp.validation.ValidatorImpl.validate(ValidatorImpl.java:115) ~[?:?]
	at java.xml/javax.xml.validation.Validator.validate(Validator.java:124) ~[?:?]
	at edu.pitt.gallowdd.persephone.util.Utils.validateXmlFile(Utils.java:247) [main/:?]
	at edu.pitt.gallowdd.persephone.overseer.Overseer.calculateApproximateMemoryRequirementsForSyntheticEnvironment(Overseer.java:558) [main/:?]
	at edu.pitt.gallowdd.persephone.overseer.Overseer.initTaskSynthEnvArr(Overseer.java:233) [main/:?]
	at edu.pitt.gallowdd.persephone.overseer.Overseer.<init>(Overseer.java:153) [main/:?]
	at edu.pitt.gallowdd.persephone.overseer.Overseer.main(Overseer.java:441) [main/:?]
ERROR: 2024-12-17T09:49:41,354 [main] edu.pitt.gallowdd.persephone.util.Utils - org.xml.sax.SAXParseException; systemId: file:/Volumes/LaCie/Persephone_Synthetic_Environment/country/USA/Persephone.v1.0/01011/syntheticEnvironmentInfo.xml; lineNumber: 2; columnNumber: 81; cvc-elt.1.a: Cannot find the declaration of element 'synthetic_environment'.
ERROR: 2024-12-17T09:49:41,354 [main] edu.pitt.gallowdd.persephone.util.Utils - ERR_XML_VALIDATION: There was an error when trying to Validate XML File: /Volumes/LaCie/Persephone_Synthetic_Environment/country/USA/Persephone.v1.0/01011/syntheticEnvironmentInfo.xml, against XML Schema file: schema/persephoneSyntheticEnvironment.xsd
org.xml.sax.SAXParseException: cvc-elt.1.a: Cannot find the declaration of element 'synthetic_environment'.
	at java.xml/com.sun.org.apache.xerces.internal.util.ErrorHandlerWrapper.createSAXParseException(ErrorHandlerWrapper.java:204) ~[?:?]
	at java.xml/com.sun.org.apache.xerces.internal.util.ErrorHandlerWrapper.error(ErrorHandlerWrapper.java:135) ~[?:?]
	at java.xml/com.sun.org.apache.xerces.internal.impl.XMLErrorReporter.reportError(XMLErrorReporter.java:396) ~[?:?]
	at java.xml/com.sun.org.apache.xerces.internal.impl.XMLErrorReporter.reportError(XMLErrorReporter.java:327) ~[?:?]
	at java.xml/com.sun.org.apache.xerces.internal.impl.XMLErrorReporter.reportError(XMLErrorReporter.java:284) ~[?:?]
	at java.xml/com.sun.org.apache.xerces.internal.impl.xs.XMLSchemaValidator.handleStartElement(XMLSchemaValidator.java:2133) ~[?:?]
	at java.xml/com.sun.org.apache.xerces.internal.impl.xs.XMLSchemaValidator.startElement(XMLSchemaValidator.java:830) ~[?:?]
	at java.xml/com.sun.org.apache.xerces.internal.impl.XMLNSDocumentScannerImpl.scanStartElement(XMLNSDocumentScannerImpl.java:375) ~[?:?]
	at java.xml/com.sun.org.apache.xerces.internal.impl.XMLNSDocumentScannerImpl$NSContentDriver.scanRootElementHook(XMLNSDocumentScannerImpl.java:614) ~[?:?]
	at java.xml/com.sun.org.apache.xerces.internal.impl.XMLDocumentFragmentScannerImpl$FragmentContentDriver.next(XMLDocumentFragmentScannerImpl.java:3088) ~[?:?]
	at java.xml/com.sun.org.apache.xerces.internal.impl.XMLDocumentScannerImpl$PrologDriver.next(XMLDocumentScannerImpl.java:866) ~[?:?]
	at java.xml/com.sun.org.apache.xerces.internal.impl.XMLDocumentScannerImpl.next(XMLDocumentScannerImpl.java:635) ~[?:?]
	at java.xml/com.sun.org.apache.xerces.internal.impl.XMLNSDocumentScannerImpl.next(XMLNSDocumentScannerImpl.java:113) ~[?:?]
	at java.xml/com.sun.org.apache.xerces.internal.impl.XMLDocumentFragmentScannerImpl.scanDocument(XMLDocumentFragmentScannerImpl.java:551) ~[?:?]
	at java.xml/com.sun.org.apache.xerces.internal.parsers.XML11Configuration.parse(XML11Configuration.java:890) ~[?:?]
	at java.xml/com.sun.org.apache.xerces.internal.parsers.XML11Configuration.parse(XML11Configuration.java:826) ~[?:?]
	at java.xml/com.sun.org.apache.xerces.internal.jaxp.validation.StreamValidatorHelper.validate(StreamValidatorHelper.java:176) ~[?:?]
	at java.xml/com.sun.org.apache.xerces.internal.jaxp.validation.ValidatorImpl.validate(ValidatorImpl.java:115) ~[?:?]
	at java.xml/javax.xml.validation.Validator.validate(Validator.java:124) ~[?:?]
	at edu.pitt.gallowdd.persephone.util.Utils.validateXmlFile(Utils.java:247) [main/:?]
	at edu.pitt.gallowdd.persephone.overseer.Overseer.calculateApproximateMemoryRequirementsForSyntheticEnvironment(Overseer.java:558) [main/:?]
	at edu.pitt.gallowdd.persephone.overseer.Overseer.initTaskSynthEnvArr(Overseer.java:233) [main/:?]
	at edu.pitt.gallowdd.persephone.overseer.Overseer.<init>(Overseer.java:153) [main/:?]
	at edu.pitt.gallowdd.persephone.overseer.Overseer.main(Overseer.java:441) [main/:?]
ERROR: 2024-12-17T09:54:16,491 [main] edu.pitt.gallowdd.persephone.util.Utils - org.xml.sax.SAXParseException; systemId: file:/Volumes/LaCie/Persephone_Synthetic_Environment/country/USA/Persephone.v1.0/01001/syntheticEnvironmentInfo.xml; lineNumber: 55; columnNumber: 29; cvc-complex-type.2.4.b: The content of element 'env:synthetic_environment' is not complete. One of '{"http://persephone.gallowdd.pitt.edu/xml/synthenv":location, "http://persephone.gallowdd.pitt.edu/xml/synthenv":agent_location_mapping}' is expected.
ERROR: 2024-12-17T09:54:16,497 [main] edu.pitt.gallowdd.persephone.util.Utils - ERR_XML_VALIDATION: There was an error when trying to Validate XML File: /Volumes/LaCie/Persephone_Synthetic_Environment/country/USA/Persephone.v1.0/01001/syntheticEnvironmentInfo.xml, against XML Schema file: schema/persephoneSyntheticEnvironment.xsd
org.xml.sax.SAXParseException: cvc-complex-type.2.4.b: The content of element 'env:synthetic_environment' is not complete. One of '{"http://persephone.gallowdd.pitt.edu/xml/synthenv":location, "http://persephone.gallowdd.pitt.edu/xml/synthenv":agent_location_mapping}' is expected.
	at java.xml/com.sun.org.apache.xerces.internal.util.ErrorHandlerWrapper.createSAXParseException(ErrorHandlerWrapper.java:204) ~[?:?]
	at java.xml/com.sun.org.apache.xerces.internal.util.ErrorHandlerWrapper.error(ErrorHandlerWrapper.java:135) ~[?:?]
	at java.xml/com.sun.org.apache.xerces.internal.impl.XMLErrorReporter.reportError(XMLErrorReporter.java:396) ~[?:?]
	at java.xml/com.sun.org.apache.xerces.internal.impl.XMLErrorReporter.reportError(XMLErrorReporter.java:327) ~[?:?]
	at java.xml/com.sun.org.apache.xerces.internal.impl.XMLErrorReporter.reportError(XMLErrorReporter.java:284) ~[?:?]
	at java.xml/com.sun.org.apache.xerces.internal.impl.xs.XMLSchemaValidator$XSIErrorReporter.reportError(XMLSchemaValidator.java:512) ~[?:?]
	at java.xml/com.sun.org.apache.xerces.internal.impl.xs.XMLSchemaValidator.reportSchemaError(XMLSchemaValidator.java:3596) ~[?:?]
	at java.xml/com.sun.org.apache.xerces.internal.impl.xs.XMLSchemaValidator.elementLocallyValidComplexType(XMLSchemaValidator.java:3515) ~[?:?]
	at java.xml/com.sun.org.apache.xerces.internal.impl.xs.XMLSchemaValidator.elementLocallyValidType(XMLSchemaValidator.java:3441) ~[?:?]
	at java.xml/com.sun.org.apache.xerces.internal.impl.xs.XMLSchemaValidator.processElementContent(XMLSchemaValidator.java:3343) ~[?:?]
	at java.xml/com.sun.org.apache.xerces.internal.impl.xs.XMLSchemaValidator.handleEndElement(XMLSchemaValidator.java:2373) ~[?:?]
	at java.xml/com.sun.org.apache.xerces.internal.impl.xs.XMLSchemaValidator.endElement(XMLSchemaValidator.java:944) ~[?:?]
	at java.xml/com.sun.org.apache.xerces.internal.impl.XMLDocumentFragmentScannerImpl.scanEndElement(XMLDocumentFragmentScannerImpl.java:1737) ~[?:?]
	at java.xml/com.sun.org.apache.xerces.internal.impl.XMLDocumentFragmentScannerImpl$FragmentContentDriver.next(XMLDocumentFragmentScannerImpl.java:2908) ~[?:?]
	at java.xml/com.sun.org.apache.xerces.internal.impl.XMLDocumentScannerImpl.next(XMLDocumentScannerImpl.java:635) ~[?:?]
	at java.xml/com.sun.org.apache.xerces.internal.impl.XMLNSDocumentScannerImpl.next(XMLNSDocumentScannerImpl.java:113) ~[?:?]
	at java.xml/com.sun.org.apache.xerces.internal.impl.XMLDocumentFragmentScannerImpl.scanDocument(XMLDocumentFragmentScannerImpl.java:551) ~[?:?]
	at java.xml/com.sun.org.apache.xerces.internal.parsers.XML11Configuration.parse(XML11Configuration.java:890) ~[?:?]
	at java.xml/com.sun.org.apache.xerces.internal.parsers.XML11Configuration.parse(XML11Configuration.java:826) ~[?:?]
	at java.xml/com.sun.org.apache.xerces.internal.jaxp.validation.StreamValidatorHelper.validate(StreamValidatorHelper.java:176) ~[?:?]
	at java.xml/com.sun.org.apache.xerces.internal.jaxp.validation.ValidatorImpl.validate(ValidatorImpl.java:115) ~[?:?]
	at java.xml/javax.xml.validation.Validator.validate(Validator.java:124) ~[?:?]
	at edu.pitt.gallowdd.persephone.util.Utils.validateXmlFile(Utils.java:247) [main/:?]
	at edu.pitt.gallowdd.persephone.overseer.Overseer.calculateApproximateMemoryRequirementsForSyntheticEnvironment(Overseer.java:557) [main/:?]
	at edu.pitt.gallowdd.persephone.overseer.Overseer.initTaskSynthEnvArr(Overseer.java:233) [main/:?]
	at edu.pitt.gallowdd.persephone.overseer.Overseer.<init>(Overseer.java:153) [main/:?]
	at edu.pitt.gallowdd.persephone.overseer.Overseer.main(Overseer.java:441) [main/:?]
ERROR: 2024-12-17T09:54:16,535 [main] edu.pitt.gallowdd.persephone.util.Utils - org.xml.sax.SAXParseException; systemId: file:/Volumes/LaCie/Persephone_Synthetic_Environment/country/USA/Persephone.v1.0/01003/syntheticEnvironmentInfo.xml; lineNumber: 55; columnNumber: 29; cvc-complex-type.2.4.b: The content of element 'env:synthetic_environment' is not complete. One of '{"http://persephone.gallowdd.pitt.edu/xml/synthenv":location, "http://persephone.gallowdd.pitt.edu/xml/synthenv":agent_location_mapping}' is expected.
ERROR: 2024-12-17T09:54:16,535 [main] edu.pitt.gallowdd.persephone.util.Utils - ERR_XML_VALIDATION: There was an error when trying to Validate XML File: /Volumes/LaCie/Persephone_Synthetic_Environment/country/USA/Persephone.v1.0/01003/syntheticEnvironmentInfo.xml, against XML Schema file: schema/persephoneSyntheticEnvironment.xsd
org.xml.sax.SAXParseException: cvc-complex-type.2.4.b: The content of element 'env:synthetic_environment' is not complete. One of '{"http://persephone.gallowdd.pitt.edu/xml/synthenv":location, "http://persephone.gallowdd.pitt.edu/xml/synthenv":agent_location_mapping}' is expected.
	at java.xml/com.sun.org.apache.xerces.internal.util.ErrorHandlerWrapper.createSAXParseException(ErrorHandlerWrapper.java:204) ~[?:?]
	at java.xml/com.sun.org.apache.xerces.internal.util.ErrorHandlerWrapper.error(ErrorHandlerWrapper.java:135) ~[?:?]
	at java.xml/com.sun.org.apache.xerces.internal.impl.XMLErrorReporter.reportError(XMLErrorReporter.java:396) ~[?:?]
	at java.xml/com.sun.org.apache.xerces.internal.impl.XMLErrorReporter.reportError(XMLErrorReporter.java:327) ~[?:?]
	at java.xml/com.sun.org.apache.xerces.internal.impl.XMLErrorReporter.reportError(XMLErrorReporter.java:284) ~[?:?]
	at java.xml/com.sun.org.apache.xerces.internal.impl.xs.XMLSchemaValidator$XSIErrorReporter.reportError(XMLSchemaValidator.java:512) ~[?:?]
	at java.xml/com.sun.org.apache.xerces.internal.impl.xs.XMLSchemaValidator.reportSchemaError(XMLSchemaValidator.java:3596) ~[?:?]
	at java.xml/com.sun.org.apache.xerces.internal.impl.xs.XMLSchemaValidator.elementLocallyValidComplexType(XMLSchemaValidator.java:3515) ~[?:?]
	at java.xml/com.sun.org.apache.xerces.internal.impl.xs.XMLSchemaValidator.elementLocallyValidType(XMLSchemaValidator.java:3441) ~[?:?]
	at java.xml/com.sun.org.apache.xerces.internal.impl.xs.XMLSchemaValidator.processElementContent(XMLSchemaValidator.java:3343) ~[?:?]
	at java.xml/com.sun.org.apache.xerces.internal.impl.xs.XMLSchemaValidator.handleEndElement(XMLSchemaValidator.java:2373) ~[?:?]
	at java.xml/com.sun.org.apache.xerces.internal.impl.xs.XMLSchemaValidator.endElement(XMLSchemaValidator.java:944) ~[?:?]
	at java.xml/com.sun.org.apache.xerces.internal.impl.XMLDocumentFragmentScannerImpl.scanEndElement(XMLDocumentFragmentScannerImpl.java:1737) ~[?:?]
	at java.xml/com.sun.org.apache.xerces.internal.impl.XMLDocumentFragmentScannerImpl$FragmentContentDriver.next(XMLDocumentFragmentScannerImpl.java:2908) ~[?:?]
	at java.xml/com.sun.org.apache.xerces.internal.impl.XMLDocumentScannerImpl.next(XMLDocumentScannerImpl.java:635) ~[?:?]
	at java.xml/com.sun.org.apache.xerces.internal.impl.XMLNSDocumentScannerImpl.next(XMLNSDocumentScannerImpl.java:113) ~[?:?]
	at java.xml/com.sun.org.apache.xerces.internal.impl.XMLDocumentFragmentScannerImpl.scanDocument(XMLDocumentFragmentScannerImpl.java:551) ~[?:?]
	at java.xml/com.sun.org.apache.xerces.internal.parsers.XML11Configuration.parse(XML11Configuration.java:890) ~[?:?]
	at java.xml/com.sun.org.apache.xerces.internal.parsers.XML11Configuration.parse(XML11Configuration.java:826) ~[?:?]
	at java.xml/com.sun.org.apache.xerces.internal.jaxp.validation.StreamValidatorHelper.validate(StreamValidatorHelper.java:176) ~[?:?]
	at java.xml/com.sun.org.apache.xerces.internal.jaxp.validation.ValidatorImpl.validate(ValidatorImpl.java:115) ~[?:?]
	at java.xml/javax.xml.validation.Validator.validate(Validator.java:124) ~[?:?]
	at edu.pitt.gallowdd.persephone.util.Utils.validateXmlFile(Utils.java:247) [main/:?]
	at edu.pitt.gallowdd.persephone.overseer.Overseer.calculateApproximateMemoryRequirementsForSyntheticEnvironment(Overseer.java:557) [main/:?]
	at edu.pitt.gallowdd.persephone.overseer.Overseer.initTaskSynthEnvArr(Overseer.java:233) [main/:?]
	at edu.pitt.gallowdd.persephone.overseer.Overseer.<init>(Overseer.java:153) [main/:?]
	at edu.pitt.gallowdd.persephone.overseer.Overseer.main(Overseer.java:441) [main/:?]
ERROR: 2024-12-17T09:54:16,568 [main] edu.pitt.gallowdd.persephone.util.Utils - org.xml.sax.SAXParseException; systemId: file:/Volumes/LaCie/Persephone_Synthetic_Environment/country/USA/Persephone.v1.0/01005/syntheticEnvironmentInfo.xml; lineNumber: 7; columnNumber: 17; cvc-complex-type.2.4.a: Invalid content was found starting with element 'identifier'. One of '{"http://persephone.gallowdd.pitt.edu/xml/synthenv":identifier}' is expected.
ERROR: 2024-12-17T09:54:16,568 [main] edu.pitt.gallowdd.persephone.util.Utils - ERR_XML_VALIDATION: There was an error when trying to Validate XML File: /Volumes/LaCie/Persephone_Synthetic_Environment/country/USA/Persephone.v1.0/01005/syntheticEnvironmentInfo.xml, against XML Schema file: schema/persephoneSyntheticEnvironment.xsd
org.xml.sax.SAXParseException: cvc-complex-type.2.4.a: Invalid content was found starting with element 'identifier'. One of '{"http://persephone.gallowdd.pitt.edu/xml/synthenv":identifier}' is expected.
	at java.xml/com.sun.org.apache.xerces.internal.util.ErrorHandlerWrapper.createSAXParseException(ErrorHandlerWrapper.java:204) ~[?:?]
	at java.xml/com.sun.org.apache.xerces.internal.util.ErrorHandlerWrapper.error(ErrorHandlerWrapper.java:135) ~[?:?]
	at java.xml/com.sun.org.apache.xerces.internal.impl.XMLErrorReporter.reportError(XMLErrorReporter.java:396) ~[?:?]
	at java.xml/com.sun.org.apache.xerces.internal.impl.XMLErrorReporter.reportError(XMLErrorReporter.java:327) ~[?:?]
	at java.xml/com.sun.org.apache.xerces.internal.impl.XMLErrorReporter.reportError(XMLErrorReporter.java:284) ~[?:?]
	at java.xml/com.sun.org.apache.xerces.internal.impl.xs.XMLSchemaValidator$XSIErrorReporter.reportError(XMLSchemaValidator.java:512) ~[?:?]
	at java.xml/com.sun.org.apache.xerces.internal.impl.xs.XMLSchemaValidator.reportSchemaError(XMLSchemaValidator.java:3596) ~[?:?]
	at java.xml/com.sun.org.apache.xerces.internal.impl.xs.XMLSchemaValidator.handleStartElement(XMLSchemaValidator.java:1972) ~[?:?]
	at java.xml/com.sun.org.apache.xerces.internal.impl.xs.XMLSchemaValidator.startElement(XMLSchemaValidator.java:830) ~[?:?]
	at java.xml/com.sun.org.apache.xerces.internal.impl.XMLNSDocumentScannerImpl.scanStartElement(XMLNSDocumentScannerImpl.java:375) ~[?:?]
	at java.xml/com.sun.org.apache.xerces.internal.impl.XMLDocumentFragmentScannerImpl$FragmentContentDriver.next(XMLDocumentFragmentScannerImpl.java:2735) ~[?:?]
	at java.xml/com.sun.org.apache.xerces.internal.impl.XMLDocumentScannerImpl.next(XMLDocumentScannerImpl.java:635) ~[?:?]
	at java.xml/com.sun.org.apache.xerces.internal.impl.XMLNSDocumentScannerImpl.next(XMLNSDocumentScannerImpl.java:113) ~[?:?]
	at java.xml/com.sun.org.apache.xerces.internal.impl.XMLDocumentFragmentScannerImpl.scanDocument(XMLDocumentFragmentScannerImpl.java:551) ~[?:?]
	at java.xml/com.sun.org.apache.xerces.internal.parsers.XML11Configuration.parse(XML11Configuration.java:890) ~[?:?]
	at java.xml/com.sun.org.apache.xerces.internal.parsers.XML11Configuration.parse(XML11Configuration.java:826) ~[?:?]
	at java.xml/com.sun.org.apache.xerces.internal.jaxp.validation.StreamValidatorHelper.validate(StreamValidatorHelper.java:176) ~[?:?]
	at java.xml/com.sun.org.apache.xerces.internal.jaxp.validation.ValidatorImpl.validate(ValidatorImpl.java:115) ~[?:?]
	at java.xml/javax.xml.validation.Validator.validate(Validator.java:124) ~[?:?]
	at edu.pitt.gallowdd.persephone.util.Utils.validateXmlFile(Utils.java:247) [main/:?]
	at edu.pitt.gallowdd.persephone.overseer.Overseer.calculateApproximateMemoryRequirementsForSyntheticEnvironment(Overseer.java:557) [main/:?]
	at edu.pitt.gallowdd.persephone.overseer.Overseer.initTaskSynthEnvArr(Overseer.java:233) [main/:?]
	at edu.pitt.gallowdd.persephone.overseer.Overseer.<init>(Overseer.java:153) [main/:?]
	at edu.pitt.gallowdd.persephone.overseer.Overseer.main(Overseer.java:441) [main/:?]
ERROR: 2024-12-17T09:54:16,586 [main] edu.pitt.gallowdd.persephone.util.Utils - org.xml.sax.SAXParseException; systemId: file:/Volumes/LaCie/Persephone_Synthetic_Environment/country/USA/Persephone.v1.0/01007/syntheticEnvironmentInfo.xml; lineNumber: 2; columnNumber: 81; cvc-elt.1.a: Cannot find the declaration of element 'synthetic_environment'.
ERROR: 2024-12-17T09:54:16,586 [main] edu.pitt.gallowdd.persephone.util.Utils - ERR_XML_VALIDATION: There was an error when trying to Validate XML File: /Volumes/LaCie/Persephone_Synthetic_Environment/country/USA/Persephone.v1.0/01007/syntheticEnvironmentInfo.xml, against XML Schema file: schema/persephoneSyntheticEnvironment.xsd
org.xml.sax.SAXParseException: cvc-elt.1.a: Cannot find the declaration of element 'synthetic_environment'.
	at java.xml/com.sun.org.apache.xerces.internal.util.ErrorHandlerWrapper.createSAXParseException(ErrorHandlerWrapper.java:204) ~[?:?]
	at java.xml/com.sun.org.apache.xerces.internal.util.ErrorHandlerWrapper.error(ErrorHandlerWrapper.java:135) ~[?:?]
	at java.xml/com.sun.org.apache.xerces.internal.impl.XMLErrorReporter.reportError(XMLErrorReporter.java:396) ~[?:?]
	at java.xml/com.sun.org.apache.xerces.internal.impl.XMLErrorReporter.reportError(XMLErrorReporter.java:327) ~[?:?]
	at java.xml/com.sun.org.apache.xerces.internal.impl.XMLErrorReporter.reportError(XMLErrorReporter.java:284) ~[?:?]
	at java.xml/com.sun.org.apache.xerces.internal.impl.xs.XMLSchemaValidator.handleStartElement(XMLSchemaValidator.java:2133) ~[?:?]
	at java.xml/com.sun.org.apache.xerces.internal.impl.xs.XMLSchemaValidator.startElement(XMLSchemaValidator.java:830) ~[?:?]
	at java.xml/com.sun.org.apache.xerces.internal.impl.XMLNSDocumentScannerImpl.scanStartElement(XMLNSDocumentScannerImpl.java:375) ~[?:?]
	at java.xml/com.sun.org.apache.xerces.internal.impl.XMLNSDocumentScannerImpl$NSContentDriver.scanRootElementHook(XMLNSDocumentScannerImpl.java:614) ~[?:?]
	at java.xml/com.sun.org.apache.xerces.internal.impl.XMLDocumentFragmentScannerImpl$FragmentContentDriver.next(XMLDocumentFragmentScannerImpl.java:3088) ~[?:?]
	at java.xml/com.sun.org.apache.xerces.internal.impl.XMLDocumentScannerImpl$PrologDriver.next(XMLDocumentScannerImpl.java:866) ~[?:?]
	at java.xml/com.sun.org.apache.xerces.internal.impl.XMLDocumentScannerImpl.next(XMLDocumentScannerImpl.java:635) ~[?:?]
	at java.xml/com.sun.org.apache.xerces.internal.impl.XMLNSDocumentScannerImpl.next(XMLNSDocumentScannerImpl.java:113) ~[?:?]
	at java.xml/com.sun.org.apache.xerces.internal.impl.XMLDocumentFragmentScannerImpl.scanDocument(XMLDocumentFragmentScannerImpl.java:551) ~[?:?]
	at java.xml/com.sun.org.apache.xerces.internal.parsers.XML11Configuration.parse(XML11Configuration.java:890) ~[?:?]
	at java.xml/com.sun.org.apache.xerces.internal.parsers.XML11Configuration.parse(XML11Configuration.java:826) ~[?:?]
	at java.xml/com.sun.org.apache.xerces.internal.jaxp.validation.StreamValidatorHelper.validate(StreamValidatorHelper.java:176) ~[?:?]
	at java.xml/com.sun.org.apache.xerces.internal.jaxp.validation.ValidatorImpl.validate(ValidatorImpl.java:115) ~[?:?]
	at java.xml/javax.xml.validation.Validator.validate(Validator.java:124) ~[?:?]
	at edu.pitt.gallowdd.persephone.util.Utils.validateXmlFile(Utils.java:247) [main/:?]
	at edu.pitt.gallowdd.persephone.overseer.Overseer.calculateApproximateMemoryRequirementsForSyntheticEnvironment(Overseer.java:557) [main/:?]
	at edu.pitt.gallowdd.persephone.overseer.Overseer.initTaskSynthEnvArr(Overseer.java:233) [main/:?]
	at edu.pitt.gallowdd.persephone.overseer.Overseer.<init>(Overseer.java:153) [main/:?]
	at edu.pitt.gallowdd.persephone.overseer.Overseer.main(Overseer.java:441) [main/:?]
ERROR: 2024-12-17T09:54:16,600 [main] edu.pitt.gallowdd.persephone.util.Utils - org.xml.sax.SAXParseException; systemId: file:/Volumes/LaCie/Persephone_Synthetic_Environment/country/USA/Persephone.v1.0/01009/syntheticEnvironmentInfo.xml; lineNumber: 2; columnNumber: 81; cvc-elt.1.a: Cannot find the declaration of element 'synthetic_environment'.
ERROR: 2024-12-17T09:54:16,600 [main] edu.pitt.gallowdd.persephone.util.Utils - ERR_XML_VALIDATION: There was an error when trying to Validate XML File: /Volumes/LaCie/Persephone_Synthetic_Environment/country/USA/Persephone.v1.0/01009/syntheticEnvironmentInfo.xml, against XML Schema file: schema/persephoneSyntheticEnvironment.xsd
org.xml.sax.SAXParseException: cvc-elt.1.a: Cannot find the declaration of element 'synthetic_environment'.
	at java.xml/com.sun.org.apache.xerces.internal.util.ErrorHandlerWrapper.createSAXParseException(ErrorHandlerWrapper.java:204) ~[?:?]
	at java.xml/com.sun.org.apache.xerces.internal.util.ErrorHandlerWrapper.error(ErrorHandlerWrapper.java:135) ~[?:?]
	at java.xml/com.sun.org.apache.xerces.internal.impl.XMLErrorReporter.reportError(XMLErrorReporter.java:396) ~[?:?]
	at java.xml/com.sun.org.apache.xerces.internal.impl.XMLErrorReporter.reportError(XMLErrorReporter.java:327) ~[?:?]
	at java.xml/com.sun.org.apache.xerces.internal.impl.XMLErrorReporter.reportError(XMLErrorReporter.java:284) ~[?:?]
	at java.xml/com.sun.org.apache.xerces.internal.impl.xs.XMLSchemaValidator.handleStartElement(XMLSchemaValidator.java:2133) ~[?:?]
	at java.xml/com.sun.org.apache.xerces.internal.impl.xs.XMLSchemaValidator.startElement(XMLSchemaValidator.java:830) ~[?:?]
	at java.xml/com.sun.org.apache.xerces.internal.impl.XMLNSDocumentScannerImpl.scanStartElement(XMLNSDocumentScannerImpl.java:375) ~[?:?]
	at java.xml/com.sun.org.apache.xerces.internal.impl.XMLNSDocumentScannerImpl$NSContentDriver.scanRootElementHook(XMLNSDocumentScannerImpl.java:614) ~[?:?]
	at java.xml/com.sun.org.apache.xerces.internal.impl.XMLDocumentFragmentScannerImpl$FragmentContentDriver.next(XMLDocumentFragmentScannerImpl.java:3088) ~[?:?]
	at java.xml/com.sun.org.apache.xerces.internal.impl.XMLDocumentScannerImpl$PrologDriver.next(XMLDocumentScannerImpl.java:866) ~[?:?]
	at java.xml/com.sun.org.apache.xerces.internal.impl.XMLDocumentScannerImpl.next(XMLDocumentScannerImpl.java:635) ~[?:?]
	at java.xml/com.sun.org.apache.xerces.internal.impl.XMLNSDocumentScannerImpl.next(XMLNSDocumentScannerImpl.java:113) ~[?:?]
	at java.xml/com.sun.org.apache.xerces.internal.impl.XMLDocumentFragmentScannerImpl.scanDocument(XMLDocumentFragmentScannerImpl.java:551) ~[?:?]
	at java.xml/com.sun.org.apache.xerces.internal.parsers.XML11Configuration.parse(XML11Configuration.java:890) ~[?:?]
	at java.xml/com.sun.org.apache.xerces.internal.parsers.XML11Configuration.parse(XML11Configuration.java:826) ~[?:?]
	at java.xml/com.sun.org.apache.xerces.internal.jaxp.validation.StreamValidatorHelper.validate(StreamValidatorHelper.java:176) ~[?:?]
	at java.xml/com.sun.org.apache.xerces.internal.jaxp.validation.ValidatorImpl.validate(ValidatorImpl.java:115) ~[?:?]
	at java.xml/javax.xml.validation.Validator.validate(Validator.java:124) ~[?:?]
	at edu.pitt.gallowdd.persephone.util.Utils.validateXmlFile(Utils.java:247) [main/:?]
	at edu.pitt.gallowdd.persephone.overseer.Overseer.calculateApproximateMemoryRequirementsForSyntheticEnvironment(Overseer.java:557) [main/:?]
	at edu.pitt.gallowdd.persephone.overseer.Overseer.initTaskSynthEnvArr(Overseer.java:233) [main/:?]
	at edu.pitt.gallowdd.persephone.overseer.Overseer.<init>(Overseer.java:153) [main/:?]
	at edu.pitt.gallowdd.persephone.overseer.Overseer.main(Overseer.java:441) [main/:?]
ERROR: 2024-12-17T09:54:16,615 [main] edu.pitt.gallowdd.persephone.util.Utils - org.xml.sax.SAXParseException; systemId: file:/Volumes/LaCie/Persephone_Synthetic_Environment/country/USA/Persephone.v1.0/01011/syntheticEnvironmentInfo.xml; lineNumber: 2; columnNumber: 81; cvc-elt.1.a: Cannot find the declaration of element 'synthetic_environment'.
ERROR: 2024-12-17T09:54:16,616 [main] edu.pitt.gallowdd.persephone.util.Utils - ERR_XML_VALIDATION: There was an error when trying to Validate XML File: /Volumes/LaCie/Persephone_Synthetic_Environment/country/USA/Persephone.v1.0/01011/syntheticEnvironmentInfo.xml, against XML Schema file: schema/persephoneSyntheticEnvironment.xsd
org.xml.sax.SAXParseException: cvc-elt.1.a: Cannot find the declaration of element 'synthetic_environment'.
	at java.xml/com.sun.org.apache.xerces.internal.util.ErrorHandlerWrapper.createSAXParseException(ErrorHandlerWrapper.java:204) ~[?:?]
	at java.xml/com.sun.org.apache.xerces.internal.util.ErrorHandlerWrapper.error(ErrorHandlerWrapper.java:135) ~[?:?]
	at java.xml/com.sun.org.apache.xerces.internal.impl.XMLErrorReporter.reportError(XMLErrorReporter.java:396) ~[?:?]
	at java.xml/com.sun.org.apache.xerces.internal.impl.XMLErrorReporter.reportError(XMLErrorReporter.java:327) ~[?:?]
	at java.xml/com.sun.org.apache.xerces.internal.impl.XMLErrorReporter.reportError(XMLErrorReporter.java:284) ~[?:?]
	at java.xml/com.sun.org.apache.xerces.internal.impl.xs.XMLSchemaValidator.handleStartElement(XMLSchemaValidator.java:2133) ~[?:?]
	at java.xml/com.sun.org.apache.xerces.internal.impl.xs.XMLSchemaValidator.startElement(XMLSchemaValidator.java:830) ~[?:?]
	at java.xml/com.sun.org.apache.xerces.internal.impl.XMLNSDocumentScannerImpl.scanStartElement(XMLNSDocumentScannerImpl.java:375) ~[?:?]
	at java.xml/com.sun.org.apache.xerces.internal.impl.XMLNSDocumentScannerImpl$NSContentDriver.scanRootElementHook(XMLNSDocumentScannerImpl.java:614) ~[?:?]
	at java.xml/com.sun.org.apache.xerces.internal.impl.XMLDocumentFragmentScannerImpl$FragmentContentDriver.next(XMLDocumentFragmentScannerImpl.java:3088) ~[?:?]
	at java.xml/com.sun.org.apache.xerces.internal.impl.XMLDocumentScannerImpl$PrologDriver.next(XMLDocumentScannerImpl.java:866) ~[?:?]
	at java.xml/com.sun.org.apache.xerces.internal.impl.XMLDocumentScannerImpl.next(XMLDocumentScannerImpl.java:635) ~[?:?]
	at java.xml/com.sun.org.apache.xerces.internal.impl.XMLNSDocumentScannerImpl.next(XMLNSDocumentScannerImpl.java:113) ~[?:?]
	at java.xml/com.sun.org.apache.xerces.internal.impl.XMLDocumentFragmentScannerImpl.scanDocument(XMLDocumentFragmentScannerImpl.java:551) ~[?:?]
	at java.xml/com.sun.org.apache.xerces.internal.parsers.XML11Configuration.parse(XML11Configuration.java:890) ~[?:?]
	at java.xml/com.sun.org.apache.xerces.internal.parsers.XML11Configuration.parse(XML11Configuration.java:826) ~[?:?]
	at java.xml/com.sun.org.apache.xerces.internal.jaxp.validation.StreamValidatorHelper.validate(StreamValidatorHelper.java:176) ~[?:?]
	at java.xml/com.sun.org.apache.xerces.internal.jaxp.validation.ValidatorImpl.validate(ValidatorImpl.java:115) ~[?:?]
	at java.xml/javax.xml.validation.Validator.validate(Validator.java:124) ~[?:?]
	at edu.pitt.gallowdd.persephone.util.Utils.validateXmlFile(Utils.java:247) [main/:?]
	at edu.pitt.gallowdd.persephone.overseer.Overseer.calculateApproximateMemoryRequirementsForSyntheticEnvironment(Overseer.java:557) [main/:?]
	at edu.pitt.gallowdd.persephone.overseer.Overseer.initTaskSynthEnvArr(Overseer.java:233) [main/:?]
	at edu.pitt.gallowdd.persephone.overseer.Overseer.<init>(Overseer.java:153) [main/:?]
	at edu.pitt.gallowdd.persephone.overseer.Overseer.main(Overseer.java:441) [main/:?]
