ERROR: 2023-08-24T08:49:00,426 [main] edu.pitt.gallowdd.persephone.overseer.Overseer - filePath = /Volumes/LaCie/Persephone_Synthetic_Environment/country/USA/Persephone.v1.0/01001/syntheticEnvironmentInfo.xml
ERROR: 2023-08-24T08:49:13,751 [main] edu.pitt.gallowdd.persephone.overseer.Overseer - filePath = /Volumes/LaCie/Persephone_Synthetic_Environment/country/USA/Persephone.v1.0/01003/syntheticEnvironmentInfo.xml
ERROR: 2023-08-24T08:49:13,771 [main] edu.pitt.gallowdd.persephone.util.Utils - org.xml.sax.SAXParseException; systemId: file:/Volumes/LaCie/Persephone_Synthetic_Environment/country/USA/Persephone.v1.0/01003/syntheticEnvironmentInfo.xml; lineNumber: 2; columnNumber: 81; cvc-elt.1.a: Cannot find the declaration of element 'synthetic_environment'.
ERROR: 2023-08-24T08:49:13,775 [main] edu.pitt.gallowdd.persephone.util.Utils - ERR_XML_VALIDATION: There was an error when trying to Validate XML File: /Volumes/LaCie/Persephone_Synthetic_Environment/country/USA/Persephone.v1.0/01003/syntheticEnvironmentInfo.xml, against XML Schema file: schema/persephoneSyntheticEnvironment.xsd
org.xml.sax.SAXParseException: cvc-elt.1.a: Cannot find the declaration of element 'synthetic_environment'.
	at java.xml/com.sun.org.apache.xerces.internal.util.ErrorHandlerWrapper.createSAXParseException(ErrorHandlerWrapper.java:204) ~[?:?]
	at java.xml/com.sun.org.apache.xerces.internal.util.ErrorHandlerWrapper.error(ErrorHandlerWrapper.java:135) ~[?:?]
	at java.xml/com.sun.org.apache.xerces.internal.impl.XMLErrorReporter.reportError(XMLErrorReporter.java:396) ~[?:?]
	at java.xml/com.sun.org.apache.xerces.internal.impl.XMLErrorReporter.reportError(XMLErrorReporter.java:327) ~[?:?]
	at java.xml/com.sun.org.apache.xerces.internal.impl.XMLErrorReporter.reportError(XMLErrorReporter.java:284) ~[?:?]
	at java.xml/com.sun.org.apache.xerces.internal.impl.xs.XMLSchemaValidator.handleStartElement(XMLSchemaValidator.java:2133) ~[?:?]
	at java.xml/com.sun.org.apache.xerces.internal.impl.xs.XMLSchemaValidator.startElement(XMLSchemaValidator.java:830) ~[?:?]
	at java.xml/com.sun.org.apache.xerces.internal.impl.XMLNSDocumentScannerImpl.scanStartElement(XMLNSDocumentScannerImpl.java:376) ~[?:?]
	at java.xml/com.sun.org.apache.xerces.internal.impl.XMLNSDocumentScannerImpl$NSContentDriver.scanRootElementHook(XMLNSDocumentScannerImpl.java:615) ~[?:?]
	at java.xml/com.sun.org.apache.xerces.internal.impl.XMLDocumentFragmentScannerImpl$FragmentContentDriver.next(XMLDocumentFragmentScannerImpl.java:3079) ~[?:?]
	at java.xml/com.sun.org.apache.xerces.internal.impl.XMLDocumentScannerImpl$PrologDriver.next(XMLDocumentScannerImpl.java:836) ~[?:?]
	at java.xml/com.sun.org.apache.xerces.internal.impl.XMLDocumentScannerImpl.next(XMLDocumentScannerImpl.java:605) ~[?:?]
	at java.xml/com.sun.org.apache.xerces.internal.impl.XMLNSDocumentScannerImpl.next(XMLNSDocumentScannerImpl.java:114) ~[?:?]
	at java.xml/com.sun.org.apache.xerces.internal.impl.XMLDocumentFragmentScannerImpl.scanDocument(XMLDocumentFragmentScannerImpl.java:542) ~[?:?]
	at java.xml/com.sun.org.apache.xerces.internal.parsers.XML11Configuration.parse(XML11Configuration.java:889) ~[?:?]
	at java.xml/com.sun.org.apache.xerces.internal.parsers.XML11Configuration.parse(XML11Configuration.java:825) ~[?:?]
	at java.xml/com.sun.org.apache.xerces.internal.jaxp.validation.StreamValidatorHelper.validate(StreamValidatorHelper.java:178) ~[?:?]
	at java.xml/com.sun.org.apache.xerces.internal.jaxp.validation.ValidatorImpl.validate(ValidatorImpl.java:115) ~[?:?]
	at java.xml/javax.xml.validation.Validator.validate(Validator.java:124) ~[?:?]
	at edu.pitt.gallowdd.persephone.util.Utils.validateXmlFile(Utils.java:234) [main/:?]
	at edu.pitt.gallowdd.persephone.overseer.Overseer.calculateApproximateMemoryRequirementsForSyntheticEnvironment(Overseer.java:557) [main/:?]
	at edu.pitt.gallowdd.persephone.overseer.Overseer.initTaskSynthEnvArr(Overseer.java:233) [main/:?]
	at edu.pitt.gallowdd.persephone.overseer.Overseer.<init>(Overseer.java:153) [main/:?]
	at edu.pitt.gallowdd.persephone.overseer.Overseer.main(Overseer.java:441) [main/:?]
ERROR: 2023-08-24T08:49:13,784 [main] edu.pitt.gallowdd.persephone.overseer.Overseer - filePath = /Volumes/LaCie/Persephone_Synthetic_Environment/country/USA/Persephone.v1.0/01005/syntheticEnvironmentInfo.xml
ERROR: 2023-08-24T08:49:13,809 [main] edu.pitt.gallowdd.persephone.util.Utils - org.xml.sax.SAXParseException; systemId: file:/Volumes/LaCie/Persephone_Synthetic_Environment/country/USA/Persephone.v1.0/01005/syntheticEnvironmentInfo.xml; lineNumber: 2; columnNumber: 81; cvc-elt.1.a: Cannot find the declaration of element 'synthetic_environment'.
ERROR: 2023-08-24T08:49:13,809 [main] edu.pitt.gallowdd.persephone.util.Utils - ERR_XML_VALIDATION: There was an error when trying to Validate XML File: /Volumes/LaCie/Persephone_Synthetic_Environment/country/USA/Persephone.v1.0/01005/syntheticEnvironmentInfo.xml, against XML Schema file: schema/persephoneSyntheticEnvironment.xsd
org.xml.sax.SAXParseException: cvc-elt.1.a: Cannot find the declaration of element 'synthetic_environment'.
	at java.xml/com.sun.org.apache.xerces.internal.util.ErrorHandlerWrapper.createSAXParseException(ErrorHandlerWrapper.java:204) ~[?:?]
	at java.xml/com.sun.org.apache.xerces.internal.util.ErrorHandlerWrapper.error(ErrorHandlerWrapper.java:135) ~[?:?]
	at java.xml/com.sun.org.apache.xerces.internal.impl.XMLErrorReporter.reportError(XMLErrorReporter.java:396) ~[?:?]
	at java.xml/com.sun.org.apache.xerces.internal.impl.XMLErrorReporter.reportError(XMLErrorReporter.java:327) ~[?:?]
	at java.xml/com.sun.org.apache.xerces.internal.impl.XMLErrorReporter.reportError(XMLErrorReporter.java:284) ~[?:?]
	at java.xml/com.sun.org.apache.xerces.internal.impl.xs.XMLSchemaValidator.handleStartElement(XMLSchemaValidator.java:2133) ~[?:?]
	at java.xml/com.sun.org.apache.xerces.internal.impl.xs.XMLSchemaValidator.startElement(XMLSchemaValidator.java:830) ~[?:?]
	at java.xml/com.sun.org.apache.xerces.internal.impl.XMLNSDocumentScannerImpl.scanStartElement(XMLNSDocumentScannerImpl.java:376) ~[?:?]
	at java.xml/com.sun.org.apache.xerces.internal.impl.XMLNSDocumentScannerImpl$NSContentDriver.scanRootElementHook(XMLNSDocumentScannerImpl.java:615) ~[?:?]
	at java.xml/com.sun.org.apache.xerces.internal.impl.XMLDocumentFragmentScannerImpl$FragmentContentDriver.next(XMLDocumentFragmentScannerImpl.java:3079) ~[?:?]
	at java.xml/com.sun.org.apache.xerces.internal.impl.XMLDocumentScannerImpl$PrologDriver.next(XMLDocumentScannerImpl.java:836) ~[?:?]
	at java.xml/com.sun.org.apache.xerces.internal.impl.XMLDocumentScannerImpl.next(XMLDocumentScannerImpl.java:605) ~[?:?]
	at java.xml/com.sun.org.apache.xerces.internal.impl.XMLNSDocumentScannerImpl.next(XMLNSDocumentScannerImpl.java:114) ~[?:?]
	at java.xml/com.sun.org.apache.xerces.internal.impl.XMLDocumentFragmentScannerImpl.scanDocument(XMLDocumentFragmentScannerImpl.java:542) ~[?:?]
	at java.xml/com.sun.org.apache.xerces.internal.parsers.XML11Configuration.parse(XML11Configuration.java:889) ~[?:?]
	at java.xml/com.sun.org.apache.xerces.internal.parsers.XML11Configuration.parse(XML11Configuration.java:825) ~[?:?]
	at java.xml/com.sun.org.apache.xerces.internal.jaxp.validation.StreamValidatorHelper.validate(StreamValidatorHelper.java:178) ~[?:?]
	at java.xml/com.sun.org.apache.xerces.internal.jaxp.validation.ValidatorImpl.validate(ValidatorImpl.java:115) ~[?:?]
	at java.xml/javax.xml.validation.Validator.validate(Validator.java:124) ~[?:?]
	at edu.pitt.gallowdd.persephone.util.Utils.validateXmlFile(Utils.java:234) [main/:?]
	at edu.pitt.gallowdd.persephone.overseer.Overseer.calculateApproximateMemoryRequirementsForSyntheticEnvironment(Overseer.java:557) [main/:?]
	at edu.pitt.gallowdd.persephone.overseer.Overseer.initTaskSynthEnvArr(Overseer.java:233) [main/:?]
	at edu.pitt.gallowdd.persephone.overseer.Overseer.<init>(Overseer.java:153) [main/:?]
	at edu.pitt.gallowdd.persephone.overseer.Overseer.main(Overseer.java:441) [main/:?]
ERROR: 2023-08-24T08:49:13,813 [main] edu.pitt.gallowdd.persephone.overseer.Overseer - filePath = /Volumes/LaCie/Persephone_Synthetic_Environment/country/USA/Persephone.v1.0/01007/syntheticEnvironmentInfo.xml
ERROR: 2023-08-24T08:49:13,823 [main] edu.pitt.gallowdd.persephone.util.Utils - org.xml.sax.SAXParseException; systemId: file:/Volumes/LaCie/Persephone_Synthetic_Environment/country/USA/Persephone.v1.0/01007/syntheticEnvironmentInfo.xml; lineNumber: 2; columnNumber: 81; cvc-elt.1.a: Cannot find the declaration of element 'synthetic_environment'.
ERROR: 2023-08-24T08:49:13,823 [main] edu.pitt.gallowdd.persephone.util.Utils - ERR_XML_VALIDATION: There was an error when trying to Validate XML File: /Volumes/LaCie/Persephone_Synthetic_Environment/country/USA/Persephone.v1.0/01007/syntheticEnvironmentInfo.xml, against XML Schema file: schema/persephoneSyntheticEnvironment.xsd
org.xml.sax.SAXParseException: cvc-elt.1.a: Cannot find the declaration of element 'synthetic_environment'.
	at java.xml/com.sun.org.apache.xerces.internal.util.ErrorHandlerWrapper.createSAXParseException(ErrorHandlerWrapper.java:204) ~[?:?]
	at java.xml/com.sun.org.apache.xerces.internal.util.ErrorHandlerWrapper.error(ErrorHandlerWrapper.java:135) ~[?:?]
	at java.xml/com.sun.org.apache.xerces.internal.impl.XMLErrorReporter.reportError(XMLErrorReporter.java:396) ~[?:?]
	at java.xml/com.sun.org.apache.xerces.internal.impl.XMLErrorReporter.reportError(XMLErrorReporter.java:327) ~[?:?]
	at java.xml/com.sun.org.apache.xerces.internal.impl.XMLErrorReporter.reportError(XMLErrorReporter.java:284) ~[?:?]
	at java.xml/com.sun.org.apache.xerces.internal.impl.xs.XMLSchemaValidator.handleStartElement(XMLSchemaValidator.java:2133) ~[?:?]
	at java.xml/com.sun.org.apache.xerces.internal.impl.xs.XMLSchemaValidator.startElement(XMLSchemaValidator.java:830) ~[?:?]
	at java.xml/com.sun.org.apache.xerces.internal.impl.XMLNSDocumentScannerImpl.scanStartElement(XMLNSDocumentScannerImpl.java:376) ~[?:?]
	at java.xml/com.sun.org.apache.xerces.internal.impl.XMLNSDocumentScannerImpl$NSContentDriver.scanRootElementHook(XMLNSDocumentScannerImpl.java:615) ~[?:?]
	at java.xml/com.sun.org.apache.xerces.internal.impl.XMLDocumentFragmentScannerImpl$FragmentContentDriver.next(XMLDocumentFragmentScannerImpl.java:3079) ~[?:?]
	at java.xml/com.sun.org.apache.xerces.internal.impl.XMLDocumentScannerImpl$PrologDriver.next(XMLDocumentScannerImpl.java:836) ~[?:?]
	at java.xml/com.sun.org.apache.xerces.internal.impl.XMLDocumentScannerImpl.next(XMLDocumentScannerImpl.java:605) ~[?:?]
	at java.xml/com.sun.org.apache.xerces.internal.impl.XMLNSDocumentScannerImpl.next(XMLNSDocumentScannerImpl.java:114) ~[?:?]
	at java.xml/com.sun.org.apache.xerces.internal.impl.XMLDocumentFragmentScannerImpl.scanDocument(XMLDocumentFragmentScannerImpl.java:542) ~[?:?]
	at java.xml/com.sun.org.apache.xerces.internal.parsers.XML11Configuration.parse(XML11Configuration.java:889) ~[?:?]
	at java.xml/com.sun.org.apache.xerces.internal.parsers.XML11Configuration.parse(XML11Configuration.java:825) ~[?:?]
	at java.xml/com.sun.org.apache.xerces.internal.jaxp.validation.StreamValidatorHelper.validate(StreamValidatorHelper.java:178) ~[?:?]
	at java.xml/com.sun.org.apache.xerces.internal.jaxp.validation.ValidatorImpl.validate(ValidatorImpl.java:115) ~[?:?]
	at java.xml/javax.xml.validation.Validator.validate(Validator.java:124) ~[?:?]
	at edu.pitt.gallowdd.persephone.util.Utils.validateXmlFile(Utils.java:234) [main/:?]
	at edu.pitt.gallowdd.persephone.overseer.Overseer.calculateApproximateMemoryRequirementsForSyntheticEnvironment(Overseer.java:557) [main/:?]
	at edu.pitt.gallowdd.persephone.overseer.Overseer.initTaskSynthEnvArr(Overseer.java:233) [main/:?]
	at edu.pitt.gallowdd.persephone.overseer.Overseer.<init>(Overseer.java:153) [main/:?]
	at edu.pitt.gallowdd.persephone.overseer.Overseer.main(Overseer.java:441) [main/:?]
ERROR: 2023-08-24T08:49:13,825 [main] edu.pitt.gallowdd.persephone.overseer.Overseer - filePath = /Volumes/LaCie/Persephone_Synthetic_Environment/country/USA/Persephone.v1.0/01009/syntheticEnvironmentInfo.xml
ERROR: 2023-08-24T08:49:13,863 [main] edu.pitt.gallowdd.persephone.util.Utils - org.xml.sax.SAXParseException; systemId: file:/Volumes/LaCie/Persephone_Synthetic_Environment/country/USA/Persephone.v1.0/01009/syntheticEnvironmentInfo.xml; lineNumber: 2; columnNumber: 81; cvc-elt.1.a: Cannot find the declaration of element 'synthetic_environment'.
ERROR: 2023-08-24T08:49:13,864 [main] edu.pitt.gallowdd.persephone.util.Utils - ERR_XML_VALIDATION: There was an error when trying to Validate XML File: /Volumes/LaCie/Persephone_Synthetic_Environment/country/USA/Persephone.v1.0/01009/syntheticEnvironmentInfo.xml, against XML Schema file: schema/persephoneSyntheticEnvironment.xsd
org.xml.sax.SAXParseException: cvc-elt.1.a: Cannot find the declaration of element 'synthetic_environment'.
	at java.xml/com.sun.org.apache.xerces.internal.util.ErrorHandlerWrapper.createSAXParseException(ErrorHandlerWrapper.java:204) ~[?:?]
	at java.xml/com.sun.org.apache.xerces.internal.util.ErrorHandlerWrapper.error(ErrorHandlerWrapper.java:135) ~[?:?]
	at java.xml/com.sun.org.apache.xerces.internal.impl.XMLErrorReporter.reportError(XMLErrorReporter.java:396) ~[?:?]
	at java.xml/com.sun.org.apache.xerces.internal.impl.XMLErrorReporter.reportError(XMLErrorReporter.java:327) ~[?:?]
	at java.xml/com.sun.org.apache.xerces.internal.impl.XMLErrorReporter.reportError(XMLErrorReporter.java:284) ~[?:?]
	at java.xml/com.sun.org.apache.xerces.internal.impl.xs.XMLSchemaValidator.handleStartElement(XMLSchemaValidator.java:2133) ~[?:?]
	at java.xml/com.sun.org.apache.xerces.internal.impl.xs.XMLSchemaValidator.startElement(XMLSchemaValidator.java:830) ~[?:?]
	at java.xml/com.sun.org.apache.xerces.internal.impl.XMLNSDocumentScannerImpl.scanStartElement(XMLNSDocumentScannerImpl.java:376) ~[?:?]
	at java.xml/com.sun.org.apache.xerces.internal.impl.XMLNSDocumentScannerImpl$NSContentDriver.scanRootElementHook(XMLNSDocumentScannerImpl.java:615) ~[?:?]
	at java.xml/com.sun.org.apache.xerces.internal.impl.XMLDocumentFragmentScannerImpl$FragmentContentDriver.next(XMLDocumentFragmentScannerImpl.java:3079) ~[?:?]
	at java.xml/com.sun.org.apache.xerces.internal.impl.XMLDocumentScannerImpl$PrologDriver.next(XMLDocumentScannerImpl.java:836) ~[?:?]
	at java.xml/com.sun.org.apache.xerces.internal.impl.XMLDocumentScannerImpl.next(XMLDocumentScannerImpl.java:605) ~[?:?]
	at java.xml/com.sun.org.apache.xerces.internal.impl.XMLNSDocumentScannerImpl.next(XMLNSDocumentScannerImpl.java:114) ~[?:?]
	at java.xml/com.sun.org.apache.xerces.internal.impl.XMLDocumentFragmentScannerImpl.scanDocument(XMLDocumentFragmentScannerImpl.java:542) ~[?:?]
	at java.xml/com.sun.org.apache.xerces.internal.parsers.XML11Configuration.parse(XML11Configuration.java:889) ~[?:?]
	at java.xml/com.sun.org.apache.xerces.internal.parsers.XML11Configuration.parse(XML11Configuration.java:825) ~[?:?]
	at java.xml/com.sun.org.apache.xerces.internal.jaxp.validation.StreamValidatorHelper.validate(StreamValidatorHelper.java:178) ~[?:?]
	at java.xml/com.sun.org.apache.xerces.internal.jaxp.validation.ValidatorImpl.validate(ValidatorImpl.java:115) ~[?:?]
	at java.xml/javax.xml.validation.Validator.validate(Validator.java:124) ~[?:?]
	at edu.pitt.gallowdd.persephone.util.Utils.validateXmlFile(Utils.java:234) [main/:?]
	at edu.pitt.gallowdd.persephone.overseer.Overseer.calculateApproximateMemoryRequirementsForSyntheticEnvironment(Overseer.java:557) [main/:?]
	at edu.pitt.gallowdd.persephone.overseer.Overseer.initTaskSynthEnvArr(Overseer.java:233) [main/:?]
	at edu.pitt.gallowdd.persephone.overseer.Overseer.<init>(Overseer.java:153) [main/:?]
	at edu.pitt.gallowdd.persephone.overseer.Overseer.main(Overseer.java:441) [main/:?]
ERROR: 2023-08-24T08:49:13,867 [main] edu.pitt.gallowdd.persephone.overseer.Overseer - filePath = /Volumes/LaCie/Persephone_Synthetic_Environment/country/USA/Persephone.v1.0/01011/syntheticEnvironmentInfo.xml
ERROR: 2023-08-24T08:49:13,909 [main] edu.pitt.gallowdd.persephone.util.Utils - org.xml.sax.SAXParseException; systemId: file:/Volumes/LaCie/Persephone_Synthetic_Environment/country/USA/Persephone.v1.0/01011/syntheticEnvironmentInfo.xml; lineNumber: 2; columnNumber: 81; cvc-elt.1.a: Cannot find the declaration of element 'synthetic_environment'.
ERROR: 2023-08-24T08:49:13,909 [main] edu.pitt.gallowdd.persephone.util.Utils - ERR_XML_VALIDATION: There was an error when trying to Validate XML File: /Volumes/LaCie/Persephone_Synthetic_Environment/country/USA/Persephone.v1.0/01011/syntheticEnvironmentInfo.xml, against XML Schema file: schema/persephoneSyntheticEnvironment.xsd
org.xml.sax.SAXParseException: cvc-elt.1.a: Cannot find the declaration of element 'synthetic_environment'.
	at java.xml/com.sun.org.apache.xerces.internal.util.ErrorHandlerWrapper.createSAXParseException(ErrorHandlerWrapper.java:204) ~[?:?]
	at java.xml/com.sun.org.apache.xerces.internal.util.ErrorHandlerWrapper.error(ErrorHandlerWrapper.java:135) ~[?:?]
	at java.xml/com.sun.org.apache.xerces.internal.impl.XMLErrorReporter.reportError(XMLErrorReporter.java:396) ~[?:?]
	at java.xml/com.sun.org.apache.xerces.internal.impl.XMLErrorReporter.reportError(XMLErrorReporter.java:327) ~[?:?]
	at java.xml/com.sun.org.apache.xerces.internal.impl.XMLErrorReporter.reportError(XMLErrorReporter.java:284) ~[?:?]
	at java.xml/com.sun.org.apache.xerces.internal.impl.xs.XMLSchemaValidator.handleStartElement(XMLSchemaValidator.java:2133) ~[?:?]
	at java.xml/com.sun.org.apache.xerces.internal.impl.xs.XMLSchemaValidator.startElement(XMLSchemaValidator.java:830) ~[?:?]
	at java.xml/com.sun.org.apache.xerces.internal.impl.XMLNSDocumentScannerImpl.scanStartElement(XMLNSDocumentScannerImpl.java:376) ~[?:?]
	at java.xml/com.sun.org.apache.xerces.internal.impl.XMLNSDocumentScannerImpl$NSContentDriver.scanRootElementHook(XMLNSDocumentScannerImpl.java:615) ~[?:?]
	at java.xml/com.sun.org.apache.xerces.internal.impl.XMLDocumentFragmentScannerImpl$FragmentContentDriver.next(XMLDocumentFragmentScannerImpl.java:3079) ~[?:?]
	at java.xml/com.sun.org.apache.xerces.internal.impl.XMLDocumentScannerImpl$PrologDriver.next(XMLDocumentScannerImpl.java:836) ~[?:?]
	at java.xml/com.sun.org.apache.xerces.internal.impl.XMLDocumentScannerImpl.next(XMLDocumentScannerImpl.java:605) ~[?:?]
	at java.xml/com.sun.org.apache.xerces.internal.impl.XMLNSDocumentScannerImpl.next(XMLNSDocumentScannerImpl.java:114) ~[?:?]
	at java.xml/com.sun.org.apache.xerces.internal.impl.XMLDocumentFragmentScannerImpl.scanDocument(XMLDocumentFragmentScannerImpl.java:542) ~[?:?]
	at java.xml/com.sun.org.apache.xerces.internal.parsers.XML11Configuration.parse(XML11Configuration.java:889) ~[?:?]
	at java.xml/com.sun.org.apache.xerces.internal.parsers.XML11Configuration.parse(XML11Configuration.java:825) ~[?:?]
	at java.xml/com.sun.org.apache.xerces.internal.jaxp.validation.StreamValidatorHelper.validate(StreamValidatorHelper.java:178) ~[?:?]
	at java.xml/com.sun.org.apache.xerces.internal.jaxp.validation.ValidatorImpl.validate(ValidatorImpl.java:115) ~[?:?]
	at java.xml/javax.xml.validation.Validator.validate(Validator.java:124) ~[?:?]
	at edu.pitt.gallowdd.persephone.util.Utils.validateXmlFile(Utils.java:234) [main/:?]
	at edu.pitt.gallowdd.persephone.overseer.Overseer.calculateApproximateMemoryRequirementsForSyntheticEnvironment(Overseer.java:557) [main/:?]
	at edu.pitt.gallowdd.persephone.overseer.Overseer.initTaskSynthEnvArr(Overseer.java:233) [main/:?]
	at edu.pitt.gallowdd.persephone.overseer.Overseer.<init>(Overseer.java:153) [main/:?]
	at edu.pitt.gallowdd.persephone.overseer.Overseer.main(Overseer.java:441) [main/:?]
