TRACE: 2024-09-30T09:33:52,319 [main] edu.pitt.gallowdd.persephone.util.Params - Default AGENTS:
TRACE: 2024-09-30T09:33:52,327 [main] edu.pitt.gallowdd.persephone.util.Params - ... << Person
TRACE: 2024-09-30T09:33:52,328 [main] edu.pitt.gallowdd.persephone.util.Params - ... << GroupQuartersPerson
TRACE: 2024-09-30T09:33:52,328 [main] edu.pitt.gallowdd.persephone.util.Params - Default LOCATIONS:
TRACE: 2024-09-30T09:33:52,328 [main] edu.pitt.gallowdd.persephone.util.Params - ... << Household
TRACE: 2024-09-30T09:33:52,328 [main] edu.pitt.gallowdd.persephone.util.Params - ... << Workplace
TRACE: 2024-09-30T09:33:52,328 [main] edu.pitt.gallowdd.persephone.util.Params - ... << School
TRACE: 2024-09-30T09:33:52,556 [main] edu.pitt.gallowdd.persephone.util.Params - Default HOME_DIRECTORY << /Users/ddg5/Eclipse_J2EE_Projects/Persephone
TRACE: 2024-09-30T09:33:52,556 [main] edu.pitt.gallowdd.persephone.util.Params - Default POPULATION_DIRECTORY << /Volumes/LaCie/Persephone_Synthetic_Environment
TRACE: 2024-09-30T09:33:52,556 [main] edu.pitt.gallowdd.persephone.util.Params - Default SEED << 123456
TRACE: 2024-09-30T09:33:52,556 [main] edu.pitt.gallowdd.persephone.util.Params - Default START_DATE << 2019-09-01
TRACE: 2024-09-30T09:33:52,557 [main] edu.pitt.gallowdd.persephone.util.Params - Default END_DATE << 2019-09-30
TRACE: 2024-09-30T09:33:52,557 [main] edu.pitt.gallowdd.persephone.util.Params - Default SYNTH_ENV_DESCRIPTORS:
TRACE: 2024-09-30T09:33:52,557 [main] edu.pitt.gallowdd.persephone.util.Params - ... << USA:PERSEPHONE_V_1_0:01001
TRACE: 2024-09-30T09:33:52,557 [main] edu.pitt.gallowdd.persephone.util.Params - ... << USA:PERSEPHONE_V_1_0:01003
TRACE: 2024-09-30T09:33:52,557 [main] edu.pitt.gallowdd.persephone.util.Params - ... << USA:PERSEPHONE_V_1_0:01005
TRACE: 2024-09-30T09:33:52,557 [main] edu.pitt.gallowdd.persephone.util.Params - ... << USA:PERSEPHONE_V_1_0:01007
TRACE: 2024-09-30T09:33:52,557 [main] edu.pitt.gallowdd.persephone.util.Params - ... << USA:PERSEPHONE_V_1_0:01009
TRACE: 2024-09-30T09:33:52,558 [main] edu.pitt.gallowdd.persephone.util.Params - ... << USA:PERSEPHONE_V_1_0:01011
TRACE: 2024-09-30T09:33:52,558 [main] edu.pitt.gallowdd.persephone.util.Params - Default USER_DEFINED_AGENTS:
TRACE: 2024-09-30T09:33:52,558 [main] edu.pitt.gallowdd.persephone.util.Params - ... << 
TRACE: 2024-09-30T09:33:52,558 [main] edu.pitt.gallowdd.persephone.util.Params - Default USER_DEFINED_LOCATIONS:
TRACE: 2024-09-30T09:33:52,558 [main] edu.pitt.gallowdd.persephone.util.Params - ... << 
DEBUG: 2024-09-30T09:33:52,742 [main] edu.pitt.gallowdd.persephone.overseer.Overseer - Added syntheticEnvironment: SynthEnvRec[country=USA, version=Persephone.v1.0, identifier=01001, estMemRequirement=401652456]
DEBUG: 2024-09-30T09:33:52,803 [main] edu.pitt.gallowdd.persephone.overseer.Overseer - Added syntheticEnvironment: SynthEnvRec[country=USA, version=Persephone.v1.0, identifier=01003, estMemRequirement=1359988509]
ERROR: 2024-09-30T09:33:52,833 [main] edu.pitt.gallowdd.persephone.util.Utils - org.xml.sax.SAXParseException; systemId: file:/Volumes/LaCie/Persephone_Synthetic_Environment/country/USA/Persephone.v1.0/01005/syntheticEnvironmentInfo.xml; lineNumber: 7; columnNumber: 17; cvc-complex-type.2.4.a: Invalid content was found starting with element 'identifier'. One of '{"http://persephone.gallowdd.pitt.edu/xml/synthenv":identifier}' is expected.
ERROR: 2024-09-30T09:33:52,843 [main] edu.pitt.gallowdd.persephone.util.Utils - ERR_XML_VALIDATION: There was an error when trying to Validate XML File: /Volumes/LaCie/Persephone_Synthetic_Environment/country/USA/Persephone.v1.0/01005/syntheticEnvironmentInfo.xml, against XML Schema file: schema/persephoneSyntheticEnvironment.xsd
org.xml.sax.SAXParseException: cvc-complex-type.2.4.a: Invalid content was found starting with element 'identifier'. One of '{"http://persephone.gallowdd.pitt.edu/xml/synthenv":identifier}' is expected.
	at java.xml/com.sun.org.apache.xerces.internal.util.ErrorHandlerWrapper.createSAXParseException(ErrorHandlerWrapper.java:204) ~[?:?]
	at java.xml/com.sun.org.apache.xerces.internal.util.ErrorHandlerWrapper.error(ErrorHandlerWrapper.java:135) ~[?:?]
	at java.xml/com.sun.org.apache.xerces.internal.impl.XMLErrorReporter.reportError(XMLErrorReporter.java:396) ~[?:?]
	at java.xml/com.sun.org.apache.xerces.internal.impl.XMLErrorReporter.reportError(XMLErrorReporter.java:327) ~[?:?]
	at java.xml/com.sun.org.apache.xerces.internal.impl.XMLErrorReporter.reportError(XMLErrorReporter.java:284) ~[?:?]
	at java.xml/com.sun.org.apache.xerces.internal.impl.xs.XMLSchemaValidator$XSIErrorReporter.reportError(XMLSchemaValidator.java:512) ~[?:?]
	at java.xml/com.sun.org.apache.xerces.internal.impl.xs.XMLSchemaValidator.reportSchemaError(XMLSchemaValidator.java:3596) ~[?:?]
	at java.xml/com.sun.org.apache.xerces.internal.impl.xs.XMLSchemaValidator.handleStartElement(XMLSchemaValidator.java:1972) ~[?:?]
	at java.xml/com.sun.org.apache.xerces.internal.impl.xs.XMLSchemaValidator.startElement(XMLSchemaValidator.java:830) ~[?:?]
	at java.xml/com.sun.org.apache.xerces.internal.impl.XMLNSDocumentScannerImpl.scanStartElement(XMLNSDocumentScannerImpl.java:375) ~[?:?]
	at java.xml/com.sun.org.apache.xerces.internal.impl.XMLDocumentFragmentScannerImpl$FragmentContentDriver.next(XMLDocumentFragmentScannerImpl.java:2735) ~[?:?]
	at java.xml/com.sun.org.apache.xerces.internal.impl.XMLDocumentScannerImpl.next(XMLDocumentScannerImpl.java:635) ~[?:?]
	at java.xml/com.sun.org.apache.xerces.internal.impl.XMLNSDocumentScannerImpl.next(XMLNSDocumentScannerImpl.java:113) ~[?:?]
	at java.xml/com.sun.org.apache.xerces.internal.impl.XMLDocumentFragmentScannerImpl.scanDocument(XMLDocumentFragmentScannerImpl.java:551) ~[?:?]
	at java.xml/com.sun.org.apache.xerces.internal.parsers.XML11Configuration.parse(XML11Configuration.java:890) ~[?:?]
	at java.xml/com.sun.org.apache.xerces.internal.parsers.XML11Configuration.parse(XML11Configuration.java:826) ~[?:?]
	at java.xml/com.sun.org.apache.xerces.internal.jaxp.validation.StreamValidatorHelper.validate(StreamValidatorHelper.java:176) ~[?:?]
	at java.xml/com.sun.org.apache.xerces.internal.jaxp.validation.ValidatorImpl.validate(ValidatorImpl.java:115) ~[?:?]
	at java.xml/javax.xml.validation.Validator.validate(Validator.java:124) ~[?:?]
	at edu.pitt.gallowdd.persephone.util.Utils.validateXmlFile(Utils.java:234) [main/:?]
	at edu.pitt.gallowdd.persephone.overseer.Overseer.calculateApproximateMemoryRequirementsForSyntheticEnvironment(Overseer.java:557) [main/:?]
	at edu.pitt.gallowdd.persephone.overseer.Overseer.initTaskSynthEnvArr(Overseer.java:233) [main/:?]
	at edu.pitt.gallowdd.persephone.overseer.Overseer.<init>(Overseer.java:153) [main/:?]
	at edu.pitt.gallowdd.persephone.overseer.Overseer.main(Overseer.java:441) [main/:?]
DEBUG: 2024-09-30T09:33:52,853 [main] edu.pitt.gallowdd.persephone.overseer.Overseer - Added syntheticEnvironment: SynthEnvRec[country=USA, version=Persephone.v1.0, identifier=01005, estMemRequirement=0]
ERROR: 2024-09-30T09:33:52,889 [main] edu.pitt.gallowdd.persephone.util.Utils - org.xml.sax.SAXParseException; systemId: file:/Volumes/LaCie/Persephone_Synthetic_Environment/country/USA/Persephone.v1.0/01007/syntheticEnvironmentInfo.xml; lineNumber: 2; columnNumber: 81; cvc-elt.1.a: Cannot find the declaration of element 'synthetic_environment'.
ERROR: 2024-09-30T09:33:52,889 [main] edu.pitt.gallowdd.persephone.util.Utils - ERR_XML_VALIDATION: There was an error when trying to Validate XML File: /Volumes/LaCie/Persephone_Synthetic_Environment/country/USA/Persephone.v1.0/01007/syntheticEnvironmentInfo.xml, against XML Schema file: schema/persephoneSyntheticEnvironment.xsd
org.xml.sax.SAXParseException: cvc-elt.1.a: Cannot find the declaration of element 'synthetic_environment'.
	at java.xml/com.sun.org.apache.xerces.internal.util.ErrorHandlerWrapper.createSAXParseException(ErrorHandlerWrapper.java:204) ~[?:?]
	at java.xml/com.sun.org.apache.xerces.internal.util.ErrorHandlerWrapper.error(ErrorHandlerWrapper.java:135) ~[?:?]
	at java.xml/com.sun.org.apache.xerces.internal.impl.XMLErrorReporter.reportError(XMLErrorReporter.java:396) ~[?:?]
	at java.xml/com.sun.org.apache.xerces.internal.impl.XMLErrorReporter.reportError(XMLErrorReporter.java:327) ~[?:?]
	at java.xml/com.sun.org.apache.xerces.internal.impl.XMLErrorReporter.reportError(XMLErrorReporter.java:284) ~[?:?]
	at java.xml/com.sun.org.apache.xerces.internal.impl.xs.XMLSchemaValidator.handleStartElement(XMLSchemaValidator.java:2133) ~[?:?]
	at java.xml/com.sun.org.apache.xerces.internal.impl.xs.XMLSchemaValidator.startElement(XMLSchemaValidator.java:830) ~[?:?]
	at java.xml/com.sun.org.apache.xerces.internal.impl.XMLNSDocumentScannerImpl.scanStartElement(XMLNSDocumentScannerImpl.java:375) ~[?:?]
	at java.xml/com.sun.org.apache.xerces.internal.impl.XMLNSDocumentScannerImpl$NSContentDriver.scanRootElementHook(XMLNSDocumentScannerImpl.java:614) ~[?:?]
	at java.xml/com.sun.org.apache.xerces.internal.impl.XMLDocumentFragmentScannerImpl$FragmentContentDriver.next(XMLDocumentFragmentScannerImpl.java:3088) ~[?:?]
	at java.xml/com.sun.org.apache.xerces.internal.impl.XMLDocumentScannerImpl$PrologDriver.next(XMLDocumentScannerImpl.java:866) ~[?:?]
	at java.xml/com.sun.org.apache.xerces.internal.impl.XMLDocumentScannerImpl.next(XMLDocumentScannerImpl.java:635) ~[?:?]
	at java.xml/com.sun.org.apache.xerces.internal.impl.XMLNSDocumentScannerImpl.next(XMLNSDocumentScannerImpl.java:113) ~[?:?]
	at java.xml/com.sun.org.apache.xerces.internal.impl.XMLDocumentFragmentScannerImpl.scanDocument(XMLDocumentFragmentScannerImpl.java:551) ~[?:?]
	at java.xml/com.sun.org.apache.xerces.internal.parsers.XML11Configuration.parse(XML11Configuration.java:890) ~[?:?]
	at java.xml/com.sun.org.apache.xerces.internal.parsers.XML11Configuration.parse(XML11Configuration.java:826) ~[?:?]
	at java.xml/com.sun.org.apache.xerces.internal.jaxp.validation.StreamValidatorHelper.validate(StreamValidatorHelper.java:176) ~[?:?]
	at java.xml/com.sun.org.apache.xerces.internal.jaxp.validation.ValidatorImpl.validate(ValidatorImpl.java:115) ~[?:?]
	at java.xml/javax.xml.validation.Validator.validate(Validator.java:124) ~[?:?]
	at edu.pitt.gallowdd.persephone.util.Utils.validateXmlFile(Utils.java:234) [main/:?]
	at edu.pitt.gallowdd.persephone.overseer.Overseer.calculateApproximateMemoryRequirementsForSyntheticEnvironment(Overseer.java:557) [main/:?]
	at edu.pitt.gallowdd.persephone.overseer.Overseer.initTaskSynthEnvArr(Overseer.java:233) [main/:?]
	at edu.pitt.gallowdd.persephone.overseer.Overseer.<init>(Overseer.java:153) [main/:?]
	at edu.pitt.gallowdd.persephone.overseer.Overseer.main(Overseer.java:441) [main/:?]
DEBUG: 2024-09-30T09:33:52,891 [main] edu.pitt.gallowdd.persephone.overseer.Overseer - Added syntheticEnvironment: SynthEnvRec[country=USA, version=Persephone.v1.0, identifier=01007, estMemRequirement=0]
ERROR: 2024-09-30T09:33:52,913 [main] edu.pitt.gallowdd.persephone.util.Utils - org.xml.sax.SAXParseException; systemId: file:/Volumes/LaCie/Persephone_Synthetic_Environment/country/USA/Persephone.v1.0/01009/syntheticEnvironmentInfo.xml; lineNumber: 2; columnNumber: 81; cvc-elt.1.a: Cannot find the declaration of element 'synthetic_environment'.
ERROR: 2024-09-30T09:33:52,913 [main] edu.pitt.gallowdd.persephone.util.Utils - ERR_XML_VALIDATION: There was an error when trying to Validate XML File: /Volumes/LaCie/Persephone_Synthetic_Environment/country/USA/Persephone.v1.0/01009/syntheticEnvironmentInfo.xml, against XML Schema file: schema/persephoneSyntheticEnvironment.xsd
org.xml.sax.SAXParseException: cvc-elt.1.a: Cannot find the declaration of element 'synthetic_environment'.
	at java.xml/com.sun.org.apache.xerces.internal.util.ErrorHandlerWrapper.createSAXParseException(ErrorHandlerWrapper.java:204) ~[?:?]
	at java.xml/com.sun.org.apache.xerces.internal.util.ErrorHandlerWrapper.error(ErrorHandlerWrapper.java:135) ~[?:?]
	at java.xml/com.sun.org.apache.xerces.internal.impl.XMLErrorReporter.reportError(XMLErrorReporter.java:396) ~[?:?]
	at java.xml/com.sun.org.apache.xerces.internal.impl.XMLErrorReporter.reportError(XMLErrorReporter.java:327) ~[?:?]
	at java.xml/com.sun.org.apache.xerces.internal.impl.XMLErrorReporter.reportError(XMLErrorReporter.java:284) ~[?:?]
	at java.xml/com.sun.org.apache.xerces.internal.impl.xs.XMLSchemaValidator.handleStartElement(XMLSchemaValidator.java:2133) ~[?:?]
	at java.xml/com.sun.org.apache.xerces.internal.impl.xs.XMLSchemaValidator.startElement(XMLSchemaValidator.java:830) ~[?:?]
	at java.xml/com.sun.org.apache.xerces.internal.impl.XMLNSDocumentScannerImpl.scanStartElement(XMLNSDocumentScannerImpl.java:375) ~[?:?]
	at java.xml/com.sun.org.apache.xerces.internal.impl.XMLNSDocumentScannerImpl$NSContentDriver.scanRootElementHook(XMLNSDocumentScannerImpl.java:614) ~[?:?]
	at java.xml/com.sun.org.apache.xerces.internal.impl.XMLDocumentFragmentScannerImpl$FragmentContentDriver.next(XMLDocumentFragmentScannerImpl.java:3088) ~[?:?]
	at java.xml/com.sun.org.apache.xerces.internal.impl.XMLDocumentScannerImpl$PrologDriver.next(XMLDocumentScannerImpl.java:866) ~[?:?]
	at java.xml/com.sun.org.apache.xerces.internal.impl.XMLDocumentScannerImpl.next(XMLDocumentScannerImpl.java:635) ~[?:?]
	at java.xml/com.sun.org.apache.xerces.internal.impl.XMLNSDocumentScannerImpl.next(XMLNSDocumentScannerImpl.java:113) ~[?:?]
	at java.xml/com.sun.org.apache.xerces.internal.impl.XMLDocumentFragmentScannerImpl.scanDocument(XMLDocumentFragmentScannerImpl.java:551) ~[?:?]
	at java.xml/com.sun.org.apache.xerces.internal.parsers.XML11Configuration.parse(XML11Configuration.java:890) ~[?:?]
	at java.xml/com.sun.org.apache.xerces.internal.parsers.XML11Configuration.parse(XML11Configuration.java:826) ~[?:?]
	at java.xml/com.sun.org.apache.xerces.internal.jaxp.validation.StreamValidatorHelper.validate(StreamValidatorHelper.java:176) ~[?:?]
	at java.xml/com.sun.org.apache.xerces.internal.jaxp.validation.ValidatorImpl.validate(ValidatorImpl.java:115) ~[?:?]
	at java.xml/javax.xml.validation.Validator.validate(Validator.java:124) ~[?:?]
	at edu.pitt.gallowdd.persephone.util.Utils.validateXmlFile(Utils.java:234) [main/:?]
	at edu.pitt.gallowdd.persephone.overseer.Overseer.calculateApproximateMemoryRequirementsForSyntheticEnvironment(Overseer.java:557) [main/:?]
	at edu.pitt.gallowdd.persephone.overseer.Overseer.initTaskSynthEnvArr(Overseer.java:233) [main/:?]
	at edu.pitt.gallowdd.persephone.overseer.Overseer.<init>(Overseer.java:153) [main/:?]
	at edu.pitt.gallowdd.persephone.overseer.Overseer.main(Overseer.java:441) [main/:?]
DEBUG: 2024-09-30T09:33:52,914 [main] edu.pitt.gallowdd.persephone.overseer.Overseer - Added syntheticEnvironment: SynthEnvRec[country=USA, version=Persephone.v1.0, identifier=01009, estMemRequirement=0]
ERROR: 2024-09-30T09:33:52,960 [main] edu.pitt.gallowdd.persephone.util.Utils - org.xml.sax.SAXParseException; systemId: file:/Volumes/LaCie/Persephone_Synthetic_Environment/country/USA/Persephone.v1.0/01011/syntheticEnvironmentInfo.xml; lineNumber: 2; columnNumber: 81; cvc-elt.1.a: Cannot find the declaration of element 'synthetic_environment'.
ERROR: 2024-09-30T09:33:52,960 [main] edu.pitt.gallowdd.persephone.util.Utils - ERR_XML_VALIDATION: There was an error when trying to Validate XML File: /Volumes/LaCie/Persephone_Synthetic_Environment/country/USA/Persephone.v1.0/01011/syntheticEnvironmentInfo.xml, against XML Schema file: schema/persephoneSyntheticEnvironment.xsd
org.xml.sax.SAXParseException: cvc-elt.1.a: Cannot find the declaration of element 'synthetic_environment'.
	at java.xml/com.sun.org.apache.xerces.internal.util.ErrorHandlerWrapper.createSAXParseException(ErrorHandlerWrapper.java:204) ~[?:?]
	at java.xml/com.sun.org.apache.xerces.internal.util.ErrorHandlerWrapper.error(ErrorHandlerWrapper.java:135) ~[?:?]
	at java.xml/com.sun.org.apache.xerces.internal.impl.XMLErrorReporter.reportError(XMLErrorReporter.java:396) ~[?:?]
	at java.xml/com.sun.org.apache.xerces.internal.impl.XMLErrorReporter.reportError(XMLErrorReporter.java:327) ~[?:?]
	at java.xml/com.sun.org.apache.xerces.internal.impl.XMLErrorReporter.reportError(XMLErrorReporter.java:284) ~[?:?]
	at java.xml/com.sun.org.apache.xerces.internal.impl.xs.XMLSchemaValidator.handleStartElement(XMLSchemaValidator.java:2133) ~[?:?]
	at java.xml/com.sun.org.apache.xerces.internal.impl.xs.XMLSchemaValidator.startElement(XMLSchemaValidator.java:830) ~[?:?]
	at java.xml/com.sun.org.apache.xerces.internal.impl.XMLNSDocumentScannerImpl.scanStartElement(XMLNSDocumentScannerImpl.java:375) ~[?:?]
	at java.xml/com.sun.org.apache.xerces.internal.impl.XMLNSDocumentScannerImpl$NSContentDriver.scanRootElementHook(XMLNSDocumentScannerImpl.java:614) ~[?:?]
	at java.xml/com.sun.org.apache.xerces.internal.impl.XMLDocumentFragmentScannerImpl$FragmentContentDriver.next(XMLDocumentFragmentScannerImpl.java:3088) ~[?:?]
	at java.xml/com.sun.org.apache.xerces.internal.impl.XMLDocumentScannerImpl$PrologDriver.next(XMLDocumentScannerImpl.java:866) ~[?:?]
	at java.xml/com.sun.org.apache.xerces.internal.impl.XMLDocumentScannerImpl.next(XMLDocumentScannerImpl.java:635) ~[?:?]
	at java.xml/com.sun.org.apache.xerces.internal.impl.XMLNSDocumentScannerImpl.next(XMLNSDocumentScannerImpl.java:113) ~[?:?]
	at java.xml/com.sun.org.apache.xerces.internal.impl.XMLDocumentFragmentScannerImpl.scanDocument(XMLDocumentFragmentScannerImpl.java:551) ~[?:?]
	at java.xml/com.sun.org.apache.xerces.internal.parsers.XML11Configuration.parse(XML11Configuration.java:890) ~[?:?]
	at java.xml/com.sun.org.apache.xerces.internal.parsers.XML11Configuration.parse(XML11Configuration.java:826) ~[?:?]
	at java.xml/com.sun.org.apache.xerces.internal.jaxp.validation.StreamValidatorHelper.validate(StreamValidatorHelper.java:176) ~[?:?]
	at java.xml/com.sun.org.apache.xerces.internal.jaxp.validation.ValidatorImpl.validate(ValidatorImpl.java:115) ~[?:?]
	at java.xml/javax.xml.validation.Validator.validate(Validator.java:124) ~[?:?]
	at edu.pitt.gallowdd.persephone.util.Utils.validateXmlFile(Utils.java:234) [main/:?]
	at edu.pitt.gallowdd.persephone.overseer.Overseer.calculateApproximateMemoryRequirementsForSyntheticEnvironment(Overseer.java:557) [main/:?]
	at edu.pitt.gallowdd.persephone.overseer.Overseer.initTaskSynthEnvArr(Overseer.java:233) [main/:?]
	at edu.pitt.gallowdd.persephone.overseer.Overseer.<init>(Overseer.java:153) [main/:?]
	at edu.pitt.gallowdd.persephone.overseer.Overseer.main(Overseer.java:441) [main/:?]
DEBUG: 2024-09-30T09:33:52,961 [main] edu.pitt.gallowdd.persephone.overseer.Overseer - Added syntheticEnvironment: SynthEnvRec[country=USA, version=Persephone.v1.0, identifier=01011, estMemRequirement=0]
DEBUG: 2024-09-30T09:33:52,961 [main] edu.pitt.gallowdd.persephone.overseer.Overseer - ---------------------------------------------- myEnvironmentList ----------------------------------------------
DEBUG: 2024-09-30T09:33:52,962 [main] edu.pitt.gallowdd.persephone.overseer.Overseer - SynthEnvRec[country=USA, version=Persephone.v1.0, identifier=01001, estMemRequirement=401652456]
DEBUG: 2024-09-30T09:33:52,962 [main] edu.pitt.gallowdd.persephone.overseer.Overseer - SynthEnvRec[country=USA, version=Persephone.v1.0, identifier=01003, estMemRequirement=1359988509]
DEBUG: 2024-09-30T09:33:52,962 [main] edu.pitt.gallowdd.persephone.overseer.Overseer - SynthEnvRec[country=USA, version=Persephone.v1.0, identifier=01005, estMemRequirement=0]
DEBUG: 2024-09-30T09:33:52,962 [main] edu.pitt.gallowdd.persephone.overseer.Overseer - SynthEnvRec[country=USA, version=Persephone.v1.0, identifier=01007, estMemRequirement=0]
DEBUG: 2024-09-30T09:33:52,963 [main] edu.pitt.gallowdd.persephone.overseer.Overseer - SynthEnvRec[country=USA, version=Persephone.v1.0, identifier=01009, estMemRequirement=0]
DEBUG: 2024-09-30T09:33:52,963 [main] edu.pitt.gallowdd.persephone.overseer.Overseer - SynthEnvRec[country=USA, version=Persephone.v1.0, identifier=01011, estMemRequirement=0]
DEBUG: 2024-09-30T09:33:52,963 [main] edu.pitt.gallowdd.persephone.overseer.Overseer - --------------------------------------------------------------------------------------------------------------
DEBUG: 2024-09-30T09:33:52,963 [main] edu.pitt.gallowdd.persephone.overseer.Overseer - ------------------------------------------ Sorted: myEnvironmentList ------------------------------------------
DEBUG: 2024-09-30T09:33:52,964 [main] edu.pitt.gallowdd.persephone.overseer.Overseer - SynthEnvRec[country=USA, version=Persephone.v1.0, identifier=01005, estMemRequirement=0]
DEBUG: 2024-09-30T09:33:52,964 [main] edu.pitt.gallowdd.persephone.overseer.Overseer - SynthEnvRec[country=USA, version=Persephone.v1.0, identifier=01007, estMemRequirement=0]
DEBUG: 2024-09-30T09:33:52,964 [main] edu.pitt.gallowdd.persephone.overseer.Overseer - SynthEnvRec[country=USA, version=Persephone.v1.0, identifier=01009, estMemRequirement=0]
DEBUG: 2024-09-30T09:33:52,964 [main] edu.pitt.gallowdd.persephone.overseer.Overseer - SynthEnvRec[country=USA, version=Persephone.v1.0, identifier=01011, estMemRequirement=0]
DEBUG: 2024-09-30T09:33:52,964 [main] edu.pitt.gallowdd.persephone.overseer.Overseer - SynthEnvRec[country=USA, version=Persephone.v1.0, identifier=01001, estMemRequirement=401652456]
DEBUG: 2024-09-30T09:33:52,964 [main] edu.pitt.gallowdd.persephone.overseer.Overseer - SynthEnvRec[country=USA, version=Persephone.v1.0, identifier=01003, estMemRequirement=1359988509]
DEBUG: 2024-09-30T09:33:52,964 [main] edu.pitt.gallowdd.persephone.overseer.Overseer - --------------------------------------------------------------------------------------------------------------
DEBUG: 2024-09-30T09:33:52,965 [main] edu.pitt.gallowdd.persephone.overseer.Overseer - Array Out:
DEBUG: 2024-09-30T09:33:52,965 [main] edu.pitt.gallowdd.persephone.overseer.Overseer - [SynthEnvRec[country=USA, version=Persephone.v1.0, identifier=01003, estMemRequirement=1359988509]]
DEBUG: 2024-09-30T09:33:52,965 [main] edu.pitt.gallowdd.persephone.overseer.Overseer - [SynthEnvRec[country=USA, version=Persephone.v1.0, identifier=01005, estMemRequirement=0], SynthEnvRec[country=USA, version=Persephone.v1.0, identifier=01007, estMemRequirement=0], SynthEnvRec[country=USA, version=Persephone.v1.0, identifier=01009, estMemRequirement=0], SynthEnvRec[country=USA, version=Persephone.v1.0, identifier=01011, estMemRequirement=0], SynthEnvRec[country=USA, version=Persephone.v1.0, identifier=01001, estMemRequirement=401652456]]
DEBUG: 2024-09-30T09:33:53,047 [pool-2-thread-2] edu.pitt.gallowdd.persephone.controller.Controller - CNTRLR_f39b314c-58ae-4b58-9028-2a4b2af29831 PHASE[OverseerInitializeRequest]. Waiting for others to advance ...
DEBUG: 2024-09-30T09:33:53,047 [pool-2-thread-1] edu.pitt.gallowdd.persephone.controller.Controller - CNTRLR_2736f321-41b8-4f96-a179-31c1f19b20b0 PHASE[OverseerInitializeRequest]. Waiting for others to advance ...
DEBUG: 2024-09-30T09:33:53,857 [pool-2-thread-2] edu.pitt.gallowdd.persephone.controller.Controller - addedAgents.size() = 27325
DEBUG: 2024-09-30T09:33:53,857 [pool-2-thread-2] edu.pitt.gallowdd.persephone.controller.Controller - addedAgentIds.size() = 27325
DEBUG: 2024-09-30T09:33:53,872 [pool-2-thread-2] edu.pitt.gallowdd.persephone.controller.Controller - threadCommQueue.size() = 27325
DEBUG: 2024-09-30T09:33:54,124 [pool-2-thread-2] edu.pitt.gallowdd.persephone.location.initializer.LocationListManagerInitializer - Added 9820 households
DEBUG: 2024-09-30T09:33:54,147 [pool-2-thread-2] edu.pitt.gallowdd.persephone.location.initializer.LocationListManagerInitializer - Added 2027 workplaces
DEBUG: 2024-09-30T09:33:54,174 [pool-2-thread-2] edu.pitt.gallowdd.persephone.location.initializer.LocationListManagerInitializer - Added 16 schools
DEBUG: 2024-09-30T09:33:54,298 [pool-2-thread-2] edu.pitt.gallowdd.persephone.controller.Controller - addedLocations.size() = 11863
DEBUG: 2024-09-30T09:33:54,299 [pool-2-thread-2] edu.pitt.gallowdd.persephone.controller.Controller - addedLocationIds.size() = 11863
DEBUG: 2024-09-30T09:33:54,304 [pool-2-thread-2] edu.pitt.gallowdd.persephone.controller.Controller - threadCommQueue.size() = 39188
DEBUG: 2024-09-30T09:33:54,673 [pool-2-thread-2] edu.pitt.gallowdd.persephone.controller.Controller - addedAgents.size() = 22845
DEBUG: 2024-09-30T09:33:54,673 [pool-2-thread-2] edu.pitt.gallowdd.persephone.controller.Controller - addedAgentIds.size() = 22845
DEBUG: 2024-09-30T09:33:54,677 [pool-2-thread-2] edu.pitt.gallowdd.persephone.controller.Controller - threadCommQueue.size() = 62033
DEBUG: 2024-09-30T09:33:54,750 [pool-2-thread-2] edu.pitt.gallowdd.persephone.location.initializer.LocationListManagerInitializer - Added 7953 households
DEBUG: 2024-09-30T09:33:54,771 [pool-2-thread-2] edu.pitt.gallowdd.persephone.location.initializer.LocationListManagerInitializer - Added 3221 workplaces
DEBUG: 2024-09-30T09:33:54,803 [pool-2-thread-2] edu.pitt.gallowdd.persephone.location.initializer.LocationListManagerInitializer - Added 21 schools
DEBUG: 2024-09-30T09:33:55,094 [pool-2-thread-2] edu.pitt.gallowdd.persephone.controller.Controller - addedLocations.size() = 11195
DEBUG: 2024-09-30T09:33:55,094 [pool-2-thread-2] edu.pitt.gallowdd.persephone.controller.Controller - addedLocationIds.size() = 11195
DEBUG: 2024-09-30T09:33:55,095 [pool-2-thread-2] edu.pitt.gallowdd.persephone.controller.Controller - threadCommQueue.size() = 73228
DEBUG: 2024-09-30T09:33:56,229 [pool-2-thread-2] edu.pitt.gallowdd.persephone.controller.Controller - addedAgents.size() = 56898
DEBUG: 2024-09-30T09:33:56,230 [pool-2-thread-2] edu.pitt.gallowdd.persephone.controller.Controller - addedAgentIds.size() = 56898
DEBUG: 2024-09-30T09:33:56,235 [pool-2-thread-2] edu.pitt.gallowdd.persephone.controller.Controller - threadCommQueue.size() = 130126
DEBUG: 2024-09-30T09:33:56,416 [pool-2-thread-2] edu.pitt.gallowdd.persephone.location.initializer.LocationListManagerInitializer - Added 21578 households
DEBUG: 2024-09-30T09:33:56,449 [pool-2-thread-2] edu.pitt.gallowdd.persephone.location.initializer.LocationListManagerInitializer - Added 8187 workplaces
DEBUG: 2024-09-30T09:33:56,470 [pool-2-thread-2] edu.pitt.gallowdd.persephone.location.initializer.LocationListManagerInitializer - Added 41 schools
DEBUG: 2024-09-30T09:33:56,779 [pool-2-thread-1] edu.pitt.gallowdd.persephone.controller.Controller - addedAgents.size() = 182069
DEBUG: 2024-09-30T09:33:56,779 [pool-2-thread-1] edu.pitt.gallowdd.persephone.controller.Controller - addedAgentIds.size() = 182069
DEBUG: 2024-09-30T09:33:56,806 [pool-2-thread-1] edu.pitt.gallowdd.persephone.controller.Controller - threadCommQueue.size() = 182069
DEBUG: 2024-09-30T09:33:57,400 [pool-2-thread-2] edu.pitt.gallowdd.persephone.controller.Controller - addedLocations.size() = 29806
DEBUG: 2024-09-30T09:33:57,400 [pool-2-thread-2] edu.pitt.gallowdd.persephone.controller.Controller - addedLocationIds.size() = 29806
DEBUG: 2024-09-30T09:33:57,405 [pool-2-thread-2] edu.pitt.gallowdd.persephone.controller.Controller - threadCommQueue.size() = 159932
DEBUG: 2024-09-30T09:33:57,613 [pool-2-thread-1] edu.pitt.gallowdd.persephone.location.initializer.LocationListManagerInitializer - Added 73180 households
DEBUG: 2024-09-30T09:33:57,723 [pool-2-thread-1] edu.pitt.gallowdd.persephone.location.initializer.LocationListManagerInitializer - Added 16995 workplaces
DEBUG: 2024-09-30T09:33:57,728 [pool-2-thread-2] edu.pitt.gallowdd.persephone.controller.Controller - addedAgents.size() = 10869
DEBUG: 2024-09-30T09:33:57,729 [pool-2-thread-2] edu.pitt.gallowdd.persephone.controller.Controller - addedAgentIds.size() = 10869
DEBUG: 2024-09-30T09:33:57,733 [pool-2-thread-2] edu.pitt.gallowdd.persephone.controller.Controller - threadCommQueue.size() = 170801
DEBUG: 2024-09-30T09:33:57,734 [pool-2-thread-1] edu.pitt.gallowdd.persephone.location.initializer.LocationListManagerInitializer - Added 45 schools
DEBUG: 2024-09-30T09:33:57,781 [pool-2-thread-2] edu.pitt.gallowdd.persephone.location.initializer.LocationListManagerInitializer - Added 3745 households
DEBUG: 2024-09-30T09:33:57,833 [pool-2-thread-2] edu.pitt.gallowdd.persephone.location.initializer.LocationListManagerInitializer - Added 1356 workplaces
DEBUG: 2024-09-30T09:33:57,866 [pool-2-thread-2] edu.pitt.gallowdd.persephone.location.initializer.LocationListManagerInitializer - Added 9 schools
DEBUG: 2024-09-30T09:33:58,293 [pool-2-thread-2] edu.pitt.gallowdd.persephone.controller.Controller - addedLocations.size() = 5110
DEBUG: 2024-09-30T09:33:58,293 [pool-2-thread-2] edu.pitt.gallowdd.persephone.controller.Controller - addedLocationIds.size() = 5110
DEBUG: 2024-09-30T09:33:58,297 [pool-2-thread-2] edu.pitt.gallowdd.persephone.controller.Controller - threadCommQueue.size() = 175911
DEBUG: 2024-09-30T09:33:59,654 [pool-2-thread-2] edu.pitt.gallowdd.persephone.controller.Controller - addedAgents.size() = 54534
DEBUG: 2024-09-30T09:33:59,654 [pool-2-thread-2] edu.pitt.gallowdd.persephone.controller.Controller - addedAgentIds.size() = 54534
DEBUG: 2024-09-30T09:33:59,660 [pool-2-thread-2] edu.pitt.gallowdd.persephone.controller.Controller - threadCommQueue.size() = 230445
DEBUG: 2024-09-30T09:33:59,878 [pool-2-thread-2] edu.pitt.gallowdd.persephone.location.initializer.LocationListManagerInitializer - Added 20221 households
DEBUG: 2024-09-30T09:33:59,915 [pool-2-thread-2] edu.pitt.gallowdd.persephone.location.initializer.LocationListManagerInitializer - Added 6251 workplaces
DEBUG: 2024-09-30T09:33:59,931 [pool-2-thread-2] edu.pitt.gallowdd.persephone.location.initializer.LocationListManagerInitializer - Added 24 schools
DEBUG: 2024-09-30T09:34:01,328 [pool-2-thread-2] edu.pitt.gallowdd.persephone.controller.Controller - addedLocations.size() = 26496
DEBUG: 2024-09-30T09:34:01,329 [pool-2-thread-2] edu.pitt.gallowdd.persephone.controller.Controller - addedLocationIds.size() = 26496
DEBUG: 2024-09-30T09:34:01,333 [pool-2-thread-2] edu.pitt.gallowdd.persephone.controller.Controller - threadCommQueue.size() = 256941
DEBUG: 2024-09-30T09:34:01,463 [pool-2-thread-1] edu.pitt.gallowdd.persephone.controller.Controller - addedLocations.size() = 90220
DEBUG: 2024-09-30T09:34:01,463 [pool-2-thread-1] edu.pitt.gallowdd.persephone.controller.Controller - addedLocationIds.size() = 90220
DEBUG: 2024-09-30T09:34:01,469 [pool-2-thread-1] edu.pitt.gallowdd.persephone.controller.Controller - threadCommQueue.size() = 272289
DEBUG: 2024-09-30T09:34:01,469 [pool-2-thread-1] edu.pitt.gallowdd.persephone.controller.Controller - CNTRLR_2736f321-41b8-4f96-a179-31c1f19b20b0 PHASE[ControllerInitializationResponse]. Waiting for others to advance ...
DEBUG: 2024-09-30T09:34:01,469 [pool-2-thread-2] edu.pitt.gallowdd.persephone.controller.Controller - CNTRLR_f39b314c-58ae-4b58-9028-2a4b2af29831 PHASE[ControllerInitializationResponse]. Waiting for others to advance ...
DEBUG: 2024-09-30T09:34:01,470 [pool-2-thread-2] edu.pitt.gallowdd.persephone.controller.Controller - CNTRLR_f39b314c-58ae-4b58-9028-2a4b2af29831 PHASE[OverseerNormalizeRequest]. Waiting for others to advance ...
DEBUG: 2024-09-30T09:34:01,470 [pool-2-thread-1] edu.pitt.gallowdd.persephone.controller.Controller - CNTRLR_2736f321-41b8-4f96-a179-31c1f19b20b0 PHASE[OverseerNormalizeRequest]. Waiting for others to advance ...
INFO: 2024-09-30T09:34:01,620 [pool-2-thread-1] edu.pitt.gallowdd.persephone.controller.Controller - Controller CNTRLR_2736f321-41b8-4f96-a179-31c1f19b20b0 removed 0 networks during Normalization Phase
INFO: 2024-09-30T09:34:01,621 [pool-2-thread-1] edu.pitt.gallowdd.persephone.controller.Controller - Controller CNTRLR_2736f321-41b8-4f96-a179-31c1f19b20b0 removed 218 locations during Normalization Phase
INFO: 2024-09-30T09:34:01,621 [pool-2-thread-2] edu.pitt.gallowdd.persephone.controller.Controller - Controller CNTRLR_f39b314c-58ae-4b58-9028-2a4b2af29831 removed 0 networks during Normalization Phase
DEBUG: 2024-09-30T09:34:01,621 [pool-2-thread-1] edu.pitt.gallowdd.persephone.controller.Controller - CNTRLR_2736f321-41b8-4f96-a179-31c1f19b20b0 PHASE[ControllerNormalizeResponse]. Waiting for others to advance ...
INFO: 2024-09-30T09:34:01,621 [pool-2-thread-2] edu.pitt.gallowdd.persephone.controller.Controller - Controller CNTRLR_f39b314c-58ae-4b58-9028-2a4b2af29831 removed 1063 locations during Normalization Phase
DEBUG: 2024-09-30T09:34:01,621 [pool-2-thread-2] edu.pitt.gallowdd.persephone.controller.Controller - CNTRLR_f39b314c-58ae-4b58-9028-2a4b2af29831 PHASE[ControllerNormalizeResponse]. Waiting for others to advance ...
