ERROR: 2024-11-11T08:59:51,015 [main] edu.pitt.gallowdd.persephone.util.Utils - org.xml.sax.SAXParseException; systemId: file:/Volumes/LaCie/Persephone_Synthetic_Environment/country/USA/Persephone.v1.0/01005/syntheticEnvironmentInfo.xml; lineNumber: 7; columnNumber: 17; cvc-complex-type.2.4.a: Invalid content was found starting with element 'identifier'. One of '{"http://persephone.gallowdd.pitt.edu/xml/synthenv":identifier}' is expected.
ERROR: 2024-11-11T08:59:51,021 [main] edu.pitt.gallowdd.persephone.util.Utils - ERR_XML_VALIDATION: There was an error when trying to Validate XML File: /Volumes/LaCie/Persephone_Synthetic_Environment/country/USA/Persephone.v1.0/01005/syntheticEnvironmentInfo.xml, against XML Schema file: schema/persephoneSyntheticEnvironment.xsd
org.xml.sax.SAXParseException: cvc-complex-type.2.4.a: Invalid content was found starting with element 'identifier'. One of '{"http://persephone.gallowdd.pitt.edu/xml/synthenv":identifier}' is expected.
	at java.xml/com.sun.org.apache.xerces.internal.util.ErrorHandlerWrapper.createSAXParseException(ErrorHandlerWrapper.java:204) ~[?:?]
	at java.xml/com.sun.org.apache.xerces.internal.util.ErrorHandlerWrapper.error(ErrorHandlerWrapper.java:135) ~[?:?]
	at java.xml/com.sun.org.apache.xerces.internal.impl.XMLErrorReporter.reportError(XMLErrorReporter.java:396) ~[?:?]
	at java.xml/com.sun.org.apache.xerces.internal.impl.XMLErrorReporter.reportError(XMLErrorReporter.java:327) ~[?:?]
	at java.xml/com.sun.org.apache.xerces.internal.impl.XMLErrorReporter.reportError(XMLErrorReporter.java:284) ~[?:?]
	at java.xml/com.sun.org.apache.xerces.internal.impl.xs.XMLSchemaValidator$XSIErrorReporter.reportError(XMLSchemaValidator.java:512) ~[?:?]
	at java.xml/com.sun.org.apache.xerces.internal.impl.xs.XMLSchemaValidator.reportSchemaError(XMLSchemaValidator.java:3596) ~[?:?]
	at java.xml/com.sun.org.apache.xerces.internal.impl.xs.XMLSchemaValidator.handleStartElement(XMLSchemaValidator.java:1972) ~[?:?]
	at java.xml/com.sun.org.apache.xerces.internal.impl.xs.XMLSchemaValidator.startElement(XMLSchemaValidator.java:830) ~[?:?]
	at java.xml/com.sun.org.apache.xerces.internal.impl.XMLNSDocumentScannerImpl.scanStartElement(XMLNSDocumentScannerImpl.java:375) ~[?:?]
	at java.xml/com.sun.org.apache.xerces.internal.impl.XMLDocumentFragmentScannerImpl$FragmentContentDriver.next(XMLDocumentFragmentScannerImpl.java:2735) ~[?:?]
	at java.xml/com.sun.org.apache.xerces.internal.impl.XMLDocumentScannerImpl.next(XMLDocumentScannerImpl.java:635) ~[?:?]
	at java.xml/com.sun.org.apache.xerces.internal.impl.XMLNSDocumentScannerImpl.next(XMLNSDocumentScannerImpl.java:113) ~[?:?]
	at java.xml/com.sun.org.apache.xerces.internal.impl.XMLDocumentFragmentScannerImpl.scanDocument(XMLDocumentFragmentScannerImpl.java:551) ~[?:?]
	at java.xml/com.sun.org.apache.xerces.internal.parsers.XML11Configuration.parse(XML11Configuration.java:890) ~[?:?]
	at java.xml/com.sun.org.apache.xerces.internal.parsers.XML11Configuration.parse(XML11Configuration.java:826) ~[?:?]
	at java.xml/com.sun.org.apache.xerces.internal.jaxp.validation.StreamValidatorHelper.validate(StreamValidatorHelper.java:176) ~[?:?]
	at java.xml/com.sun.org.apache.xerces.internal.jaxp.validation.ValidatorImpl.validate(ValidatorImpl.java:115) ~[?:?]
	at java.xml/javax.xml.validation.Validator.validate(Validator.java:124) ~[?:?]
	at edu.pitt.gallowdd.persephone.util.Utils.validateXmlFile(Utils.java:247) [main/:?]
	at edu.pitt.gallowdd.persephone.overseer.Overseer.calculateApproximateMemoryRequirementsForSyntheticEnvironment(Overseer.java:557) [main/:?]
	at edu.pitt.gallowdd.persephone.overseer.Overseer.initTaskSynthEnvArr(Overseer.java:233) [main/:?]
	at edu.pitt.gallowdd.persephone.overseer.Overseer.<init>(Overseer.java:153) [main/:?]
	at edu.pitt.gallowdd.persephone.overseer.Overseer.main(Overseer.java:441) [main/:?]
ERROR: 2024-11-11T08:59:51,091 [main] edu.pitt.gallowdd.persephone.util.Utils - org.xml.sax.SAXParseException; systemId: file:/Volumes/LaCie/Persephone_Synthetic_Environment/country/USA/Persephone.v1.0/01007/syntheticEnvironmentInfo.xml; lineNumber: 2; columnNumber: 81; cvc-elt.1.a: Cannot find the declaration of element 'synthetic_environment'.
ERROR: 2024-11-11T08:59:51,091 [main] edu.pitt.gallowdd.persephone.util.Utils - ERR_XML_VALIDATION: There was an error when trying to Validate XML File: /Volumes/LaCie/Persephone_Synthetic_Environment/country/USA/Persephone.v1.0/01007/syntheticEnvironmentInfo.xml, against XML Schema file: schema/persephoneSyntheticEnvironment.xsd
org.xml.sax.SAXParseException: cvc-elt.1.a: Cannot find the declaration of element 'synthetic_environment'.
	at java.xml/com.sun.org.apache.xerces.internal.util.ErrorHandlerWrapper.createSAXParseException(ErrorHandlerWrapper.java:204) ~[?:?]
	at java.xml/com.sun.org.apache.xerces.internal.util.ErrorHandlerWrapper.error(ErrorHandlerWrapper.java:135) ~[?:?]
	at java.xml/com.sun.org.apache.xerces.internal.impl.XMLErrorReporter.reportError(XMLErrorReporter.java:396) ~[?:?]
	at java.xml/com.sun.org.apache.xerces.internal.impl.XMLErrorReporter.reportError(XMLErrorReporter.java:327) ~[?:?]
	at java.xml/com.sun.org.apache.xerces.internal.impl.XMLErrorReporter.reportError(XMLErrorReporter.java:284) ~[?:?]
	at java.xml/com.sun.org.apache.xerces.internal.impl.xs.XMLSchemaValidator.handleStartElement(XMLSchemaValidator.java:2133) ~[?:?]
	at java.xml/com.sun.org.apache.xerces.internal.impl.xs.XMLSchemaValidator.startElement(XMLSchemaValidator.java:830) ~[?:?]
	at java.xml/com.sun.org.apache.xerces.internal.impl.XMLNSDocumentScannerImpl.scanStartElement(XMLNSDocumentScannerImpl.java:375) ~[?:?]
	at java.xml/com.sun.org.apache.xerces.internal.impl.XMLNSDocumentScannerImpl$NSContentDriver.scanRootElementHook(XMLNSDocumentScannerImpl.java:614) ~[?:?]
	at java.xml/com.sun.org.apache.xerces.internal.impl.XMLDocumentFragmentScannerImpl$FragmentContentDriver.next(XMLDocumentFragmentScannerImpl.java:3088) ~[?:?]
	at java.xml/com.sun.org.apache.xerces.internal.impl.XMLDocumentScannerImpl$PrologDriver.next(XMLDocumentScannerImpl.java:866) ~[?:?]
	at java.xml/com.sun.org.apache.xerces.internal.impl.XMLDocumentScannerImpl.next(XMLDocumentScannerImpl.java:635) ~[?:?]
	at java.xml/com.sun.org.apache.xerces.internal.impl.XMLNSDocumentScannerImpl.next(XMLNSDocumentScannerImpl.java:113) ~[?:?]
	at java.xml/com.sun.org.apache.xerces.internal.impl.XMLDocumentFragmentScannerImpl.scanDocument(XMLDocumentFragmentScannerImpl.java:551) ~[?:?]
	at java.xml/com.sun.org.apache.xerces.internal.parsers.XML11Configuration.parse(XML11Configuration.java:890) ~[?:?]
	at java.xml/com.sun.org.apache.xerces.internal.parsers.XML11Configuration.parse(XML11Configuration.java:826) ~[?:?]
	at java.xml/com.sun.org.apache.xerces.internal.jaxp.validation.StreamValidatorHelper.validate(StreamValidatorHelper.java:176) ~[?:?]
	at java.xml/com.sun.org.apache.xerces.internal.jaxp.validation.ValidatorImpl.validate(ValidatorImpl.java:115) ~[?:?]
	at java.xml/javax.xml.validation.Validator.validate(Validator.java:124) ~[?:?]
	at edu.pitt.gallowdd.persephone.util.Utils.validateXmlFile(Utils.java:247) [main/:?]
	at edu.pitt.gallowdd.persephone.overseer.Overseer.calculateApproximateMemoryRequirementsForSyntheticEnvironment(Overseer.java:557) [main/:?]
	at edu.pitt.gallowdd.persephone.overseer.Overseer.initTaskSynthEnvArr(Overseer.java:233) [main/:?]
	at edu.pitt.gallowdd.persephone.overseer.Overseer.<init>(Overseer.java:153) [main/:?]
	at edu.pitt.gallowdd.persephone.overseer.Overseer.main(Overseer.java:441) [main/:?]
ERROR: 2024-11-11T08:59:51,114 [main] edu.pitt.gallowdd.persephone.util.Utils - org.xml.sax.SAXParseException; systemId: file:/Volumes/LaCie/Persephone_Synthetic_Environment/country/USA/Persephone.v1.0/01009/syntheticEnvironmentInfo.xml; lineNumber: 2; columnNumber: 81; cvc-elt.1.a: Cannot find the declaration of element 'synthetic_environment'.
ERROR: 2024-11-11T08:59:51,115 [main] edu.pitt.gallowdd.persephone.util.Utils - ERR_XML_VALIDATION: There was an error when trying to Validate XML File: /Volumes/LaCie/Persephone_Synthetic_Environment/country/USA/Persephone.v1.0/01009/syntheticEnvironmentInfo.xml, against XML Schema file: schema/persephoneSyntheticEnvironment.xsd
org.xml.sax.SAXParseException: cvc-elt.1.a: Cannot find the declaration of element 'synthetic_environment'.
	at java.xml/com.sun.org.apache.xerces.internal.util.ErrorHandlerWrapper.createSAXParseException(ErrorHandlerWrapper.java:204) ~[?:?]
	at java.xml/com.sun.org.apache.xerces.internal.util.ErrorHandlerWrapper.error(ErrorHandlerWrapper.java:135) ~[?:?]
	at java.xml/com.sun.org.apache.xerces.internal.impl.XMLErrorReporter.reportError(XMLErrorReporter.java:396) ~[?:?]
	at java.xml/com.sun.org.apache.xerces.internal.impl.XMLErrorReporter.reportError(XMLErrorReporter.java:327) ~[?:?]
	at java.xml/com.sun.org.apache.xerces.internal.impl.XMLErrorReporter.reportError(XMLErrorReporter.java:284) ~[?:?]
	at java.xml/com.sun.org.apache.xerces.internal.impl.xs.XMLSchemaValidator.handleStartElement(XMLSchemaValidator.java:2133) ~[?:?]
	at java.xml/com.sun.org.apache.xerces.internal.impl.xs.XMLSchemaValidator.startElement(XMLSchemaValidator.java:830) ~[?:?]
	at java.xml/com.sun.org.apache.xerces.internal.impl.XMLNSDocumentScannerImpl.scanStartElement(XMLNSDocumentScannerImpl.java:375) ~[?:?]
	at java.xml/com.sun.org.apache.xerces.internal.impl.XMLNSDocumentScannerImpl$NSContentDriver.scanRootElementHook(XMLNSDocumentScannerImpl.java:614) ~[?:?]
	at java.xml/com.sun.org.apache.xerces.internal.impl.XMLDocumentFragmentScannerImpl$FragmentContentDriver.next(XMLDocumentFragmentScannerImpl.java:3088) ~[?:?]
	at java.xml/com.sun.org.apache.xerces.internal.impl.XMLDocumentScannerImpl$PrologDriver.next(XMLDocumentScannerImpl.java:866) ~[?:?]
	at java.xml/com.sun.org.apache.xerces.internal.impl.XMLDocumentScannerImpl.next(XMLDocumentScannerImpl.java:635) ~[?:?]
	at java.xml/com.sun.org.apache.xerces.internal.impl.XMLNSDocumentScannerImpl.next(XMLNSDocumentScannerImpl.java:113) ~[?:?]
	at java.xml/com.sun.org.apache.xerces.internal.impl.XMLDocumentFragmentScannerImpl.scanDocument(XMLDocumentFragmentScannerImpl.java:551) ~[?:?]
	at java.xml/com.sun.org.apache.xerces.internal.parsers.XML11Configuration.parse(XML11Configuration.java:890) ~[?:?]
	at java.xml/com.sun.org.apache.xerces.internal.parsers.XML11Configuration.parse(XML11Configuration.java:826) ~[?:?]
	at java.xml/com.sun.org.apache.xerces.internal.jaxp.validation.StreamValidatorHelper.validate(StreamValidatorHelper.java:176) ~[?:?]
	at java.xml/com.sun.org.apache.xerces.internal.jaxp.validation.ValidatorImpl.validate(ValidatorImpl.java:115) ~[?:?]
	at java.xml/javax.xml.validation.Validator.validate(Validator.java:124) ~[?:?]
	at edu.pitt.gallowdd.persephone.util.Utils.validateXmlFile(Utils.java:247) [main/:?]
	at edu.pitt.gallowdd.persephone.overseer.Overseer.calculateApproximateMemoryRequirementsForSyntheticEnvironment(Overseer.java:557) [main/:?]
	at edu.pitt.gallowdd.persephone.overseer.Overseer.initTaskSynthEnvArr(Overseer.java:233) [main/:?]
	at edu.pitt.gallowdd.persephone.overseer.Overseer.<init>(Overseer.java:153) [main/:?]
	at edu.pitt.gallowdd.persephone.overseer.Overseer.main(Overseer.java:441) [main/:?]
ERROR: 2024-11-11T08:59:51,153 [main] edu.pitt.gallowdd.persephone.util.Utils - org.xml.sax.SAXParseException; systemId: file:/Volumes/LaCie/Persephone_Synthetic_Environment/country/USA/Persephone.v1.0/01011/syntheticEnvironmentInfo.xml; lineNumber: 2; columnNumber: 81; cvc-elt.1.a: Cannot find the declaration of element 'synthetic_environment'.
ERROR: 2024-11-11T08:59:51,153 [main] edu.pitt.gallowdd.persephone.util.Utils - ERR_XML_VALIDATION: There was an error when trying to Validate XML File: /Volumes/LaCie/Persephone_Synthetic_Environment/country/USA/Persephone.v1.0/01011/syntheticEnvironmentInfo.xml, against XML Schema file: schema/persephoneSyntheticEnvironment.xsd
org.xml.sax.SAXParseException: cvc-elt.1.a: Cannot find the declaration of element 'synthetic_environment'.
	at java.xml/com.sun.org.apache.xerces.internal.util.ErrorHandlerWrapper.createSAXParseException(ErrorHandlerWrapper.java:204) ~[?:?]
	at java.xml/com.sun.org.apache.xerces.internal.util.ErrorHandlerWrapper.error(ErrorHandlerWrapper.java:135) ~[?:?]
	at java.xml/com.sun.org.apache.xerces.internal.impl.XMLErrorReporter.reportError(XMLErrorReporter.java:396) ~[?:?]
	at java.xml/com.sun.org.apache.xerces.internal.impl.XMLErrorReporter.reportError(XMLErrorReporter.java:327) ~[?:?]
	at java.xml/com.sun.org.apache.xerces.internal.impl.XMLErrorReporter.reportError(XMLErrorReporter.java:284) ~[?:?]
	at java.xml/com.sun.org.apache.xerces.internal.impl.xs.XMLSchemaValidator.handleStartElement(XMLSchemaValidator.java:2133) ~[?:?]
	at java.xml/com.sun.org.apache.xerces.internal.impl.xs.XMLSchemaValidator.startElement(XMLSchemaValidator.java:830) ~[?:?]
	at java.xml/com.sun.org.apache.xerces.internal.impl.XMLNSDocumentScannerImpl.scanStartElement(XMLNSDocumentScannerImpl.java:375) ~[?:?]
	at java.xml/com.sun.org.apache.xerces.internal.impl.XMLNSDocumentScannerImpl$NSContentDriver.scanRootElementHook(XMLNSDocumentScannerImpl.java:614) ~[?:?]
	at java.xml/com.sun.org.apache.xerces.internal.impl.XMLDocumentFragmentScannerImpl$FragmentContentDriver.next(XMLDocumentFragmentScannerImpl.java:3088) ~[?:?]
	at java.xml/com.sun.org.apache.xerces.internal.impl.XMLDocumentScannerImpl$PrologDriver.next(XMLDocumentScannerImpl.java:866) ~[?:?]
	at java.xml/com.sun.org.apache.xerces.internal.impl.XMLDocumentScannerImpl.next(XMLDocumentScannerImpl.java:635) ~[?:?]
	at java.xml/com.sun.org.apache.xerces.internal.impl.XMLNSDocumentScannerImpl.next(XMLNSDocumentScannerImpl.java:113) ~[?:?]
	at java.xml/com.sun.org.apache.xerces.internal.impl.XMLDocumentFragmentScannerImpl.scanDocument(XMLDocumentFragmentScannerImpl.java:551) ~[?:?]
	at java.xml/com.sun.org.apache.xerces.internal.parsers.XML11Configuration.parse(XML11Configuration.java:890) ~[?:?]
	at java.xml/com.sun.org.apache.xerces.internal.parsers.XML11Configuration.parse(XML11Configuration.java:826) ~[?:?]
	at java.xml/com.sun.org.apache.xerces.internal.jaxp.validation.StreamValidatorHelper.validate(StreamValidatorHelper.java:176) ~[?:?]
	at java.xml/com.sun.org.apache.xerces.internal.jaxp.validation.ValidatorImpl.validate(ValidatorImpl.java:115) ~[?:?]
	at java.xml/javax.xml.validation.Validator.validate(Validator.java:124) ~[?:?]
	at edu.pitt.gallowdd.persephone.util.Utils.validateXmlFile(Utils.java:247) [main/:?]
	at edu.pitt.gallowdd.persephone.overseer.Overseer.calculateApproximateMemoryRequirementsForSyntheticEnvironment(Overseer.java:557) [main/:?]
	at edu.pitt.gallowdd.persephone.overseer.Overseer.initTaskSynthEnvArr(Overseer.java:233) [main/:?]
	at edu.pitt.gallowdd.persephone.overseer.Overseer.<init>(Overseer.java:153) [main/:?]
	at edu.pitt.gallowdd.persephone.overseer.Overseer.main(Overseer.java:441) [main/:?]
ERROR: 2024-11-11T09:38:17,425 [main] edu.pitt.gallowdd.persephone.util.Utils - org.xml.sax.SAXParseException; systemId: file:/Volumes/LaCie/Persephone_Synthetic_Environment/country/USA/Persephone.v1.0/01005/syntheticEnvironmentInfo.xml; lineNumber: 7; columnNumber: 17; cvc-complex-type.2.4.a: Invalid content was found starting with element 'identifier'. One of '{"http://persephone.gallowdd.pitt.edu/xml/synthenv":identifier}' is expected.
ERROR: 2024-11-11T09:38:17,431 [main] edu.pitt.gallowdd.persephone.util.Utils - ERR_XML_VALIDATION: There was an error when trying to Validate XML File: /Volumes/LaCie/Persephone_Synthetic_Environment/country/USA/Persephone.v1.0/01005/syntheticEnvironmentInfo.xml, against XML Schema file: schema/persephoneSyntheticEnvironment.xsd
org.xml.sax.SAXParseException: cvc-complex-type.2.4.a: Invalid content was found starting with element 'identifier'. One of '{"http://persephone.gallowdd.pitt.edu/xml/synthenv":identifier}' is expected.
	at java.xml/com.sun.org.apache.xerces.internal.util.ErrorHandlerWrapper.createSAXParseException(ErrorHandlerWrapper.java:204) ~[?:?]
	at java.xml/com.sun.org.apache.xerces.internal.util.ErrorHandlerWrapper.error(ErrorHandlerWrapper.java:135) ~[?:?]
	at java.xml/com.sun.org.apache.xerces.internal.impl.XMLErrorReporter.reportError(XMLErrorReporter.java:396) ~[?:?]
	at java.xml/com.sun.org.apache.xerces.internal.impl.XMLErrorReporter.reportError(XMLErrorReporter.java:327) ~[?:?]
	at java.xml/com.sun.org.apache.xerces.internal.impl.XMLErrorReporter.reportError(XMLErrorReporter.java:284) ~[?:?]
	at java.xml/com.sun.org.apache.xerces.internal.impl.xs.XMLSchemaValidator$XSIErrorReporter.reportError(XMLSchemaValidator.java:512) ~[?:?]
	at java.xml/com.sun.org.apache.xerces.internal.impl.xs.XMLSchemaValidator.reportSchemaError(XMLSchemaValidator.java:3596) ~[?:?]
	at java.xml/com.sun.org.apache.xerces.internal.impl.xs.XMLSchemaValidator.handleStartElement(XMLSchemaValidator.java:1972) ~[?:?]
	at java.xml/com.sun.org.apache.xerces.internal.impl.xs.XMLSchemaValidator.startElement(XMLSchemaValidator.java:830) ~[?:?]
	at java.xml/com.sun.org.apache.xerces.internal.impl.XMLNSDocumentScannerImpl.scanStartElement(XMLNSDocumentScannerImpl.java:375) ~[?:?]
	at java.xml/com.sun.org.apache.xerces.internal.impl.XMLDocumentFragmentScannerImpl$FragmentContentDriver.next(XMLDocumentFragmentScannerImpl.java:2735) ~[?:?]
	at java.xml/com.sun.org.apache.xerces.internal.impl.XMLDocumentScannerImpl.next(XMLDocumentScannerImpl.java:635) ~[?:?]
	at java.xml/com.sun.org.apache.xerces.internal.impl.XMLNSDocumentScannerImpl.next(XMLNSDocumentScannerImpl.java:113) ~[?:?]
	at java.xml/com.sun.org.apache.xerces.internal.impl.XMLDocumentFragmentScannerImpl.scanDocument(XMLDocumentFragmentScannerImpl.java:551) ~[?:?]
	at java.xml/com.sun.org.apache.xerces.internal.parsers.XML11Configuration.parse(XML11Configuration.java:890) ~[?:?]
	at java.xml/com.sun.org.apache.xerces.internal.parsers.XML11Configuration.parse(XML11Configuration.java:826) ~[?:?]
	at java.xml/com.sun.org.apache.xerces.internal.jaxp.validation.StreamValidatorHelper.validate(StreamValidatorHelper.java:176) ~[?:?]
	at java.xml/com.sun.org.apache.xerces.internal.jaxp.validation.ValidatorImpl.validate(ValidatorImpl.java:115) ~[?:?]
	at java.xml/javax.xml.validation.Validator.validate(Validator.java:124) ~[?:?]
	at edu.pitt.gallowdd.persephone.util.Utils.validateXmlFile(Utils.java:247) [main/:?]
	at edu.pitt.gallowdd.persephone.overseer.Overseer.calculateApproximateMemoryRequirementsForSyntheticEnvironment(Overseer.java:557) [main/:?]
	at edu.pitt.gallowdd.persephone.overseer.Overseer.initTaskSynthEnvArr(Overseer.java:233) [main/:?]
	at edu.pitt.gallowdd.persephone.overseer.Overseer.<init>(Overseer.java:153) [main/:?]
	at edu.pitt.gallowdd.persephone.overseer.Overseer.main(Overseer.java:441) [main/:?]
ERROR: 2024-11-11T09:38:17,476 [main] edu.pitt.gallowdd.persephone.util.Utils - org.xml.sax.SAXParseException; systemId: file:/Volumes/LaCie/Persephone_Synthetic_Environment/country/USA/Persephone.v1.0/01007/syntheticEnvironmentInfo.xml; lineNumber: 2; columnNumber: 81; cvc-elt.1.a: Cannot find the declaration of element 'synthetic_environment'.
ERROR: 2024-11-11T09:38:17,476 [main] edu.pitt.gallowdd.persephone.util.Utils - ERR_XML_VALIDATION: There was an error when trying to Validate XML File: /Volumes/LaCie/Persephone_Synthetic_Environment/country/USA/Persephone.v1.0/01007/syntheticEnvironmentInfo.xml, against XML Schema file: schema/persephoneSyntheticEnvironment.xsd
org.xml.sax.SAXParseException: cvc-elt.1.a: Cannot find the declaration of element 'synthetic_environment'.
	at java.xml/com.sun.org.apache.xerces.internal.util.ErrorHandlerWrapper.createSAXParseException(ErrorHandlerWrapper.java:204) ~[?:?]
	at java.xml/com.sun.org.apache.xerces.internal.util.ErrorHandlerWrapper.error(ErrorHandlerWrapper.java:135) ~[?:?]
	at java.xml/com.sun.org.apache.xerces.internal.impl.XMLErrorReporter.reportError(XMLErrorReporter.java:396) ~[?:?]
	at java.xml/com.sun.org.apache.xerces.internal.impl.XMLErrorReporter.reportError(XMLErrorReporter.java:327) ~[?:?]
	at java.xml/com.sun.org.apache.xerces.internal.impl.XMLErrorReporter.reportError(XMLErrorReporter.java:284) ~[?:?]
	at java.xml/com.sun.org.apache.xerces.internal.impl.xs.XMLSchemaValidator.handleStartElement(XMLSchemaValidator.java:2133) ~[?:?]
	at java.xml/com.sun.org.apache.xerces.internal.impl.xs.XMLSchemaValidator.startElement(XMLSchemaValidator.java:830) ~[?:?]
	at java.xml/com.sun.org.apache.xerces.internal.impl.XMLNSDocumentScannerImpl.scanStartElement(XMLNSDocumentScannerImpl.java:375) ~[?:?]
	at java.xml/com.sun.org.apache.xerces.internal.impl.XMLNSDocumentScannerImpl$NSContentDriver.scanRootElementHook(XMLNSDocumentScannerImpl.java:614) ~[?:?]
	at java.xml/com.sun.org.apache.xerces.internal.impl.XMLDocumentFragmentScannerImpl$FragmentContentDriver.next(XMLDocumentFragmentScannerImpl.java:3088) ~[?:?]
	at java.xml/com.sun.org.apache.xerces.internal.impl.XMLDocumentScannerImpl$PrologDriver.next(XMLDocumentScannerImpl.java:866) ~[?:?]
	at java.xml/com.sun.org.apache.xerces.internal.impl.XMLDocumentScannerImpl.next(XMLDocumentScannerImpl.java:635) ~[?:?]
	at java.xml/com.sun.org.apache.xerces.internal.impl.XMLNSDocumentScannerImpl.next(XMLNSDocumentScannerImpl.java:113) ~[?:?]
	at java.xml/com.sun.org.apache.xerces.internal.impl.XMLDocumentFragmentScannerImpl.scanDocument(XMLDocumentFragmentScannerImpl.java:551) ~[?:?]
	at java.xml/com.sun.org.apache.xerces.internal.parsers.XML11Configuration.parse(XML11Configuration.java:890) ~[?:?]
	at java.xml/com.sun.org.apache.xerces.internal.parsers.XML11Configuration.parse(XML11Configuration.java:826) ~[?:?]
	at java.xml/com.sun.org.apache.xerces.internal.jaxp.validation.StreamValidatorHelper.validate(StreamValidatorHelper.java:176) ~[?:?]
	at java.xml/com.sun.org.apache.xerces.internal.jaxp.validation.ValidatorImpl.validate(ValidatorImpl.java:115) ~[?:?]
	at java.xml/javax.xml.validation.Validator.validate(Validator.java:124) ~[?:?]
	at edu.pitt.gallowdd.persephone.util.Utils.validateXmlFile(Utils.java:247) [main/:?]
	at edu.pitt.gallowdd.persephone.overseer.Overseer.calculateApproximateMemoryRequirementsForSyntheticEnvironment(Overseer.java:557) [main/:?]
	at edu.pitt.gallowdd.persephone.overseer.Overseer.initTaskSynthEnvArr(Overseer.java:233) [main/:?]
	at edu.pitt.gallowdd.persephone.overseer.Overseer.<init>(Overseer.java:153) [main/:?]
	at edu.pitt.gallowdd.persephone.overseer.Overseer.main(Overseer.java:441) [main/:?]
ERROR: 2024-11-11T09:38:17,509 [main] edu.pitt.gallowdd.persephone.util.Utils - org.xml.sax.SAXParseException; systemId: file:/Volumes/LaCie/Persephone_Synthetic_Environment/country/USA/Persephone.v1.0/01009/syntheticEnvironmentInfo.xml; lineNumber: 2; columnNumber: 81; cvc-elt.1.a: Cannot find the declaration of element 'synthetic_environment'.
ERROR: 2024-11-11T09:38:17,509 [main] edu.pitt.gallowdd.persephone.util.Utils - ERR_XML_VALIDATION: There was an error when trying to Validate XML File: /Volumes/LaCie/Persephone_Synthetic_Environment/country/USA/Persephone.v1.0/01009/syntheticEnvironmentInfo.xml, against XML Schema file: schema/persephoneSyntheticEnvironment.xsd
org.xml.sax.SAXParseException: cvc-elt.1.a: Cannot find the declaration of element 'synthetic_environment'.
	at java.xml/com.sun.org.apache.xerces.internal.util.ErrorHandlerWrapper.createSAXParseException(ErrorHandlerWrapper.java:204) ~[?:?]
	at java.xml/com.sun.org.apache.xerces.internal.util.ErrorHandlerWrapper.error(ErrorHandlerWrapper.java:135) ~[?:?]
	at java.xml/com.sun.org.apache.xerces.internal.impl.XMLErrorReporter.reportError(XMLErrorReporter.java:396) ~[?:?]
	at java.xml/com.sun.org.apache.xerces.internal.impl.XMLErrorReporter.reportError(XMLErrorReporter.java:327) ~[?:?]
	at java.xml/com.sun.org.apache.xerces.internal.impl.XMLErrorReporter.reportError(XMLErrorReporter.java:284) ~[?:?]
	at java.xml/com.sun.org.apache.xerces.internal.impl.xs.XMLSchemaValidator.handleStartElement(XMLSchemaValidator.java:2133) ~[?:?]
	at java.xml/com.sun.org.apache.xerces.internal.impl.xs.XMLSchemaValidator.startElement(XMLSchemaValidator.java:830) ~[?:?]
	at java.xml/com.sun.org.apache.xerces.internal.impl.XMLNSDocumentScannerImpl.scanStartElement(XMLNSDocumentScannerImpl.java:375) ~[?:?]
	at java.xml/com.sun.org.apache.xerces.internal.impl.XMLNSDocumentScannerImpl$NSContentDriver.scanRootElementHook(XMLNSDocumentScannerImpl.java:614) ~[?:?]
	at java.xml/com.sun.org.apache.xerces.internal.impl.XMLDocumentFragmentScannerImpl$FragmentContentDriver.next(XMLDocumentFragmentScannerImpl.java:3088) ~[?:?]
	at java.xml/com.sun.org.apache.xerces.internal.impl.XMLDocumentScannerImpl$PrologDriver.next(XMLDocumentScannerImpl.java:866) ~[?:?]
	at java.xml/com.sun.org.apache.xerces.internal.impl.XMLDocumentScannerImpl.next(XMLDocumentScannerImpl.java:635) ~[?:?]
	at java.xml/com.sun.org.apache.xerces.internal.impl.XMLNSDocumentScannerImpl.next(XMLNSDocumentScannerImpl.java:113) ~[?:?]
	at java.xml/com.sun.org.apache.xerces.internal.impl.XMLDocumentFragmentScannerImpl.scanDocument(XMLDocumentFragmentScannerImpl.java:551) ~[?:?]
	at java.xml/com.sun.org.apache.xerces.internal.parsers.XML11Configuration.parse(XML11Configuration.java:890) ~[?:?]
	at java.xml/com.sun.org.apache.xerces.internal.parsers.XML11Configuration.parse(XML11Configuration.java:826) ~[?:?]
	at java.xml/com.sun.org.apache.xerces.internal.jaxp.validation.StreamValidatorHelper.validate(StreamValidatorHelper.java:176) ~[?:?]
	at java.xml/com.sun.org.apache.xerces.internal.jaxp.validation.ValidatorImpl.validate(ValidatorImpl.java:115) ~[?:?]
	at java.xml/javax.xml.validation.Validator.validate(Validator.java:124) ~[?:?]
	at edu.pitt.gallowdd.persephone.util.Utils.validateXmlFile(Utils.java:247) [main/:?]
	at edu.pitt.gallowdd.persephone.overseer.Overseer.calculateApproximateMemoryRequirementsForSyntheticEnvironment(Overseer.java:557) [main/:?]
	at edu.pitt.gallowdd.persephone.overseer.Overseer.initTaskSynthEnvArr(Overseer.java:233) [main/:?]
	at edu.pitt.gallowdd.persephone.overseer.Overseer.<init>(Overseer.java:153) [main/:?]
	at edu.pitt.gallowdd.persephone.overseer.Overseer.main(Overseer.java:441) [main/:?]
ERROR: 2024-11-11T09:38:17,547 [main] edu.pitt.gallowdd.persephone.util.Utils - org.xml.sax.SAXParseException; systemId: file:/Volumes/LaCie/Persephone_Synthetic_Environment/country/USA/Persephone.v1.0/01011/syntheticEnvironmentInfo.xml; lineNumber: 2; columnNumber: 81; cvc-elt.1.a: Cannot find the declaration of element 'synthetic_environment'.
ERROR: 2024-11-11T09:38:17,547 [main] edu.pitt.gallowdd.persephone.util.Utils - ERR_XML_VALIDATION: There was an error when trying to Validate XML File: /Volumes/LaCie/Persephone_Synthetic_Environment/country/USA/Persephone.v1.0/01011/syntheticEnvironmentInfo.xml, against XML Schema file: schema/persephoneSyntheticEnvironment.xsd
org.xml.sax.SAXParseException: cvc-elt.1.a: Cannot find the declaration of element 'synthetic_environment'.
	at java.xml/com.sun.org.apache.xerces.internal.util.ErrorHandlerWrapper.createSAXParseException(ErrorHandlerWrapper.java:204) ~[?:?]
	at java.xml/com.sun.org.apache.xerces.internal.util.ErrorHandlerWrapper.error(ErrorHandlerWrapper.java:135) ~[?:?]
	at java.xml/com.sun.org.apache.xerces.internal.impl.XMLErrorReporter.reportError(XMLErrorReporter.java:396) ~[?:?]
	at java.xml/com.sun.org.apache.xerces.internal.impl.XMLErrorReporter.reportError(XMLErrorReporter.java:327) ~[?:?]
	at java.xml/com.sun.org.apache.xerces.internal.impl.XMLErrorReporter.reportError(XMLErrorReporter.java:284) ~[?:?]
	at java.xml/com.sun.org.apache.xerces.internal.impl.xs.XMLSchemaValidator.handleStartElement(XMLSchemaValidator.java:2133) ~[?:?]
	at java.xml/com.sun.org.apache.xerces.internal.impl.xs.XMLSchemaValidator.startElement(XMLSchemaValidator.java:830) ~[?:?]
	at java.xml/com.sun.org.apache.xerces.internal.impl.XMLNSDocumentScannerImpl.scanStartElement(XMLNSDocumentScannerImpl.java:375) ~[?:?]
	at java.xml/com.sun.org.apache.xerces.internal.impl.XMLNSDocumentScannerImpl$NSContentDriver.scanRootElementHook(XMLNSDocumentScannerImpl.java:614) ~[?:?]
	at java.xml/com.sun.org.apache.xerces.internal.impl.XMLDocumentFragmentScannerImpl$FragmentContentDriver.next(XMLDocumentFragmentScannerImpl.java:3088) ~[?:?]
	at java.xml/com.sun.org.apache.xerces.internal.impl.XMLDocumentScannerImpl$PrologDriver.next(XMLDocumentScannerImpl.java:866) ~[?:?]
	at java.xml/com.sun.org.apache.xerces.internal.impl.XMLDocumentScannerImpl.next(XMLDocumentScannerImpl.java:635) ~[?:?]
	at java.xml/com.sun.org.apache.xerces.internal.impl.XMLNSDocumentScannerImpl.next(XMLNSDocumentScannerImpl.java:113) ~[?:?]
	at java.xml/com.sun.org.apache.xerces.internal.impl.XMLDocumentFragmentScannerImpl.scanDocument(XMLDocumentFragmentScannerImpl.java:551) ~[?:?]
	at java.xml/com.sun.org.apache.xerces.internal.parsers.XML11Configuration.parse(XML11Configuration.java:890) ~[?:?]
	at java.xml/com.sun.org.apache.xerces.internal.parsers.XML11Configuration.parse(XML11Configuration.java:826) ~[?:?]
	at java.xml/com.sun.org.apache.xerces.internal.jaxp.validation.StreamValidatorHelper.validate(StreamValidatorHelper.java:176) ~[?:?]
	at java.xml/com.sun.org.apache.xerces.internal.jaxp.validation.ValidatorImpl.validate(ValidatorImpl.java:115) ~[?:?]
	at java.xml/javax.xml.validation.Validator.validate(Validator.java:124) ~[?:?]
	at edu.pitt.gallowdd.persephone.util.Utils.validateXmlFile(Utils.java:247) [main/:?]
	at edu.pitt.gallowdd.persephone.overseer.Overseer.calculateApproximateMemoryRequirementsForSyntheticEnvironment(Overseer.java:557) [main/:?]
	at edu.pitt.gallowdd.persephone.overseer.Overseer.initTaskSynthEnvArr(Overseer.java:233) [main/:?]
	at edu.pitt.gallowdd.persephone.overseer.Overseer.<init>(Overseer.java:153) [main/:?]
	at edu.pitt.gallowdd.persephone.overseer.Overseer.main(Overseer.java:441) [main/:?]
ERROR: 2024-11-11T09:39:59,362 [main] edu.pitt.gallowdd.persephone.util.Utils - org.xml.sax.SAXParseException; systemId: file:/Volumes/LaCie/Persephone_Synthetic_Environment/country/USA/Persephone.v1.0/01005/syntheticEnvironmentInfo.xml; lineNumber: 7; columnNumber: 17; cvc-complex-type.2.4.a: Invalid content was found starting with element 'identifier'. One of '{"http://persephone.gallowdd.pitt.edu/xml/synthenv":identifier}' is expected.
ERROR: 2024-11-11T09:39:59,363 [main] edu.pitt.gallowdd.persephone.util.Utils - ERR_XML_VALIDATION: There was an error when trying to Validate XML File: /Volumes/LaCie/Persephone_Synthetic_Environment/country/USA/Persephone.v1.0/01005/syntheticEnvironmentInfo.xml, against XML Schema file: schema/persephoneSyntheticEnvironment.xsd
org.xml.sax.SAXParseException: cvc-complex-type.2.4.a: Invalid content was found starting with element 'identifier'. One of '{"http://persephone.gallowdd.pitt.edu/xml/synthenv":identifier}' is expected.
	at java.xml/com.sun.org.apache.xerces.internal.util.ErrorHandlerWrapper.createSAXParseException(ErrorHandlerWrapper.java:204) ~[?:?]
	at java.xml/com.sun.org.apache.xerces.internal.util.ErrorHandlerWrapper.error(ErrorHandlerWrapper.java:135) ~[?:?]
	at java.xml/com.sun.org.apache.xerces.internal.impl.XMLErrorReporter.reportError(XMLErrorReporter.java:396) ~[?:?]
	at java.xml/com.sun.org.apache.xerces.internal.impl.XMLErrorReporter.reportError(XMLErrorReporter.java:327) ~[?:?]
	at java.xml/com.sun.org.apache.xerces.internal.impl.XMLErrorReporter.reportError(XMLErrorReporter.java:284) ~[?:?]
	at java.xml/com.sun.org.apache.xerces.internal.impl.xs.XMLSchemaValidator$XSIErrorReporter.reportError(XMLSchemaValidator.java:512) ~[?:?]
	at java.xml/com.sun.org.apache.xerces.internal.impl.xs.XMLSchemaValidator.reportSchemaError(XMLSchemaValidator.java:3596) ~[?:?]
	at java.xml/com.sun.org.apache.xerces.internal.impl.xs.XMLSchemaValidator.handleStartElement(XMLSchemaValidator.java:1972) ~[?:?]
	at java.xml/com.sun.org.apache.xerces.internal.impl.xs.XMLSchemaValidator.startElement(XMLSchemaValidator.java:830) ~[?:?]
	at java.xml/com.sun.org.apache.xerces.internal.impl.XMLNSDocumentScannerImpl.scanStartElement(XMLNSDocumentScannerImpl.java:375) ~[?:?]
	at java.xml/com.sun.org.apache.xerces.internal.impl.XMLDocumentFragmentScannerImpl$FragmentContentDriver.next(XMLDocumentFragmentScannerImpl.java:2735) ~[?:?]
	at java.xml/com.sun.org.apache.xerces.internal.impl.XMLDocumentScannerImpl.next(XMLDocumentScannerImpl.java:635) ~[?:?]
	at java.xml/com.sun.org.apache.xerces.internal.impl.XMLNSDocumentScannerImpl.next(XMLNSDocumentScannerImpl.java:113) ~[?:?]
	at java.xml/com.sun.org.apache.xerces.internal.impl.XMLDocumentFragmentScannerImpl.scanDocument(XMLDocumentFragmentScannerImpl.java:551) ~[?:?]
	at java.xml/com.sun.org.apache.xerces.internal.parsers.XML11Configuration.parse(XML11Configuration.java:890) ~[?:?]
	at java.xml/com.sun.org.apache.xerces.internal.parsers.XML11Configuration.parse(XML11Configuration.java:826) ~[?:?]
	at java.xml/com.sun.org.apache.xerces.internal.jaxp.validation.StreamValidatorHelper.validate(StreamValidatorHelper.java:176) ~[?:?]
	at java.xml/com.sun.org.apache.xerces.internal.jaxp.validation.ValidatorImpl.validate(ValidatorImpl.java:115) ~[?:?]
	at java.xml/javax.xml.validation.Validator.validate(Validator.java:124) ~[?:?]
	at edu.pitt.gallowdd.persephone.util.Utils.validateXmlFile(Utils.java:247) [main/:?]
	at edu.pitt.gallowdd.persephone.overseer.Overseer.calculateApproximateMemoryRequirementsForSyntheticEnvironment(Overseer.java:557) [main/:?]
	at edu.pitt.gallowdd.persephone.overseer.Overseer.initTaskSynthEnvArr(Overseer.java:233) [main/:?]
	at edu.pitt.gallowdd.persephone.overseer.Overseer.<init>(Overseer.java:153) [main/:?]
	at edu.pitt.gallowdd.persephone.overseer.Overseer.main(Overseer.java:441) [main/:?]
ERROR: 2024-11-11T09:39:59,380 [main] edu.pitt.gallowdd.persephone.util.Utils - org.xml.sax.SAXParseException; systemId: file:/Volumes/LaCie/Persephone_Synthetic_Environment/country/USA/Persephone.v1.0/01007/syntheticEnvironmentInfo.xml; lineNumber: 2; columnNumber: 81; cvc-elt.1.a: Cannot find the declaration of element 'synthetic_environment'.
ERROR: 2024-11-11T09:39:59,380 [main] edu.pitt.gallowdd.persephone.util.Utils - ERR_XML_VALIDATION: There was an error when trying to Validate XML File: /Volumes/LaCie/Persephone_Synthetic_Environment/country/USA/Persephone.v1.0/01007/syntheticEnvironmentInfo.xml, against XML Schema file: schema/persephoneSyntheticEnvironment.xsd
org.xml.sax.SAXParseException: cvc-elt.1.a: Cannot find the declaration of element 'synthetic_environment'.
	at java.xml/com.sun.org.apache.xerces.internal.util.ErrorHandlerWrapper.createSAXParseException(ErrorHandlerWrapper.java:204) ~[?:?]
	at java.xml/com.sun.org.apache.xerces.internal.util.ErrorHandlerWrapper.error(ErrorHandlerWrapper.java:135) ~[?:?]
	at java.xml/com.sun.org.apache.xerces.internal.impl.XMLErrorReporter.reportError(XMLErrorReporter.java:396) ~[?:?]
	at java.xml/com.sun.org.apache.xerces.internal.impl.XMLErrorReporter.reportError(XMLErrorReporter.java:327) ~[?:?]
	at java.xml/com.sun.org.apache.xerces.internal.impl.XMLErrorReporter.reportError(XMLErrorReporter.java:284) ~[?:?]
	at java.xml/com.sun.org.apache.xerces.internal.impl.xs.XMLSchemaValidator.handleStartElement(XMLSchemaValidator.java:2133) ~[?:?]
	at java.xml/com.sun.org.apache.xerces.internal.impl.xs.XMLSchemaValidator.startElement(XMLSchemaValidator.java:830) ~[?:?]
	at java.xml/com.sun.org.apache.xerces.internal.impl.XMLNSDocumentScannerImpl.scanStartElement(XMLNSDocumentScannerImpl.java:375) ~[?:?]
	at java.xml/com.sun.org.apache.xerces.internal.impl.XMLNSDocumentScannerImpl$NSContentDriver.scanRootElementHook(XMLNSDocumentScannerImpl.java:614) ~[?:?]
	at java.xml/com.sun.org.apache.xerces.internal.impl.XMLDocumentFragmentScannerImpl$FragmentContentDriver.next(XMLDocumentFragmentScannerImpl.java:3088) ~[?:?]
	at java.xml/com.sun.org.apache.xerces.internal.impl.XMLDocumentScannerImpl$PrologDriver.next(XMLDocumentScannerImpl.java:866) ~[?:?]
	at java.xml/com.sun.org.apache.xerces.internal.impl.XMLDocumentScannerImpl.next(XMLDocumentScannerImpl.java:635) ~[?:?]
	at java.xml/com.sun.org.apache.xerces.internal.impl.XMLNSDocumentScannerImpl.next(XMLNSDocumentScannerImpl.java:113) ~[?:?]
	at java.xml/com.sun.org.apache.xerces.internal.impl.XMLDocumentFragmentScannerImpl.scanDocument(XMLDocumentFragmentScannerImpl.java:551) ~[?:?]
	at java.xml/com.sun.org.apache.xerces.internal.parsers.XML11Configuration.parse(XML11Configuration.java:890) ~[?:?]
	at java.xml/com.sun.org.apache.xerces.internal.parsers.XML11Configuration.parse(XML11Configuration.java:826) ~[?:?]
	at java.xml/com.sun.org.apache.xerces.internal.jaxp.validation.StreamValidatorHelper.validate(StreamValidatorHelper.java:176) ~[?:?]
	at java.xml/com.sun.org.apache.xerces.internal.jaxp.validation.ValidatorImpl.validate(ValidatorImpl.java:115) ~[?:?]
	at java.xml/javax.xml.validation.Validator.validate(Validator.java:124) ~[?:?]
	at edu.pitt.gallowdd.persephone.util.Utils.validateXmlFile(Utils.java:247) [main/:?]
	at edu.pitt.gallowdd.persephone.overseer.Overseer.calculateApproximateMemoryRequirementsForSyntheticEnvironment(Overseer.java:557) [main/:?]
	at edu.pitt.gallowdd.persephone.overseer.Overseer.initTaskSynthEnvArr(Overseer.java:233) [main/:?]
	at edu.pitt.gallowdd.persephone.overseer.Overseer.<init>(Overseer.java:153) [main/:?]
	at edu.pitt.gallowdd.persephone.overseer.Overseer.main(Overseer.java:441) [main/:?]
ERROR: 2024-11-11T09:39:59,388 [main] edu.pitt.gallowdd.persephone.util.Utils - org.xml.sax.SAXParseException; systemId: file:/Volumes/LaCie/Persephone_Synthetic_Environment/country/USA/Persephone.v1.0/01009/syntheticEnvironmentInfo.xml; lineNumber: 2; columnNumber: 81; cvc-elt.1.a: Cannot find the declaration of element 'synthetic_environment'.
ERROR: 2024-11-11T09:39:59,388 [main] edu.pitt.gallowdd.persephone.util.Utils - ERR_XML_VALIDATION: There was an error when trying to Validate XML File: /Volumes/LaCie/Persephone_Synthetic_Environment/country/USA/Persephone.v1.0/01009/syntheticEnvironmentInfo.xml, against XML Schema file: schema/persephoneSyntheticEnvironment.xsd
org.xml.sax.SAXParseException: cvc-elt.1.a: Cannot find the declaration of element 'synthetic_environment'.
	at java.xml/com.sun.org.apache.xerces.internal.util.ErrorHandlerWrapper.createSAXParseException(ErrorHandlerWrapper.java:204) ~[?:?]
	at java.xml/com.sun.org.apache.xerces.internal.util.ErrorHandlerWrapper.error(ErrorHandlerWrapper.java:135) ~[?:?]
	at java.xml/com.sun.org.apache.xerces.internal.impl.XMLErrorReporter.reportError(XMLErrorReporter.java:396) ~[?:?]
	at java.xml/com.sun.org.apache.xerces.internal.impl.XMLErrorReporter.reportError(XMLErrorReporter.java:327) ~[?:?]
	at java.xml/com.sun.org.apache.xerces.internal.impl.XMLErrorReporter.reportError(XMLErrorReporter.java:284) ~[?:?]
	at java.xml/com.sun.org.apache.xerces.internal.impl.xs.XMLSchemaValidator.handleStartElement(XMLSchemaValidator.java:2133) ~[?:?]
	at java.xml/com.sun.org.apache.xerces.internal.impl.xs.XMLSchemaValidator.startElement(XMLSchemaValidator.java:830) ~[?:?]
	at java.xml/com.sun.org.apache.xerces.internal.impl.XMLNSDocumentScannerImpl.scanStartElement(XMLNSDocumentScannerImpl.java:375) ~[?:?]
	at java.xml/com.sun.org.apache.xerces.internal.impl.XMLNSDocumentScannerImpl$NSContentDriver.scanRootElementHook(XMLNSDocumentScannerImpl.java:614) ~[?:?]
	at java.xml/com.sun.org.apache.xerces.internal.impl.XMLDocumentFragmentScannerImpl$FragmentContentDriver.next(XMLDocumentFragmentScannerImpl.java:3088) ~[?:?]
	at java.xml/com.sun.org.apache.xerces.internal.impl.XMLDocumentScannerImpl$PrologDriver.next(XMLDocumentScannerImpl.java:866) ~[?:?]
	at java.xml/com.sun.org.apache.xerces.internal.impl.XMLDocumentScannerImpl.next(XMLDocumentScannerImpl.java:635) ~[?:?]
	at java.xml/com.sun.org.apache.xerces.internal.impl.XMLNSDocumentScannerImpl.next(XMLNSDocumentScannerImpl.java:113) ~[?:?]
	at java.xml/com.sun.org.apache.xerces.internal.impl.XMLDocumentFragmentScannerImpl.scanDocument(XMLDocumentFragmentScannerImpl.java:551) ~[?:?]
	at java.xml/com.sun.org.apache.xerces.internal.parsers.XML11Configuration.parse(XML11Configuration.java:890) ~[?:?]
	at java.xml/com.sun.org.apache.xerces.internal.parsers.XML11Configuration.parse(XML11Configuration.java:826) ~[?:?]
	at java.xml/com.sun.org.apache.xerces.internal.jaxp.validation.StreamValidatorHelper.validate(StreamValidatorHelper.java:176) ~[?:?]
	at java.xml/com.sun.org.apache.xerces.internal.jaxp.validation.ValidatorImpl.validate(ValidatorImpl.java:115) ~[?:?]
	at java.xml/javax.xml.validation.Validator.validate(Validator.java:124) ~[?:?]
	at edu.pitt.gallowdd.persephone.util.Utils.validateXmlFile(Utils.java:247) [main/:?]
	at edu.pitt.gallowdd.persephone.overseer.Overseer.calculateApproximateMemoryRequirementsForSyntheticEnvironment(Overseer.java:557) [main/:?]
	at edu.pitt.gallowdd.persephone.overseer.Overseer.initTaskSynthEnvArr(Overseer.java:233) [main/:?]
	at edu.pitt.gallowdd.persephone.overseer.Overseer.<init>(Overseer.java:153) [main/:?]
	at edu.pitt.gallowdd.persephone.overseer.Overseer.main(Overseer.java:441) [main/:?]
ERROR: 2024-11-11T09:39:59,397 [main] edu.pitt.gallowdd.persephone.util.Utils - org.xml.sax.SAXParseException; systemId: file:/Volumes/LaCie/Persephone_Synthetic_Environment/country/USA/Persephone.v1.0/01011/syntheticEnvironmentInfo.xml; lineNumber: 2; columnNumber: 81; cvc-elt.1.a: Cannot find the declaration of element 'synthetic_environment'.
ERROR: 2024-11-11T09:39:59,397 [main] edu.pitt.gallowdd.persephone.util.Utils - ERR_XML_VALIDATION: There was an error when trying to Validate XML File: /Volumes/LaCie/Persephone_Synthetic_Environment/country/USA/Persephone.v1.0/01011/syntheticEnvironmentInfo.xml, against XML Schema file: schema/persephoneSyntheticEnvironment.xsd
org.xml.sax.SAXParseException: cvc-elt.1.a: Cannot find the declaration of element 'synthetic_environment'.
	at java.xml/com.sun.org.apache.xerces.internal.util.ErrorHandlerWrapper.createSAXParseException(ErrorHandlerWrapper.java:204) ~[?:?]
	at java.xml/com.sun.org.apache.xerces.internal.util.ErrorHandlerWrapper.error(ErrorHandlerWrapper.java:135) ~[?:?]
	at java.xml/com.sun.org.apache.xerces.internal.impl.XMLErrorReporter.reportError(XMLErrorReporter.java:396) ~[?:?]
	at java.xml/com.sun.org.apache.xerces.internal.impl.XMLErrorReporter.reportError(XMLErrorReporter.java:327) ~[?:?]
	at java.xml/com.sun.org.apache.xerces.internal.impl.XMLErrorReporter.reportError(XMLErrorReporter.java:284) ~[?:?]
	at java.xml/com.sun.org.apache.xerces.internal.impl.xs.XMLSchemaValidator.handleStartElement(XMLSchemaValidator.java:2133) ~[?:?]
	at java.xml/com.sun.org.apache.xerces.internal.impl.xs.XMLSchemaValidator.startElement(XMLSchemaValidator.java:830) ~[?:?]
	at java.xml/com.sun.org.apache.xerces.internal.impl.XMLNSDocumentScannerImpl.scanStartElement(XMLNSDocumentScannerImpl.java:375) ~[?:?]
	at java.xml/com.sun.org.apache.xerces.internal.impl.XMLNSDocumentScannerImpl$NSContentDriver.scanRootElementHook(XMLNSDocumentScannerImpl.java:614) ~[?:?]
	at java.xml/com.sun.org.apache.xerces.internal.impl.XMLDocumentFragmentScannerImpl$FragmentContentDriver.next(XMLDocumentFragmentScannerImpl.java:3088) ~[?:?]
	at java.xml/com.sun.org.apache.xerces.internal.impl.XMLDocumentScannerImpl$PrologDriver.next(XMLDocumentScannerImpl.java:866) ~[?:?]
	at java.xml/com.sun.org.apache.xerces.internal.impl.XMLDocumentScannerImpl.next(XMLDocumentScannerImpl.java:635) ~[?:?]
	at java.xml/com.sun.org.apache.xerces.internal.impl.XMLNSDocumentScannerImpl.next(XMLNSDocumentScannerImpl.java:113) ~[?:?]
	at java.xml/com.sun.org.apache.xerces.internal.impl.XMLDocumentFragmentScannerImpl.scanDocument(XMLDocumentFragmentScannerImpl.java:551) ~[?:?]
	at java.xml/com.sun.org.apache.xerces.internal.parsers.XML11Configuration.parse(XML11Configuration.java:890) ~[?:?]
	at java.xml/com.sun.org.apache.xerces.internal.parsers.XML11Configuration.parse(XML11Configuration.java:826) ~[?:?]
	at java.xml/com.sun.org.apache.xerces.internal.jaxp.validation.StreamValidatorHelper.validate(StreamValidatorHelper.java:176) ~[?:?]
	at java.xml/com.sun.org.apache.xerces.internal.jaxp.validation.ValidatorImpl.validate(ValidatorImpl.java:115) ~[?:?]
	at java.xml/javax.xml.validation.Validator.validate(Validator.java:124) ~[?:?]
	at edu.pitt.gallowdd.persephone.util.Utils.validateXmlFile(Utils.java:247) [main/:?]
	at edu.pitt.gallowdd.persephone.overseer.Overseer.calculateApproximateMemoryRequirementsForSyntheticEnvironment(Overseer.java:557) [main/:?]
	at edu.pitt.gallowdd.persephone.overseer.Overseer.initTaskSynthEnvArr(Overseer.java:233) [main/:?]
	at edu.pitt.gallowdd.persephone.overseer.Overseer.<init>(Overseer.java:153) [main/:?]
	at edu.pitt.gallowdd.persephone.overseer.Overseer.main(Overseer.java:441) [main/:?]
ERROR: 2024-11-11T09:41:18,215 [main] edu.pitt.gallowdd.persephone.util.Utils - org.xml.sax.SAXParseException; systemId: file:/Volumes/LaCie/Persephone_Synthetic_Environment/country/USA/Persephone.v1.0/01005/syntheticEnvironmentInfo.xml; lineNumber: 7; columnNumber: 17; cvc-complex-type.2.4.a: Invalid content was found starting with element 'identifier'. One of '{"http://persephone.gallowdd.pitt.edu/xml/synthenv":identifier}' is expected.
ERROR: 2024-11-11T09:41:18,217 [main] edu.pitt.gallowdd.persephone.util.Utils - ERR_XML_VALIDATION: There was an error when trying to Validate XML File: /Volumes/LaCie/Persephone_Synthetic_Environment/country/USA/Persephone.v1.0/01005/syntheticEnvironmentInfo.xml, against XML Schema file: schema/persephoneSyntheticEnvironment.xsd
org.xml.sax.SAXParseException: cvc-complex-type.2.4.a: Invalid content was found starting with element 'identifier'. One of '{"http://persephone.gallowdd.pitt.edu/xml/synthenv":identifier}' is expected.
	at java.xml/com.sun.org.apache.xerces.internal.util.ErrorHandlerWrapper.createSAXParseException(ErrorHandlerWrapper.java:204) ~[?:?]
	at java.xml/com.sun.org.apache.xerces.internal.util.ErrorHandlerWrapper.error(ErrorHandlerWrapper.java:135) ~[?:?]
	at java.xml/com.sun.org.apache.xerces.internal.impl.XMLErrorReporter.reportError(XMLErrorReporter.java:396) ~[?:?]
	at java.xml/com.sun.org.apache.xerces.internal.impl.XMLErrorReporter.reportError(XMLErrorReporter.java:327) ~[?:?]
	at java.xml/com.sun.org.apache.xerces.internal.impl.XMLErrorReporter.reportError(XMLErrorReporter.java:284) ~[?:?]
	at java.xml/com.sun.org.apache.xerces.internal.impl.xs.XMLSchemaValidator$XSIErrorReporter.reportError(XMLSchemaValidator.java:512) ~[?:?]
	at java.xml/com.sun.org.apache.xerces.internal.impl.xs.XMLSchemaValidator.reportSchemaError(XMLSchemaValidator.java:3596) ~[?:?]
	at java.xml/com.sun.org.apache.xerces.internal.impl.xs.XMLSchemaValidator.handleStartElement(XMLSchemaValidator.java:1972) ~[?:?]
	at java.xml/com.sun.org.apache.xerces.internal.impl.xs.XMLSchemaValidator.startElement(XMLSchemaValidator.java:830) ~[?:?]
	at java.xml/com.sun.org.apache.xerces.internal.impl.XMLNSDocumentScannerImpl.scanStartElement(XMLNSDocumentScannerImpl.java:375) ~[?:?]
	at java.xml/com.sun.org.apache.xerces.internal.impl.XMLDocumentFragmentScannerImpl$FragmentContentDriver.next(XMLDocumentFragmentScannerImpl.java:2735) ~[?:?]
	at java.xml/com.sun.org.apache.xerces.internal.impl.XMLDocumentScannerImpl.next(XMLDocumentScannerImpl.java:635) ~[?:?]
	at java.xml/com.sun.org.apache.xerces.internal.impl.XMLNSDocumentScannerImpl.next(XMLNSDocumentScannerImpl.java:113) ~[?:?]
	at java.xml/com.sun.org.apache.xerces.internal.impl.XMLDocumentFragmentScannerImpl.scanDocument(XMLDocumentFragmentScannerImpl.java:551) ~[?:?]
	at java.xml/com.sun.org.apache.xerces.internal.parsers.XML11Configuration.parse(XML11Configuration.java:890) ~[?:?]
	at java.xml/com.sun.org.apache.xerces.internal.parsers.XML11Configuration.parse(XML11Configuration.java:826) ~[?:?]
	at java.xml/com.sun.org.apache.xerces.internal.jaxp.validation.StreamValidatorHelper.validate(StreamValidatorHelper.java:176) ~[?:?]
	at java.xml/com.sun.org.apache.xerces.internal.jaxp.validation.ValidatorImpl.validate(ValidatorImpl.java:115) ~[?:?]
	at java.xml/javax.xml.validation.Validator.validate(Validator.java:124) ~[?:?]
	at edu.pitt.gallowdd.persephone.util.Utils.validateXmlFile(Utils.java:247) [main/:?]
	at edu.pitt.gallowdd.persephone.overseer.Overseer.calculateApproximateMemoryRequirementsForSyntheticEnvironment(Overseer.java:557) [main/:?]
	at edu.pitt.gallowdd.persephone.overseer.Overseer.initTaskSynthEnvArr(Overseer.java:233) [main/:?]
	at edu.pitt.gallowdd.persephone.overseer.Overseer.<init>(Overseer.java:153) [main/:?]
	at edu.pitt.gallowdd.persephone.overseer.Overseer.main(Overseer.java:441) [main/:?]
ERROR: 2024-11-11T09:41:18,250 [main] edu.pitt.gallowdd.persephone.util.Utils - org.xml.sax.SAXParseException; systemId: file:/Volumes/LaCie/Persephone_Synthetic_Environment/country/USA/Persephone.v1.0/01007/syntheticEnvironmentInfo.xml; lineNumber: 2; columnNumber: 81; cvc-elt.1.a: Cannot find the declaration of element 'synthetic_environment'.
ERROR: 2024-11-11T09:41:18,251 [main] edu.pitt.gallowdd.persephone.util.Utils - ERR_XML_VALIDATION: There was an error when trying to Validate XML File: /Volumes/LaCie/Persephone_Synthetic_Environment/country/USA/Persephone.v1.0/01007/syntheticEnvironmentInfo.xml, against XML Schema file: schema/persephoneSyntheticEnvironment.xsd
org.xml.sax.SAXParseException: cvc-elt.1.a: Cannot find the declaration of element 'synthetic_environment'.
	at java.xml/com.sun.org.apache.xerces.internal.util.ErrorHandlerWrapper.createSAXParseException(ErrorHandlerWrapper.java:204) ~[?:?]
	at java.xml/com.sun.org.apache.xerces.internal.util.ErrorHandlerWrapper.error(ErrorHandlerWrapper.java:135) ~[?:?]
	at java.xml/com.sun.org.apache.xerces.internal.impl.XMLErrorReporter.reportError(XMLErrorReporter.java:396) ~[?:?]
	at java.xml/com.sun.org.apache.xerces.internal.impl.XMLErrorReporter.reportError(XMLErrorReporter.java:327) ~[?:?]
	at java.xml/com.sun.org.apache.xerces.internal.impl.XMLErrorReporter.reportError(XMLErrorReporter.java:284) ~[?:?]
	at java.xml/com.sun.org.apache.xerces.internal.impl.xs.XMLSchemaValidator.handleStartElement(XMLSchemaValidator.java:2133) ~[?:?]
	at java.xml/com.sun.org.apache.xerces.internal.impl.xs.XMLSchemaValidator.startElement(XMLSchemaValidator.java:830) ~[?:?]
	at java.xml/com.sun.org.apache.xerces.internal.impl.XMLNSDocumentScannerImpl.scanStartElement(XMLNSDocumentScannerImpl.java:375) ~[?:?]
	at java.xml/com.sun.org.apache.xerces.internal.impl.XMLNSDocumentScannerImpl$NSContentDriver.scanRootElementHook(XMLNSDocumentScannerImpl.java:614) ~[?:?]
	at java.xml/com.sun.org.apache.xerces.internal.impl.XMLDocumentFragmentScannerImpl$FragmentContentDriver.next(XMLDocumentFragmentScannerImpl.java:3088) ~[?:?]
	at java.xml/com.sun.org.apache.xerces.internal.impl.XMLDocumentScannerImpl$PrologDriver.next(XMLDocumentScannerImpl.java:866) ~[?:?]
	at java.xml/com.sun.org.apache.xerces.internal.impl.XMLDocumentScannerImpl.next(XMLDocumentScannerImpl.java:635) ~[?:?]
	at java.xml/com.sun.org.apache.xerces.internal.impl.XMLNSDocumentScannerImpl.next(XMLNSDocumentScannerImpl.java:113) ~[?:?]
	at java.xml/com.sun.org.apache.xerces.internal.impl.XMLDocumentFragmentScannerImpl.scanDocument(XMLDocumentFragmentScannerImpl.java:551) ~[?:?]
	at java.xml/com.sun.org.apache.xerces.internal.parsers.XML11Configuration.parse(XML11Configuration.java:890) ~[?:?]
	at java.xml/com.sun.org.apache.xerces.internal.parsers.XML11Configuration.parse(XML11Configuration.java:826) ~[?:?]
	at java.xml/com.sun.org.apache.xerces.internal.jaxp.validation.StreamValidatorHelper.validate(StreamValidatorHelper.java:176) ~[?:?]
	at java.xml/com.sun.org.apache.xerces.internal.jaxp.validation.ValidatorImpl.validate(ValidatorImpl.java:115) ~[?:?]
	at java.xml/javax.xml.validation.Validator.validate(Validator.java:124) ~[?:?]
	at edu.pitt.gallowdd.persephone.util.Utils.validateXmlFile(Utils.java:247) [main/:?]
	at edu.pitt.gallowdd.persephone.overseer.Overseer.calculateApproximateMemoryRequirementsForSyntheticEnvironment(Overseer.java:557) [main/:?]
	at edu.pitt.gallowdd.persephone.overseer.Overseer.initTaskSynthEnvArr(Overseer.java:233) [main/:?]
	at edu.pitt.gallowdd.persephone.overseer.Overseer.<init>(Overseer.java:153) [main/:?]
	at edu.pitt.gallowdd.persephone.overseer.Overseer.main(Overseer.java:441) [main/:?]
ERROR: 2024-11-11T09:41:18,266 [main] edu.pitt.gallowdd.persephone.util.Utils - org.xml.sax.SAXParseException; systemId: file:/Volumes/LaCie/Persephone_Synthetic_Environment/country/USA/Persephone.v1.0/01009/syntheticEnvironmentInfo.xml; lineNumber: 2; columnNumber: 81; cvc-elt.1.a: Cannot find the declaration of element 'synthetic_environment'.
ERROR: 2024-11-11T09:41:18,266 [main] edu.pitt.gallowdd.persephone.util.Utils - ERR_XML_VALIDATION: There was an error when trying to Validate XML File: /Volumes/LaCie/Persephone_Synthetic_Environment/country/USA/Persephone.v1.0/01009/syntheticEnvironmentInfo.xml, against XML Schema file: schema/persephoneSyntheticEnvironment.xsd
org.xml.sax.SAXParseException: cvc-elt.1.a: Cannot find the declaration of element 'synthetic_environment'.
	at java.xml/com.sun.org.apache.xerces.internal.util.ErrorHandlerWrapper.createSAXParseException(ErrorHandlerWrapper.java:204) ~[?:?]
	at java.xml/com.sun.org.apache.xerces.internal.util.ErrorHandlerWrapper.error(ErrorHandlerWrapper.java:135) ~[?:?]
	at java.xml/com.sun.org.apache.xerces.internal.impl.XMLErrorReporter.reportError(XMLErrorReporter.java:396) ~[?:?]
	at java.xml/com.sun.org.apache.xerces.internal.impl.XMLErrorReporter.reportError(XMLErrorReporter.java:327) ~[?:?]
	at java.xml/com.sun.org.apache.xerces.internal.impl.XMLErrorReporter.reportError(XMLErrorReporter.java:284) ~[?:?]
	at java.xml/com.sun.org.apache.xerces.internal.impl.xs.XMLSchemaValidator.handleStartElement(XMLSchemaValidator.java:2133) ~[?:?]
	at java.xml/com.sun.org.apache.xerces.internal.impl.xs.XMLSchemaValidator.startElement(XMLSchemaValidator.java:830) ~[?:?]
	at java.xml/com.sun.org.apache.xerces.internal.impl.XMLNSDocumentScannerImpl.scanStartElement(XMLNSDocumentScannerImpl.java:375) ~[?:?]
	at java.xml/com.sun.org.apache.xerces.internal.impl.XMLNSDocumentScannerImpl$NSContentDriver.scanRootElementHook(XMLNSDocumentScannerImpl.java:614) ~[?:?]
	at java.xml/com.sun.org.apache.xerces.internal.impl.XMLDocumentFragmentScannerImpl$FragmentContentDriver.next(XMLDocumentFragmentScannerImpl.java:3088) ~[?:?]
	at java.xml/com.sun.org.apache.xerces.internal.impl.XMLDocumentScannerImpl$PrologDriver.next(XMLDocumentScannerImpl.java:866) ~[?:?]
	at java.xml/com.sun.org.apache.xerces.internal.impl.XMLDocumentScannerImpl.next(XMLDocumentScannerImpl.java:635) ~[?:?]
	at java.xml/com.sun.org.apache.xerces.internal.impl.XMLNSDocumentScannerImpl.next(XMLNSDocumentScannerImpl.java:113) ~[?:?]
	at java.xml/com.sun.org.apache.xerces.internal.impl.XMLDocumentFragmentScannerImpl.scanDocument(XMLDocumentFragmentScannerImpl.java:551) ~[?:?]
	at java.xml/com.sun.org.apache.xerces.internal.parsers.XML11Configuration.parse(XML11Configuration.java:890) ~[?:?]
	at java.xml/com.sun.org.apache.xerces.internal.parsers.XML11Configuration.parse(XML11Configuration.java:826) ~[?:?]
	at java.xml/com.sun.org.apache.xerces.internal.jaxp.validation.StreamValidatorHelper.validate(StreamValidatorHelper.java:176) ~[?:?]
	at java.xml/com.sun.org.apache.xerces.internal.jaxp.validation.ValidatorImpl.validate(ValidatorImpl.java:115) ~[?:?]
	at java.xml/javax.xml.validation.Validator.validate(Validator.java:124) ~[?:?]
	at edu.pitt.gallowdd.persephone.util.Utils.validateXmlFile(Utils.java:247) [main/:?]
	at edu.pitt.gallowdd.persephone.overseer.Overseer.calculateApproximateMemoryRequirementsForSyntheticEnvironment(Overseer.java:557) [main/:?]
	at edu.pitt.gallowdd.persephone.overseer.Overseer.initTaskSynthEnvArr(Overseer.java:233) [main/:?]
	at edu.pitt.gallowdd.persephone.overseer.Overseer.<init>(Overseer.java:153) [main/:?]
	at edu.pitt.gallowdd.persephone.overseer.Overseer.main(Overseer.java:441) [main/:?]
ERROR: 2024-11-11T09:41:18,279 [main] edu.pitt.gallowdd.persephone.util.Utils - org.xml.sax.SAXParseException; systemId: file:/Volumes/LaCie/Persephone_Synthetic_Environment/country/USA/Persephone.v1.0/01011/syntheticEnvironmentInfo.xml; lineNumber: 2; columnNumber: 81; cvc-elt.1.a: Cannot find the declaration of element 'synthetic_environment'.
ERROR: 2024-11-11T09:41:18,279 [main] edu.pitt.gallowdd.persephone.util.Utils - ERR_XML_VALIDATION: There was an error when trying to Validate XML File: /Volumes/LaCie/Persephone_Synthetic_Environment/country/USA/Persephone.v1.0/01011/syntheticEnvironmentInfo.xml, against XML Schema file: schema/persephoneSyntheticEnvironment.xsd
org.xml.sax.SAXParseException: cvc-elt.1.a: Cannot find the declaration of element 'synthetic_environment'.
	at java.xml/com.sun.org.apache.xerces.internal.util.ErrorHandlerWrapper.createSAXParseException(ErrorHandlerWrapper.java:204) ~[?:?]
	at java.xml/com.sun.org.apache.xerces.internal.util.ErrorHandlerWrapper.error(ErrorHandlerWrapper.java:135) ~[?:?]
	at java.xml/com.sun.org.apache.xerces.internal.impl.XMLErrorReporter.reportError(XMLErrorReporter.java:396) ~[?:?]
	at java.xml/com.sun.org.apache.xerces.internal.impl.XMLErrorReporter.reportError(XMLErrorReporter.java:327) ~[?:?]
	at java.xml/com.sun.org.apache.xerces.internal.impl.XMLErrorReporter.reportError(XMLErrorReporter.java:284) ~[?:?]
	at java.xml/com.sun.org.apache.xerces.internal.impl.xs.XMLSchemaValidator.handleStartElement(XMLSchemaValidator.java:2133) ~[?:?]
	at java.xml/com.sun.org.apache.xerces.internal.impl.xs.XMLSchemaValidator.startElement(XMLSchemaValidator.java:830) ~[?:?]
	at java.xml/com.sun.org.apache.xerces.internal.impl.XMLNSDocumentScannerImpl.scanStartElement(XMLNSDocumentScannerImpl.java:375) ~[?:?]
	at java.xml/com.sun.org.apache.xerces.internal.impl.XMLNSDocumentScannerImpl$NSContentDriver.scanRootElementHook(XMLNSDocumentScannerImpl.java:614) ~[?:?]
	at java.xml/com.sun.org.apache.xerces.internal.impl.XMLDocumentFragmentScannerImpl$FragmentContentDriver.next(XMLDocumentFragmentScannerImpl.java:3088) ~[?:?]
	at java.xml/com.sun.org.apache.xerces.internal.impl.XMLDocumentScannerImpl$PrologDriver.next(XMLDocumentScannerImpl.java:866) ~[?:?]
	at java.xml/com.sun.org.apache.xerces.internal.impl.XMLDocumentScannerImpl.next(XMLDocumentScannerImpl.java:635) ~[?:?]
	at java.xml/com.sun.org.apache.xerces.internal.impl.XMLNSDocumentScannerImpl.next(XMLNSDocumentScannerImpl.java:113) ~[?:?]
	at java.xml/com.sun.org.apache.xerces.internal.impl.XMLDocumentFragmentScannerImpl.scanDocument(XMLDocumentFragmentScannerImpl.java:551) ~[?:?]
	at java.xml/com.sun.org.apache.xerces.internal.parsers.XML11Configuration.parse(XML11Configuration.java:890) ~[?:?]
	at java.xml/com.sun.org.apache.xerces.internal.parsers.XML11Configuration.parse(XML11Configuration.java:826) ~[?:?]
	at java.xml/com.sun.org.apache.xerces.internal.jaxp.validation.StreamValidatorHelper.validate(StreamValidatorHelper.java:176) ~[?:?]
	at java.xml/com.sun.org.apache.xerces.internal.jaxp.validation.ValidatorImpl.validate(ValidatorImpl.java:115) ~[?:?]
	at java.xml/javax.xml.validation.Validator.validate(Validator.java:124) ~[?:?]
	at edu.pitt.gallowdd.persephone.util.Utils.validateXmlFile(Utils.java:247) [main/:?]
	at edu.pitt.gallowdd.persephone.overseer.Overseer.calculateApproximateMemoryRequirementsForSyntheticEnvironment(Overseer.java:557) [main/:?]
	at edu.pitt.gallowdd.persephone.overseer.Overseer.initTaskSynthEnvArr(Overseer.java:233) [main/:?]
	at edu.pitt.gallowdd.persephone.overseer.Overseer.<init>(Overseer.java:153) [main/:?]
	at edu.pitt.gallowdd.persephone.overseer.Overseer.main(Overseer.java:441) [main/:?]
